<?xml version="1.0" encoding="UTF-8"?>
<!-- Generated by org.testng.reporters.JUnitXMLReporter -->
<testsuite ignored="3" hostname="Shrishti_BT" failures="0" tests="6" name="Basic_2" time="0.054" errors="0" timestamp="2023-05-24T16:44:17 IST">
  <testcase classname="TestNGFramework.Basic_2" name="seventh" time="0.002"/>
  <testcase classname="TestNGFramework.Basic_2" name="sixth" time="0.004"/>
  <testcase classname="TestNGFramework.Basic_2" name="ninth" time="0.002"/>
  <testcase classname="TestNGFramework.Basic_2" name="ninth" time="0.003"/>
  <testcase classname="TestNGFramework.Basic_2" name="ninth" time="0.002"/>
  <testcase classname="TestNGFramework.Basic_2" name="eight" time="0.002"/>
  <testcase classname="TestNGFramework.Basic_2" name="forth" time="0.0">
    <ignored/>
  </testcase> <!-- forth -->
  <testcase classname="TestNGFramework.Basic_2" name="fifth" time="0.0">
    <ignored/>
  </testcase> <!-- fifth -->
  <testcase classname="TestNGFramework.Basic_2" name="tenth" time="0.0">
    <ignored/>
  </testcase> <!-- tenth -->
</testsuite> <!-- Basic_2 -->
