<?xml version="1.0" encoding="UTF-8"?>
<!-- Generated by org.testng.reporters.JUnitXMLReporter -->
<testsuite ignored="4" hostname="Shrishti_BT" failures="0" tests="6" name="Test" time="0.127" errors="0" timestamp="2023-05-23T19:10:04 IST">
  <testcase classname="TestNGFramework.basic" name="first" time="0.006"/>
  <testcase classname="TestNGFramework.Basic_2" name="fifth" time="0.002"/>
  <testcase classname="TestNGFramework.Basic_2" name="forth" time="0.003"/>
  <testcase classname="TestNGFramework.Basic_2" name="sixth" time="0.003"/>
  <testcase classname="TestNGFramework.Basic_2" name="seventh" time="0.003"/>
  <testcase classname="TestNGFramework.Basic_2" name="eight" time="0.004"/>
  <testcase classname="TestNGFramework.basic" name="second" time="0.0">
    <ignored/>
  </testcase> <!-- second -->
  <testcase classname="TestNGFramework.Basic_2" name="ninth" time="0.0">
    <ignored/>
  </testcase> <!-- ninth -->
  <testcase classname="TestNGFramework.Basic_1" name="third" time="0.0">
    <ignored/>
  </testcase> <!-- third -->
  <testcase classname="TestNGFramework.Basic_2" name="tenth" time="0.0">
    <ignored/>
  </testcase> <!-- tenth -->
</testsuite> <!-- Test -->
