<?xml version="1.0" encoding="UTF-8"?>
<testng-results ignored="0" total="1000" passed="1000" failed="0" skipped="0">
  <reporter-output>
  </reporter-output>
  <suite started-at="2023-06-12T17:23:56 IST" name="Default suite" finished-at="2023-06-12T17:23:58 IST" duration-ms="1826">
    <groups>
    </groups>
    <test started-at="2023-06-12T17:23:56 IST" name="Default test" finished-at="2023-06-12T17:23:58 IST" duration-ms="1826">
      <class name="ECommerce.tests.ReadUnamePwdFromExcel">
        <test-method signature="ReadFromExcel(java.lang.String,java.lang.String)[pri:0, instance:ECommerce.tests.ReadUnamePwdFromExcel@eadd4fb]" started-at="2023-06-12T17:23:57 IST" name="ReadFromExcel" data-provider="readfromexcel" finished-at="2023-06-12T17:23:57 IST" duration-ms="9" status="PASS">
          <params>
            <param index="0">
              <value>
                <![CDATA[rhugill0@geocities.com]]>
              </value>
            </param>
            <param index="1">
              <value>
                <![CDATA[wF7}jzf2hh=5k]]>
              </value>
            </param>
          </params>
          <reporter-output>
          </reporter-output>
        </test-method> <!-- ReadFromExcel -->
        <test-method signature="ReadFromExcel(java.lang.String,java.lang.String)[pri:0, instance:ECommerce.tests.ReadUnamePwdFromExcel@eadd4fb]" started-at="2023-06-12T17:23:57 IST" name="ReadFromExcel" data-provider="readfromexcel" finished-at="2023-06-12T17:23:57 IST" duration-ms="2" status="PASS">
          <params>
            <param index="0">
              <value>
                <![CDATA[frenshall1@yale.edu]]>
              </value>
            </param>
            <param index="1">
              <value>
                <![CDATA[lL9{j+.<4pity]]>
              </value>
            </param>
          </params>
          <reporter-output>
          </reporter-output>
        </test-method> <!-- ReadFromExcel -->
        <test-method signature="ReadFromExcel(java.lang.String,java.lang.String)[pri:0, instance:ECommerce.tests.ReadUnamePwdFromExcel@eadd4fb]" started-at="2023-06-12T17:23:57 IST" name="ReadFromExcel" data-provider="readfromexcel" finished-at="2023-06-12T17:23:57 IST" duration-ms="5" status="PASS">
          <params>
            <param index="0">
              <value>
                <![CDATA[jguerrier2@sakura.ne.jp]]>
              </value>
            </param>
            <param index="1">
              <value>
                <![CDATA[wU9_%#p0yd<]]>
              </value>
            </param>
          </params>
          <reporter-output>
          </reporter-output>
        </test-method> <!-- ReadFromExcel -->
        <test-method signature="ReadFromExcel(java.lang.String,java.lang.String)[pri:0, instance:ECommerce.tests.ReadUnamePwdFromExcel@eadd4fb]" started-at="2023-06-12T17:23:57 IST" name="ReadFromExcel" data-provider="readfromexcel" finished-at="2023-06-12T17:23:57 IST" duration-ms="4" status="PASS">
          <params>
            <param index="0">
              <value>
                <![CDATA[dpapaminas3@theglobeandmail.com]]>
              </value>
            </param>
            <param index="1">
              <value>
                <![CDATA[wX0@bI~o8_ND]]>
              </value>
            </param>
          </params>
          <reporter-output>
          </reporter-output>
        </test-method> <!-- ReadFromExcel -->
        <test-method signature="ReadFromExcel(java.lang.String,java.lang.String)[pri:0, instance:ECommerce.tests.ReadUnamePwdFromExcel@eadd4fb]" started-at="2023-06-12T17:23:57 IST" name="ReadFromExcel" data-provider="readfromexcel" finished-at="2023-06-12T17:23:57 IST" duration-ms="3" status="PASS">
          <params>
            <param index="0">
              <value>
                <![CDATA[tbryce4@miibeian.gov.cn]]>
              </value>
            </param>
            <param index="1">
              <value>
                <![CDATA[yX6!2ybR]]>
              </value>
            </param>
          </params>
          <reporter-output>
          </reporter-output>
        </test-method> <!-- ReadFromExcel -->
        <test-method signature="ReadFromExcel(java.lang.String,java.lang.String)[pri:0, instance:ECommerce.tests.ReadUnamePwdFromExcel@eadd4fb]" started-at="2023-06-12T17:23:57 IST" name="ReadFromExcel" data-provider="readfromexcel" finished-at="2023-06-12T17:23:57 IST" duration-ms="3" status="PASS">
          <params>
            <param index="0">
              <value>
                <![CDATA[bmichell5@examiner.com]]>
              </value>
            </param>
            <param index="1">
              <value>
                <![CDATA[sD2%)NTaqpp|]]>
              </value>
            </param>
          </params>
          <reporter-output>
          </reporter-output>
        </test-method> <!-- ReadFromExcel -->
        <test-method signature="ReadFromExcel(java.lang.String,java.lang.String)[pri:0, instance:ECommerce.tests.ReadUnamePwdFromExcel@eadd4fb]" started-at="2023-06-12T17:23:57 IST" name="ReadFromExcel" data-provider="readfromexcel" finished-at="2023-06-12T17:23:57 IST" duration-ms="2" status="PASS">
          <params>
            <param index="0">
              <value>
                <![CDATA[alottrington6@nymag.com]]>
              </value>
            </param>
            <param index="1">
              <value>
                <![CDATA[dE8#}UqIyia]]>
              </value>
            </param>
          </params>
          <reporter-output>
          </reporter-output>
        </test-method> <!-- ReadFromExcel -->
        <test-method signature="ReadFromExcel(java.lang.String,java.lang.String)[pri:0, instance:ECommerce.tests.ReadUnamePwdFromExcel@eadd4fb]" started-at="2023-06-12T17:23:57 IST" name="ReadFromExcel" data-provider="readfromexcel" finished-at="2023-06-12T17:23:57 IST" duration-ms="4" status="PASS">
          <params>
            <param index="0">
              <value>
                <![CDATA[rgrumley7@naver.com]]>
              </value>
            </param>
            <param index="1">
              <value>
                <![CDATA[mU9@JEIj"]]>
              </value>
            </param>
          </params>
          <reporter-output>
          </reporter-output>
        </test-method> <!-- ReadFromExcel -->
        <test-method signature="ReadFromExcel(java.lang.String,java.lang.String)[pri:0, instance:ECommerce.tests.ReadUnamePwdFromExcel@eadd4fb]" started-at="2023-06-12T17:23:57 IST" name="ReadFromExcel" data-provider="readfromexcel" finished-at="2023-06-12T17:23:57 IST" duration-ms="3" status="PASS">
          <params>
            <param index="0">
              <value>
                <![CDATA[mmccutcheon8@exblog.jp]]>
              </value>
            </param>
            <param index="1">
              <value>
                <![CDATA[dF7>76}p`o]]>
              </value>
            </param>
          </params>
          <reporter-output>
          </reporter-output>
        </test-method> <!-- ReadFromExcel -->
        <test-method signature="ReadFromExcel(java.lang.String,java.lang.String)[pri:0, instance:ECommerce.tests.ReadUnamePwdFromExcel@eadd4fb]" started-at="2023-06-12T17:23:57 IST" name="ReadFromExcel" data-provider="readfromexcel" finished-at="2023-06-12T17:23:57 IST" duration-ms="2" status="PASS">
          <params>
            <param index="0">
              <value>
                <![CDATA[mfirminger9@clickbank.net]]>
              </value>
            </param>
            <param index="1">
              <value>
                <![CDATA[cU1<Nu_X]]>
              </value>
            </param>
          </params>
          <reporter-output>
          </reporter-output>
        </test-method> <!-- ReadFromExcel -->
        <test-method signature="ReadFromExcel(java.lang.String,java.lang.String)[pri:0, instance:ECommerce.tests.ReadUnamePwdFromExcel@eadd4fb]" started-at="2023-06-12T17:23:57 IST" name="ReadFromExcel" data-provider="readfromexcel" finished-at="2023-06-12T17:23:57 IST" duration-ms="2" status="PASS">
          <params>
            <param index="0">
              <value>
                <![CDATA[tstuckea@cbslocal.com]]>
              </value>
            </param>
            <param index="1">
              <value>
                <![CDATA[eY8(.08VMCUTk`l"]]>
              </value>
            </param>
          </params>
          <reporter-output>
          </reporter-output>
        </test-method> <!-- ReadFromExcel -->
        <test-method signature="ReadFromExcel(java.lang.String,java.lang.String)[pri:0, instance:ECommerce.tests.ReadUnamePwdFromExcel@eadd4fb]" started-at="2023-06-12T17:23:57 IST" name="ReadFromExcel" data-provider="readfromexcel" finished-at="2023-06-12T17:23:57 IST" duration-ms="3" status="PASS">
          <params>
            <param index="0">
              <value>
                <![CDATA[fsevenb@adobe.com]]>
              </value>
            </param>
            <param index="1">
              <value>
                <![CDATA[jW2*Tu)#<ls]]>
              </value>
            </param>
          </params>
          <reporter-output>
          </reporter-output>
        </test-method> <!-- ReadFromExcel -->
        <test-method signature="ReadFromExcel(java.lang.String,java.lang.String)[pri:0, instance:ECommerce.tests.ReadUnamePwdFromExcel@eadd4fb]" started-at="2023-06-12T17:23:57 IST" name="ReadFromExcel" data-provider="readfromexcel" finished-at="2023-06-12T17:23:57 IST" duration-ms="0" status="PASS">
          <params>
            <param index="0">
              <value>
                <![CDATA[mpearcec@netlog.com]]>
              </value>
            </param>
            <param index="1">
              <value>
                <![CDATA[mB0\>a,j]]>
              </value>
            </param>
          </params>
          <reporter-output>
          </reporter-output>
        </test-method> <!-- ReadFromExcel -->
        <test-method signature="ReadFromExcel(java.lang.String,java.lang.String)[pri:0, instance:ECommerce.tests.ReadUnamePwdFromExcel@eadd4fb]" started-at="2023-06-12T17:23:57 IST" name="ReadFromExcel" data-provider="readfromexcel" finished-at="2023-06-12T17:23:57 IST" duration-ms="1" status="PASS">
          <params>
            <param index="0">
              <value>
                <![CDATA[icockerhamd@oakley.com]]>
              </value>
            </param>
            <param index="1">
              <value>
                <![CDATA[eG5@/RHs_s$UPar]]>
              </value>
            </param>
          </params>
          <reporter-output>
          </reporter-output>
        </test-method> <!-- ReadFromExcel -->
        <test-method signature="ReadFromExcel(java.lang.String,java.lang.String)[pri:0, instance:ECommerce.tests.ReadUnamePwdFromExcel@eadd4fb]" started-at="2023-06-12T17:23:57 IST" name="ReadFromExcel" data-provider="readfromexcel" finished-at="2023-06-12T17:23:57 IST" duration-ms="1" status="PASS">
          <params>
            <param index="0">
              <value>
                <![CDATA[larmelle@issuu.com]]>
              </value>
            </param>
            <param index="1">
              <value>
                <![CDATA[xH3+IV2s64P@4]]>
              </value>
            </param>
          </params>
          <reporter-output>
          </reporter-output>
        </test-method> <!-- ReadFromExcel -->
        <test-method signature="ReadFromExcel(java.lang.String,java.lang.String)[pri:0, instance:ECommerce.tests.ReadUnamePwdFromExcel@eadd4fb]" started-at="2023-06-12T17:23:57 IST" name="ReadFromExcel" data-provider="readfromexcel" finished-at="2023-06-12T17:23:57 IST" duration-ms="4" status="PASS">
          <params>
            <param index="0">
              <value>
                <![CDATA[ebotrightf@mit.edu]]>
              </value>
            </param>
            <param index="1">
              <value>
                <![CDATA[zI7`nl`G./BH]]>
              </value>
            </param>
          </params>
          <reporter-output>
          </reporter-output>
        </test-method> <!-- ReadFromExcel -->
        <test-method signature="ReadFromExcel(java.lang.String,java.lang.String)[pri:0, instance:ECommerce.tests.ReadUnamePwdFromExcel@eadd4fb]" started-at="2023-06-12T17:23:57 IST" name="ReadFromExcel" data-provider="readfromexcel" finished-at="2023-06-12T17:23:57 IST" duration-ms="1" status="PASS">
          <params>
            <param index="0">
              <value>
                <![CDATA[josgoodg@sina.com.cn]]>
              </value>
            </param>
            <param index="1">
              <value>
                <![CDATA[bC8\+Br\y]]>
              </value>
            </param>
          </params>
          <reporter-output>
          </reporter-output>
        </test-method> <!-- ReadFromExcel -->
        <test-method signature="ReadFromExcel(java.lang.String,java.lang.String)[pri:0, instance:ECommerce.tests.ReadUnamePwdFromExcel@eadd4fb]" started-at="2023-06-12T17:23:57 IST" name="ReadFromExcel" data-provider="readfromexcel" finished-at="2023-06-12T17:23:57 IST" duration-ms="1" status="PASS">
          <params>
            <param index="0">
              <value>
                <![CDATA[msalvadorih@chronoengine.com]]>
              </value>
            </param>
            <param index="1">
              <value>
                <![CDATA[gJ5|VuP*1/.&]]>
              </value>
            </param>
          </params>
          <reporter-output>
          </reporter-output>
        </test-method> <!-- ReadFromExcel -->
        <test-method signature="ReadFromExcel(java.lang.String,java.lang.String)[pri:0, instance:ECommerce.tests.ReadUnamePwdFromExcel@eadd4fb]" started-at="2023-06-12T17:23:57 IST" name="ReadFromExcel" data-provider="readfromexcel" finished-at="2023-06-12T17:23:57 IST" duration-ms="1" status="PASS">
          <params>
            <param index="0">
              <value>
                <![CDATA[dbargi@vk.com]]>
              </value>
            </param>
            <param index="1">
              <value>
                <![CDATA[sY5"SHkb0]]>
              </value>
            </param>
          </params>
          <reporter-output>
          </reporter-output>
        </test-method> <!-- ReadFromExcel -->
        <test-method signature="ReadFromExcel(java.lang.String,java.lang.String)[pri:0, instance:ECommerce.tests.ReadUnamePwdFromExcel@eadd4fb]" started-at="2023-06-12T17:23:57 IST" name="ReadFromExcel" data-provider="readfromexcel" finished-at="2023-06-12T17:23:57 IST" duration-ms="2" status="PASS">
          <params>
            <param index="0">
              <value>
                <![CDATA[]]>
              </value>
            </param>
            <param index="1">
              <value>
                <![CDATA[]]>
              </value>
            </param>
          </params>
          <reporter-output>
          </reporter-output>
        </test-method> <!-- ReadFromExcel -->
        <test-method signature="ReadFromExcel(java.lang.String,java.lang.String)[pri:0, instance:ECommerce.tests.ReadUnamePwdFromExcel@eadd4fb]" started-at="2023-06-12T17:23:57 IST" name="ReadFromExcel" data-provider="readfromexcel" finished-at="2023-06-12T17:23:57 IST" duration-ms="1" status="PASS">
          <params>
            <param index="0">
              <value>
                <![CDATA[]]>
              </value>
            </param>
            <param index="1">
              <value>
                <![CDATA[]]>
              </value>
            </param>
          </params>
          <reporter-output>
          </reporter-output>
        </test-method> <!-- ReadFromExcel -->
        <test-method signature="ReadFromExcel(java.lang.String,java.lang.String)[pri:0, instance:ECommerce.tests.ReadUnamePwdFromExcel@eadd4fb]" started-at="2023-06-12T17:23:57 IST" name="ReadFromExcel" data-provider="readfromexcel" finished-at="2023-06-12T17:23:57 IST" duration-ms="3" status="PASS">
          <params>
            <param index="0">
              <value>
                <![CDATA[]]>
              </value>
            </param>
            <param index="1">
              <value>
                <![CDATA[]]>
              </value>
            </param>
          </params>
          <reporter-output>
          </reporter-output>
        </test-method> <!-- ReadFromExcel -->
        <test-method signature="ReadFromExcel(java.lang.String,java.lang.String)[pri:0, instance:ECommerce.tests.ReadUnamePwdFromExcel@eadd4fb]" started-at="2023-06-12T17:23:57 IST" name="ReadFromExcel" data-provider="readfromexcel" finished-at="2023-06-12T17:23:57 IST" duration-ms="2" status="PASS">
          <params>
            <param index="0">
              <value>
                <![CDATA[]]>
              </value>
            </param>
            <param index="1">
              <value>
                <![CDATA[]]>
              </value>
            </param>
          </params>
          <reporter-output>
          </reporter-output>
        </test-method> <!-- ReadFromExcel -->
        <test-method signature="ReadFromExcel(java.lang.String,java.lang.String)[pri:0, instance:ECommerce.tests.ReadUnamePwdFromExcel@eadd4fb]" started-at="2023-06-12T17:23:57 IST" name="ReadFromExcel" data-provider="readfromexcel" finished-at="2023-06-12T17:23:57 IST" duration-ms="3" status="PASS">
          <params>
            <param index="0">
              <value>
                <![CDATA[]]>
              </value>
            </param>
            <param index="1">
              <value>
                <![CDATA[]]>
              </value>
            </param>
          </params>
          <reporter-output>
          </reporter-output>
        </test-method> <!-- ReadFromExcel -->
        <test-method signature="ReadFromExcel(java.lang.String,java.lang.String)[pri:0, instance:ECommerce.tests.ReadUnamePwdFromExcel@eadd4fb]" started-at="2023-06-12T17:23:57 IST" name="ReadFromExcel" data-provider="readfromexcel" finished-at="2023-06-12T17:23:57 IST" duration-ms="2" status="PASS">
          <params>
            <param index="0">
              <value>
                <![CDATA[]]>
              </value>
            </param>
            <param index="1">
              <value>
                <![CDATA[]]>
              </value>
            </param>
          </params>
          <reporter-output>
          </reporter-output>
        </test-method> <!-- ReadFromExcel -->
        <test-method signature="ReadFromExcel(java.lang.String,java.lang.String)[pri:0, instance:ECommerce.tests.ReadUnamePwdFromExcel@eadd4fb]" started-at="2023-06-12T17:23:57 IST" name="ReadFromExcel" data-provider="readfromexcel" finished-at="2023-06-12T17:23:57 IST" duration-ms="3" status="PASS">
          <params>
            <param index="0">
              <value>
                <![CDATA[]]>
              </value>
            </param>
            <param index="1">
              <value>
                <![CDATA[]]>
              </value>
            </param>
          </params>
          <reporter-output>
          </reporter-output>
        </test-method> <!-- ReadFromExcel -->
        <test-method signature="ReadFromExcel(java.lang.String,java.lang.String)[pri:0, instance:ECommerce.tests.ReadUnamePwdFromExcel@eadd4fb]" started-at="2023-06-12T17:23:57 IST" name="ReadFromExcel" data-provider="readfromexcel" finished-at="2023-06-12T17:23:57 IST" duration-ms="1" status="PASS">
          <params>
            <param index="0">
              <value>
                <![CDATA[]]>
              </value>
            </param>
            <param index="1">
              <value>
                <![CDATA[]]>
              </value>
            </param>
          </params>
          <reporter-output>
          </reporter-output>
        </test-method> <!-- ReadFromExcel -->
        <test-method signature="ReadFromExcel(java.lang.String,java.lang.String)[pri:0, instance:ECommerce.tests.ReadUnamePwdFromExcel@eadd4fb]" started-at="2023-06-12T17:23:57 IST" name="ReadFromExcel" data-provider="readfromexcel" finished-at="2023-06-12T17:23:57 IST" duration-ms="1" status="PASS">
          <params>
            <param index="0">
              <value>
                <![CDATA[]]>
              </value>
            </param>
            <param index="1">
              <value>
                <![CDATA[]]>
              </value>
            </param>
          </params>
          <reporter-output>
          </reporter-output>
        </test-method> <!-- ReadFromExcel -->
        <test-method signature="ReadFromExcel(java.lang.String,java.lang.String)[pri:0, instance:ECommerce.tests.ReadUnamePwdFromExcel@eadd4fb]" started-at="2023-06-12T17:23:57 IST" name="ReadFromExcel" data-provider="readfromexcel" finished-at="2023-06-12T17:23:57 IST" duration-ms="1" status="PASS">
          <params>
            <param index="0">
              <value>
                <![CDATA[]]>
              </value>
            </param>
            <param index="1">
              <value>
                <![CDATA[]]>
              </value>
            </param>
          </params>
          <reporter-output>
          </reporter-output>
        </test-method> <!-- ReadFromExcel -->
        <test-method signature="ReadFromExcel(java.lang.String,java.lang.String)[pri:0, instance:ECommerce.tests.ReadUnamePwdFromExcel@eadd4fb]" started-at="2023-06-12T17:23:57 IST" name="ReadFromExcel" data-provider="readfromexcel" finished-at="2023-06-12T17:23:57 IST" duration-ms="2" status="PASS">
          <params>
            <param index="0">
              <value>
                <![CDATA[]]>
              </value>
            </param>
            <param index="1">
              <value>
                <![CDATA[]]>
              </value>
            </param>
          </params>
          <reporter-output>
          </reporter-output>
        </test-method> <!-- ReadFromExcel -->
        <test-method signature="ReadFromExcel(java.lang.String,java.lang.String)[pri:0, instance:ECommerce.tests.ReadUnamePwdFromExcel@eadd4fb]" started-at="2023-06-12T17:23:57 IST" name="ReadFromExcel" data-provider="readfromexcel" finished-at="2023-06-12T17:23:57 IST" duration-ms="0" status="PASS">
          <params>
            <param index="0">
              <value>
                <![CDATA[]]>
              </value>
            </param>
            <param index="1">
              <value>
                <![CDATA[]]>
              </value>
            </param>
          </params>
          <reporter-output>
          </reporter-output>
        </test-method> <!-- ReadFromExcel -->
        <test-method signature="ReadFromExcel(java.lang.String,java.lang.String)[pri:0, instance:ECommerce.tests.ReadUnamePwdFromExcel@eadd4fb]" started-at="2023-06-12T17:23:57 IST" name="ReadFromExcel" data-provider="readfromexcel" finished-at="2023-06-12T17:23:57 IST" duration-ms="2" status="PASS">
          <params>
            <param index="0">
              <value>
                <![CDATA[]]>
              </value>
            </param>
            <param index="1">
              <value>
                <![CDATA[]]>
              </value>
            </param>
          </params>
          <reporter-output>
          </reporter-output>
        </test-method> <!-- ReadFromExcel -->
        <test-method signature="ReadFromExcel(java.lang.String,java.lang.String)[pri:0, instance:ECommerce.tests.ReadUnamePwdFromExcel@eadd4fb]" started-at="2023-06-12T17:23:57 IST" name="ReadFromExcel" data-provider="readfromexcel" finished-at="2023-06-12T17:23:57 IST" duration-ms="1" status="PASS">
          <params>
            <param index="0">
              <value>
                <![CDATA[]]>
              </value>
            </param>
            <param index="1">
              <value>
                <![CDATA[]]>
              </value>
            </param>
          </params>
          <reporter-output>
          </reporter-output>
        </test-method> <!-- ReadFromExcel -->
        <test-method signature="ReadFromExcel(java.lang.String,java.lang.String)[pri:0, instance:ECommerce.tests.ReadUnamePwdFromExcel@eadd4fb]" started-at="2023-06-12T17:23:57 IST" name="ReadFromExcel" data-provider="readfromexcel" finished-at="2023-06-12T17:23:57 IST" duration-ms="1" status="PASS">
          <params>
            <param index="0">
              <value>
                <![CDATA[]]>
              </value>
            </param>
            <param index="1">
              <value>
                <![CDATA[]]>
              </value>
            </param>
          </params>
          <reporter-output>
          </reporter-output>
        </test-method> <!-- ReadFromExcel -->
        <test-method signature="ReadFromExcel(java.lang.String,java.lang.String)[pri:0, instance:ECommerce.tests.ReadUnamePwdFromExcel@eadd4fb]" started-at="2023-06-12T17:23:57 IST" name="ReadFromExcel" data-provider="readfromexcel" finished-at="2023-06-12T17:23:57 IST" duration-ms="1" status="PASS">
          <params>
            <param index="0">
              <value>
                <![CDATA[]]>
              </value>
            </param>
            <param index="1">
              <value>
                <![CDATA[]]>
              </value>
            </param>
          </params>
          <reporter-output>
          </reporter-output>
        </test-method> <!-- ReadFromExcel -->
        <test-method signature="ReadFromExcel(java.lang.String,java.lang.String)[pri:0, instance:ECommerce.tests.ReadUnamePwdFromExcel@eadd4fb]" started-at="2023-06-12T17:23:57 IST" name="ReadFromExcel" data-provider="readfromexcel" finished-at="2023-06-12T17:23:57 IST" duration-ms="0" status="PASS">
          <params>
            <param index="0">
              <value>
                <![CDATA[]]>
              </value>
            </param>
            <param index="1">
              <value>
                <![CDATA[]]>
              </value>
            </param>
          </params>
          <reporter-output>
          </reporter-output>
        </test-method> <!-- ReadFromExcel -->
        <test-method signature="ReadFromExcel(java.lang.String,java.lang.String)[pri:0, instance:ECommerce.tests.ReadUnamePwdFromExcel@eadd4fb]" started-at="2023-06-12T17:23:57 IST" name="ReadFromExcel" data-provider="readfromexcel" finished-at="2023-06-12T17:23:57 IST" duration-ms="0" status="PASS">
          <params>
            <param index="0">
              <value>
                <![CDATA[]]>
              </value>
            </param>
            <param index="1">
              <value>
                <![CDATA[]]>
              </value>
            </param>
          </params>
          <reporter-output>
          </reporter-output>
        </test-method> <!-- ReadFromExcel -->
        <test-method signature="ReadFromExcel(java.lang.String,java.lang.String)[pri:0, instance:ECommerce.tests.ReadUnamePwdFromExcel@eadd4fb]" started-at="2023-06-12T17:23:57 IST" name="ReadFromExcel" data-provider="readfromexcel" finished-at="2023-06-12T17:23:57 IST" duration-ms="0" status="PASS">
          <params>
            <param index="0">
              <value>
                <![CDATA[]]>
              </value>
            </param>
            <param index="1">
              <value>
                <![CDATA[]]>
              </value>
            </param>
          </params>
          <reporter-output>
          </reporter-output>
        </test-method> <!-- ReadFromExcel -->
        <test-method signature="ReadFromExcel(java.lang.String,java.lang.String)[pri:0, instance:ECommerce.tests.ReadUnamePwdFromExcel@eadd4fb]" started-at="2023-06-12T17:23:57 IST" name="ReadFromExcel" data-provider="readfromexcel" finished-at="2023-06-12T17:23:57 IST" duration-ms="2" status="PASS">
          <params>
            <param index="0">
              <value>
                <![CDATA[]]>
              </value>
            </param>
            <param index="1">
              <value>
                <![CDATA[]]>
              </value>
            </param>
          </params>
          <reporter-output>
          </reporter-output>
        </test-method> <!-- ReadFromExcel -->
        <test-method signature="ReadFromExcel(java.lang.String,java.lang.String)[pri:0, instance:ECommerce.tests.ReadUnamePwdFromExcel@eadd4fb]" started-at="2023-06-12T17:23:57 IST" name="ReadFromExcel" data-provider="readfromexcel" finished-at="2023-06-12T17:23:57 IST" duration-ms="2" status="PASS">
          <params>
            <param index="0">
              <value>
                <![CDATA[]]>
              </value>
            </param>
            <param index="1">
              <value>
                <![CDATA[]]>
              </value>
            </param>
          </params>
          <reporter-output>
          </reporter-output>
        </test-method> <!-- ReadFromExcel -->
        <test-method signature="ReadFromExcel(java.lang.String,java.lang.String)[pri:0, instance:ECommerce.tests.ReadUnamePwdFromExcel@eadd4fb]" started-at="2023-06-12T17:23:57 IST" name="ReadFromExcel" data-provider="readfromexcel" finished-at="2023-06-12T17:23:57 IST" duration-ms="0" status="PASS">
          <params>
            <param index="0">
              <value>
                <![CDATA[]]>
              </value>
            </param>
            <param index="1">
              <value>
                <![CDATA[]]>
              </value>
            </param>
          </params>
          <reporter-output>
          </reporter-output>
        </test-method> <!-- ReadFromExcel -->
        <test-method signature="ReadFromExcel(java.lang.String,java.lang.String)[pri:0, instance:ECommerce.tests.ReadUnamePwdFromExcel@eadd4fb]" started-at="2023-06-12T17:23:57 IST" name="ReadFromExcel" data-provider="readfromexcel" finished-at="2023-06-12T17:23:57 IST" duration-ms="1" status="PASS">
          <params>
            <param index="0">
              <value>
                <![CDATA[]]>
              </value>
            </param>
            <param index="1">
              <value>
                <![CDATA[]]>
              </value>
            </param>
          </params>
          <reporter-output>
          </reporter-output>
        </test-method> <!-- ReadFromExcel -->
        <test-method signature="ReadFromExcel(java.lang.String,java.lang.String)[pri:0, instance:ECommerce.tests.ReadUnamePwdFromExcel@eadd4fb]" started-at="2023-06-12T17:23:57 IST" name="ReadFromExcel" data-provider="readfromexcel" finished-at="2023-06-12T17:23:57 IST" duration-ms="3" status="PASS">
          <params>
            <param index="0">
              <value>
                <![CDATA[]]>
              </value>
            </param>
            <param index="1">
              <value>
                <![CDATA[]]>
              </value>
            </param>
          </params>
          <reporter-output>
          </reporter-output>
        </test-method> <!-- ReadFromExcel -->
        <test-method signature="ReadFromExcel(java.lang.String,java.lang.String)[pri:0, instance:ECommerce.tests.ReadUnamePwdFromExcel@eadd4fb]" started-at="2023-06-12T17:23:57 IST" name="ReadFromExcel" data-provider="readfromexcel" finished-at="2023-06-12T17:23:57 IST" duration-ms="0" status="PASS">
          <params>
            <param index="0">
              <value>
                <![CDATA[]]>
              </value>
            </param>
            <param index="1">
              <value>
                <![CDATA[]]>
              </value>
            </param>
          </params>
          <reporter-output>
          </reporter-output>
        </test-method> <!-- ReadFromExcel -->
        <test-method signature="ReadFromExcel(java.lang.String,java.lang.String)[pri:0, instance:ECommerce.tests.ReadUnamePwdFromExcel@eadd4fb]" started-at="2023-06-12T17:23:57 IST" name="ReadFromExcel" data-provider="readfromexcel" finished-at="2023-06-12T17:23:57 IST" duration-ms="1" status="PASS">
          <params>
            <param index="0">
              <value>
                <![CDATA[]]>
              </value>
            </param>
            <param index="1">
              <value>
                <![CDATA[]]>
              </value>
            </param>
          </params>
          <reporter-output>
          </reporter-output>
        </test-method> <!-- ReadFromExcel -->
        <test-method signature="ReadFromExcel(java.lang.String,java.lang.String)[pri:0, instance:ECommerce.tests.ReadUnamePwdFromExcel@eadd4fb]" started-at="2023-06-12T17:23:57 IST" name="ReadFromExcel" data-provider="readfromexcel" finished-at="2023-06-12T17:23:57 IST" duration-ms="1" status="PASS">
          <params>
            <param index="0">
              <value>
                <![CDATA[]]>
              </value>
            </param>
            <param index="1">
              <value>
                <![CDATA[]]>
              </value>
            </param>
          </params>
          <reporter-output>
          </reporter-output>
        </test-method> <!-- ReadFromExcel -->
        <test-method signature="ReadFromExcel(java.lang.String,java.lang.String)[pri:0, instance:ECommerce.tests.ReadUnamePwdFromExcel@eadd4fb]" started-at="2023-06-12T17:23:57 IST" name="ReadFromExcel" data-provider="readfromexcel" finished-at="2023-06-12T17:23:57 IST" duration-ms="1" status="PASS">
          <params>
            <param index="0">
              <value>
                <![CDATA[]]>
              </value>
            </param>
            <param index="1">
              <value>
                <![CDATA[]]>
              </value>
            </param>
          </params>
          <reporter-output>
          </reporter-output>
        </test-method> <!-- ReadFromExcel -->
        <test-method signature="ReadFromExcel(java.lang.String,java.lang.String)[pri:0, instance:ECommerce.tests.ReadUnamePwdFromExcel@eadd4fb]" started-at="2023-06-12T17:23:57 IST" name="ReadFromExcel" data-provider="readfromexcel" finished-at="2023-06-12T17:23:57 IST" duration-ms="0" status="PASS">
          <params>
            <param index="0">
              <value>
                <![CDATA[]]>
              </value>
            </param>
            <param index="1">
              <value>
                <![CDATA[]]>
              </value>
            </param>
          </params>
          <reporter-output>
          </reporter-output>
        </test-method> <!-- ReadFromExcel -->
        <test-method signature="ReadFromExcel(java.lang.String,java.lang.String)[pri:0, instance:ECommerce.tests.ReadUnamePwdFromExcel@eadd4fb]" started-at="2023-06-12T17:23:57 IST" name="ReadFromExcel" data-provider="readfromexcel" finished-at="2023-06-12T17:23:57 IST" duration-ms="1" status="PASS">
          <params>
            <param index="0">
              <value>
                <![CDATA[]]>
              </value>
            </param>
            <param index="1">
              <value>
                <![CDATA[]]>
              </value>
            </param>
          </params>
          <reporter-output>
          </reporter-output>
        </test-method> <!-- ReadFromExcel -->
        <test-method signature="ReadFromExcel(java.lang.String,java.lang.String)[pri:0, instance:ECommerce.tests.ReadUnamePwdFromExcel@eadd4fb]" started-at="2023-06-12T17:23:57 IST" name="ReadFromExcel" data-provider="readfromexcel" finished-at="2023-06-12T17:23:57 IST" duration-ms="1" status="PASS">
          <params>
            <param index="0">
              <value>
                <![CDATA[]]>
              </value>
            </param>
            <param index="1">
              <value>
                <![CDATA[]]>
              </value>
            </param>
          </params>
          <reporter-output>
          </reporter-output>
        </test-method> <!-- ReadFromExcel -->
        <test-method signature="ReadFromExcel(java.lang.String,java.lang.String)[pri:0, instance:ECommerce.tests.ReadUnamePwdFromExcel@eadd4fb]" started-at="2023-06-12T17:23:57 IST" name="ReadFromExcel" data-provider="readfromexcel" finished-at="2023-06-12T17:23:57 IST" duration-ms="0" status="PASS">
          <params>
            <param index="0">
              <value>
                <![CDATA[]]>
              </value>
            </param>
            <param index="1">
              <value>
                <![CDATA[]]>
              </value>
            </param>
          </params>
          <reporter-output>
          </reporter-output>
        </test-method> <!-- ReadFromExcel -->
        <test-method signature="ReadFromExcel(java.lang.String,java.lang.String)[pri:0, instance:ECommerce.tests.ReadUnamePwdFromExcel@eadd4fb]" started-at="2023-06-12T17:23:57 IST" name="ReadFromExcel" data-provider="readfromexcel" finished-at="2023-06-12T17:23:57 IST" duration-ms="1" status="PASS">
          <params>
            <param index="0">
              <value>
                <![CDATA[]]>
              </value>
            </param>
            <param index="1">
              <value>
                <![CDATA[]]>
              </value>
            </param>
          </params>
          <reporter-output>
          </reporter-output>
        </test-method> <!-- ReadFromExcel -->
        <test-method signature="ReadFromExcel(java.lang.String,java.lang.String)[pri:0, instance:ECommerce.tests.ReadUnamePwdFromExcel@eadd4fb]" started-at="2023-06-12T17:23:57 IST" name="ReadFromExcel" data-provider="readfromexcel" finished-at="2023-06-12T17:23:57 IST" duration-ms="1" status="PASS">
          <params>
            <param index="0">
              <value>
                <![CDATA[]]>
              </value>
            </param>
            <param index="1">
              <value>
                <![CDATA[]]>
              </value>
            </param>
          </params>
          <reporter-output>
          </reporter-output>
        </test-method> <!-- ReadFromExcel -->
        <test-method signature="ReadFromExcel(java.lang.String,java.lang.String)[pri:0, instance:ECommerce.tests.ReadUnamePwdFromExcel@eadd4fb]" started-at="2023-06-12T17:23:57 IST" name="ReadFromExcel" data-provider="readfromexcel" finished-at="2023-06-12T17:23:57 IST" duration-ms="2" status="PASS">
          <params>
            <param index="0">
              <value>
                <![CDATA[]]>
              </value>
            </param>
            <param index="1">
              <value>
                <![CDATA[]]>
              </value>
            </param>
          </params>
          <reporter-output>
          </reporter-output>
        </test-method> <!-- ReadFromExcel -->
        <test-method signature="ReadFromExcel(java.lang.String,java.lang.String)[pri:0, instance:ECommerce.tests.ReadUnamePwdFromExcel@eadd4fb]" started-at="2023-06-12T17:23:57 IST" name="ReadFromExcel" data-provider="readfromexcel" finished-at="2023-06-12T17:23:57 IST" duration-ms="0" status="PASS">
          <params>
            <param index="0">
              <value>
                <![CDATA[]]>
              </value>
            </param>
            <param index="1">
              <value>
                <![CDATA[]]>
              </value>
            </param>
          </params>
          <reporter-output>
          </reporter-output>
        </test-method> <!-- ReadFromExcel -->
        <test-method signature="ReadFromExcel(java.lang.String,java.lang.String)[pri:0, instance:ECommerce.tests.ReadUnamePwdFromExcel@eadd4fb]" started-at="2023-06-12T17:23:57 IST" name="ReadFromExcel" data-provider="readfromexcel" finished-at="2023-06-12T17:23:57 IST" duration-ms="0" status="PASS">
          <params>
            <param index="0">
              <value>
                <![CDATA[]]>
              </value>
            </param>
            <param index="1">
              <value>
                <![CDATA[]]>
              </value>
            </param>
          </params>
          <reporter-output>
          </reporter-output>
        </test-method> <!-- ReadFromExcel -->
        <test-method signature="ReadFromExcel(java.lang.String,java.lang.String)[pri:0, instance:ECommerce.tests.ReadUnamePwdFromExcel@eadd4fb]" started-at="2023-06-12T17:23:57 IST" name="ReadFromExcel" data-provider="readfromexcel" finished-at="2023-06-12T17:23:57 IST" duration-ms="1" status="PASS">
          <params>
            <param index="0">
              <value>
                <![CDATA[]]>
              </value>
            </param>
            <param index="1">
              <value>
                <![CDATA[]]>
              </value>
            </param>
          </params>
          <reporter-output>
          </reporter-output>
        </test-method> <!-- ReadFromExcel -->
        <test-method signature="ReadFromExcel(java.lang.String,java.lang.String)[pri:0, instance:ECommerce.tests.ReadUnamePwdFromExcel@eadd4fb]" started-at="2023-06-12T17:23:57 IST" name="ReadFromExcel" data-provider="readfromexcel" finished-at="2023-06-12T17:23:57 IST" duration-ms="1" status="PASS">
          <params>
            <param index="0">
              <value>
                <![CDATA[]]>
              </value>
            </param>
            <param index="1">
              <value>
                <![CDATA[]]>
              </value>
            </param>
          </params>
          <reporter-output>
          </reporter-output>
        </test-method> <!-- ReadFromExcel -->
        <test-method signature="ReadFromExcel(java.lang.String,java.lang.String)[pri:0, instance:ECommerce.tests.ReadUnamePwdFromExcel@eadd4fb]" started-at="2023-06-12T17:23:57 IST" name="ReadFromExcel" data-provider="readfromexcel" finished-at="2023-06-12T17:23:57 IST" duration-ms="1" status="PASS">
          <params>
            <param index="0">
              <value>
                <![CDATA[]]>
              </value>
            </param>
            <param index="1">
              <value>
                <![CDATA[]]>
              </value>
            </param>
          </params>
          <reporter-output>
          </reporter-output>
        </test-method> <!-- ReadFromExcel -->
        <test-method signature="ReadFromExcel(java.lang.String,java.lang.String)[pri:0, instance:ECommerce.tests.ReadUnamePwdFromExcel@eadd4fb]" started-at="2023-06-12T17:23:57 IST" name="ReadFromExcel" data-provider="readfromexcel" finished-at="2023-06-12T17:23:57 IST" duration-ms="0" status="PASS">
          <params>
            <param index="0">
              <value>
                <![CDATA[]]>
              </value>
            </param>
            <param index="1">
              <value>
                <![CDATA[]]>
              </value>
            </param>
          </params>
          <reporter-output>
          </reporter-output>
        </test-method> <!-- ReadFromExcel -->
        <test-method signature="ReadFromExcel(java.lang.String,java.lang.String)[pri:0, instance:ECommerce.tests.ReadUnamePwdFromExcel@eadd4fb]" started-at="2023-06-12T17:23:57 IST" name="ReadFromExcel" data-provider="readfromexcel" finished-at="2023-06-12T17:23:57 IST" duration-ms="4" status="PASS">
          <params>
            <param index="0">
              <value>
                <![CDATA[]]>
              </value>
            </param>
            <param index="1">
              <value>
                <![CDATA[]]>
              </value>
            </param>
          </params>
          <reporter-output>
          </reporter-output>
        </test-method> <!-- ReadFromExcel -->
        <test-method signature="ReadFromExcel(java.lang.String,java.lang.String)[pri:0, instance:ECommerce.tests.ReadUnamePwdFromExcel@eadd4fb]" started-at="2023-06-12T17:23:57 IST" name="ReadFromExcel" data-provider="readfromexcel" finished-at="2023-06-12T17:23:57 IST" duration-ms="2" status="PASS">
          <params>
            <param index="0">
              <value>
                <![CDATA[]]>
              </value>
            </param>
            <param index="1">
              <value>
                <![CDATA[]]>
              </value>
            </param>
          </params>
          <reporter-output>
          </reporter-output>
        </test-method> <!-- ReadFromExcel -->
        <test-method signature="ReadFromExcel(java.lang.String,java.lang.String)[pri:0, instance:ECommerce.tests.ReadUnamePwdFromExcel@eadd4fb]" started-at="2023-06-12T17:23:57 IST" name="ReadFromExcel" data-provider="readfromexcel" finished-at="2023-06-12T17:23:57 IST" duration-ms="2" status="PASS">
          <params>
            <param index="0">
              <value>
                <![CDATA[]]>
              </value>
            </param>
            <param index="1">
              <value>
                <![CDATA[]]>
              </value>
            </param>
          </params>
          <reporter-output>
          </reporter-output>
        </test-method> <!-- ReadFromExcel -->
        <test-method signature="ReadFromExcel(java.lang.String,java.lang.String)[pri:0, instance:ECommerce.tests.ReadUnamePwdFromExcel@eadd4fb]" started-at="2023-06-12T17:23:57 IST" name="ReadFromExcel" data-provider="readfromexcel" finished-at="2023-06-12T17:23:57 IST" duration-ms="0" status="PASS">
          <params>
            <param index="0">
              <value>
                <![CDATA[]]>
              </value>
            </param>
            <param index="1">
              <value>
                <![CDATA[]]>
              </value>
            </param>
          </params>
          <reporter-output>
          </reporter-output>
        </test-method> <!-- ReadFromExcel -->
        <test-method signature="ReadFromExcel(java.lang.String,java.lang.String)[pri:0, instance:ECommerce.tests.ReadUnamePwdFromExcel@eadd4fb]" started-at="2023-06-12T17:23:57 IST" name="ReadFromExcel" data-provider="readfromexcel" finished-at="2023-06-12T17:23:57 IST" duration-ms="1" status="PASS">
          <params>
            <param index="0">
              <value>
                <![CDATA[]]>
              </value>
            </param>
            <param index="1">
              <value>
                <![CDATA[]]>
              </value>
            </param>
          </params>
          <reporter-output>
          </reporter-output>
        </test-method> <!-- ReadFromExcel -->
        <test-method signature="ReadFromExcel(java.lang.String,java.lang.String)[pri:0, instance:ECommerce.tests.ReadUnamePwdFromExcel@eadd4fb]" started-at="2023-06-12T17:23:57 IST" name="ReadFromExcel" data-provider="readfromexcel" finished-at="2023-06-12T17:23:57 IST" duration-ms="0" status="PASS">
          <params>
            <param index="0">
              <value>
                <![CDATA[]]>
              </value>
            </param>
            <param index="1">
              <value>
                <![CDATA[]]>
              </value>
            </param>
          </params>
          <reporter-output>
          </reporter-output>
        </test-method> <!-- ReadFromExcel -->
        <test-method signature="ReadFromExcel(java.lang.String,java.lang.String)[pri:0, instance:ECommerce.tests.ReadUnamePwdFromExcel@eadd4fb]" started-at="2023-06-12T17:23:57 IST" name="ReadFromExcel" data-provider="readfromexcel" finished-at="2023-06-12T17:23:57 IST" duration-ms="1" status="PASS">
          <params>
            <param index="0">
              <value>
                <![CDATA[]]>
              </value>
            </param>
            <param index="1">
              <value>
                <![CDATA[]]>
              </value>
            </param>
          </params>
          <reporter-output>
          </reporter-output>
        </test-method> <!-- ReadFromExcel -->
        <test-method signature="ReadFromExcel(java.lang.String,java.lang.String)[pri:0, instance:ECommerce.tests.ReadUnamePwdFromExcel@eadd4fb]" started-at="2023-06-12T17:23:57 IST" name="ReadFromExcel" data-provider="readfromexcel" finished-at="2023-06-12T17:23:57 IST" duration-ms="0" status="PASS">
          <params>
            <param index="0">
              <value>
                <![CDATA[]]>
              </value>
            </param>
            <param index="1">
              <value>
                <![CDATA[]]>
              </value>
            </param>
          </params>
          <reporter-output>
          </reporter-output>
        </test-method> <!-- ReadFromExcel -->
        <test-method signature="ReadFromExcel(java.lang.String,java.lang.String)[pri:0, instance:ECommerce.tests.ReadUnamePwdFromExcel@eadd4fb]" started-at="2023-06-12T17:23:57 IST" name="ReadFromExcel" data-provider="readfromexcel" finished-at="2023-06-12T17:23:57 IST" duration-ms="10" status="PASS">
          <params>
            <param index="0">
              <value>
                <![CDATA[]]>
              </value>
            </param>
            <param index="1">
              <value>
                <![CDATA[]]>
              </value>
            </param>
          </params>
          <reporter-output>
          </reporter-output>
        </test-method> <!-- ReadFromExcel -->
        <test-method signature="ReadFromExcel(java.lang.String,java.lang.String)[pri:0, instance:ECommerce.tests.ReadUnamePwdFromExcel@eadd4fb]" started-at="2023-06-12T17:23:57 IST" name="ReadFromExcel" data-provider="readfromexcel" finished-at="2023-06-12T17:23:57 IST" duration-ms="2" status="PASS">
          <params>
            <param index="0">
              <value>
                <![CDATA[]]>
              </value>
            </param>
            <param index="1">
              <value>
                <![CDATA[]]>
              </value>
            </param>
          </params>
          <reporter-output>
          </reporter-output>
        </test-method> <!-- ReadFromExcel -->
        <test-method signature="ReadFromExcel(java.lang.String,java.lang.String)[pri:0, instance:ECommerce.tests.ReadUnamePwdFromExcel@eadd4fb]" started-at="2023-06-12T17:23:57 IST" name="ReadFromExcel" data-provider="readfromexcel" finished-at="2023-06-12T17:23:57 IST" duration-ms="1" status="PASS">
          <params>
            <param index="0">
              <value>
                <![CDATA[]]>
              </value>
            </param>
            <param index="1">
              <value>
                <![CDATA[]]>
              </value>
            </param>
          </params>
          <reporter-output>
          </reporter-output>
        </test-method> <!-- ReadFromExcel -->
        <test-method signature="ReadFromExcel(java.lang.String,java.lang.String)[pri:0, instance:ECommerce.tests.ReadUnamePwdFromExcel@eadd4fb]" started-at="2023-06-12T17:23:57 IST" name="ReadFromExcel" data-provider="readfromexcel" finished-at="2023-06-12T17:23:57 IST" duration-ms="0" status="PASS">
          <params>
            <param index="0">
              <value>
                <![CDATA[]]>
              </value>
            </param>
            <param index="1">
              <value>
                <![CDATA[]]>
              </value>
            </param>
          </params>
          <reporter-output>
          </reporter-output>
        </test-method> <!-- ReadFromExcel -->
        <test-method signature="ReadFromExcel(java.lang.String,java.lang.String)[pri:0, instance:ECommerce.tests.ReadUnamePwdFromExcel@eadd4fb]" started-at="2023-06-12T17:23:57 IST" name="ReadFromExcel" data-provider="readfromexcel" finished-at="2023-06-12T17:23:57 IST" duration-ms="0" status="PASS">
          <params>
            <param index="0">
              <value>
                <![CDATA[]]>
              </value>
            </param>
            <param index="1">
              <value>
                <![CDATA[]]>
              </value>
            </param>
          </params>
          <reporter-output>
          </reporter-output>
        </test-method> <!-- ReadFromExcel -->
        <test-method signature="ReadFromExcel(java.lang.String,java.lang.String)[pri:0, instance:ECommerce.tests.ReadUnamePwdFromExcel@eadd4fb]" started-at="2023-06-12T17:23:57 IST" name="ReadFromExcel" data-provider="readfromexcel" finished-at="2023-06-12T17:23:57 IST" duration-ms="0" status="PASS">
          <params>
            <param index="0">
              <value>
                <![CDATA[]]>
              </value>
            </param>
            <param index="1">
              <value>
                <![CDATA[]]>
              </value>
            </param>
          </params>
          <reporter-output>
          </reporter-output>
        </test-method> <!-- ReadFromExcel -->
        <test-method signature="ReadFromExcel(java.lang.String,java.lang.String)[pri:0, instance:ECommerce.tests.ReadUnamePwdFromExcel@eadd4fb]" started-at="2023-06-12T17:23:57 IST" name="ReadFromExcel" data-provider="readfromexcel" finished-at="2023-06-12T17:23:57 IST" duration-ms="1" status="PASS">
          <params>
            <param index="0">
              <value>
                <![CDATA[]]>
              </value>
            </param>
            <param index="1">
              <value>
                <![CDATA[]]>
              </value>
            </param>
          </params>
          <reporter-output>
          </reporter-output>
        </test-method> <!-- ReadFromExcel -->
        <test-method signature="ReadFromExcel(java.lang.String,java.lang.String)[pri:0, instance:ECommerce.tests.ReadUnamePwdFromExcel@eadd4fb]" started-at="2023-06-12T17:23:57 IST" name="ReadFromExcel" data-provider="readfromexcel" finished-at="2023-06-12T17:23:57 IST" duration-ms="0" status="PASS">
          <params>
            <param index="0">
              <value>
                <![CDATA[]]>
              </value>
            </param>
            <param index="1">
              <value>
                <![CDATA[]]>
              </value>
            </param>
          </params>
          <reporter-output>
          </reporter-output>
        </test-method> <!-- ReadFromExcel -->
        <test-method signature="ReadFromExcel(java.lang.String,java.lang.String)[pri:0, instance:ECommerce.tests.ReadUnamePwdFromExcel@eadd4fb]" started-at="2023-06-12T17:23:57 IST" name="ReadFromExcel" data-provider="readfromexcel" finished-at="2023-06-12T17:23:57 IST" duration-ms="0" status="PASS">
          <params>
            <param index="0">
              <value>
                <![CDATA[]]>
              </value>
            </param>
            <param index="1">
              <value>
                <![CDATA[]]>
              </value>
            </param>
          </params>
          <reporter-output>
          </reporter-output>
        </test-method> <!-- ReadFromExcel -->
        <test-method signature="ReadFromExcel(java.lang.String,java.lang.String)[pri:0, instance:ECommerce.tests.ReadUnamePwdFromExcel@eadd4fb]" started-at="2023-06-12T17:23:57 IST" name="ReadFromExcel" data-provider="readfromexcel" finished-at="2023-06-12T17:23:57 IST" duration-ms="0" status="PASS">
          <params>
            <param index="0">
              <value>
                <![CDATA[]]>
              </value>
            </param>
            <param index="1">
              <value>
                <![CDATA[]]>
              </value>
            </param>
          </params>
          <reporter-output>
          </reporter-output>
        </test-method> <!-- ReadFromExcel -->
        <test-method signature="ReadFromExcel(java.lang.String,java.lang.String)[pri:0, instance:ECommerce.tests.ReadUnamePwdFromExcel@eadd4fb]" started-at="2023-06-12T17:23:57 IST" name="ReadFromExcel" data-provider="readfromexcel" finished-at="2023-06-12T17:23:57 IST" duration-ms="1" status="PASS">
          <params>
            <param index="0">
              <value>
                <![CDATA[]]>
              </value>
            </param>
            <param index="1">
              <value>
                <![CDATA[]]>
              </value>
            </param>
          </params>
          <reporter-output>
          </reporter-output>
        </test-method> <!-- ReadFromExcel -->
        <test-method signature="ReadFromExcel(java.lang.String,java.lang.String)[pri:0, instance:ECommerce.tests.ReadUnamePwdFromExcel@eadd4fb]" started-at="2023-06-12T17:23:57 IST" name="ReadFromExcel" data-provider="readfromexcel" finished-at="2023-06-12T17:23:57 IST" duration-ms="0" status="PASS">
          <params>
            <param index="0">
              <value>
                <![CDATA[]]>
              </value>
            </param>
            <param index="1">
              <value>
                <![CDATA[]]>
              </value>
            </param>
          </params>
          <reporter-output>
          </reporter-output>
        </test-method> <!-- ReadFromExcel -->
        <test-method signature="ReadFromExcel(java.lang.String,java.lang.String)[pri:0, instance:ECommerce.tests.ReadUnamePwdFromExcel@eadd4fb]" started-at="2023-06-12T17:23:57 IST" name="ReadFromExcel" data-provider="readfromexcel" finished-at="2023-06-12T17:23:57 IST" duration-ms="2" status="PASS">
          <params>
            <param index="0">
              <value>
                <![CDATA[]]>
              </value>
            </param>
            <param index="1">
              <value>
                <![CDATA[]]>
              </value>
            </param>
          </params>
          <reporter-output>
          </reporter-output>
        </test-method> <!-- ReadFromExcel -->
        <test-method signature="ReadFromExcel(java.lang.String,java.lang.String)[pri:0, instance:ECommerce.tests.ReadUnamePwdFromExcel@eadd4fb]" started-at="2023-06-12T17:23:57 IST" name="ReadFromExcel" data-provider="readfromexcel" finished-at="2023-06-12T17:23:57 IST" duration-ms="0" status="PASS">
          <params>
            <param index="0">
              <value>
                <![CDATA[]]>
              </value>
            </param>
            <param index="1">
              <value>
                <![CDATA[]]>
              </value>
            </param>
          </params>
          <reporter-output>
          </reporter-output>
        </test-method> <!-- ReadFromExcel -->
        <test-method signature="ReadFromExcel(java.lang.String,java.lang.String)[pri:0, instance:ECommerce.tests.ReadUnamePwdFromExcel@eadd4fb]" started-at="2023-06-12T17:23:57 IST" name="ReadFromExcel" data-provider="readfromexcel" finished-at="2023-06-12T17:23:57 IST" duration-ms="0" status="PASS">
          <params>
            <param index="0">
              <value>
                <![CDATA[]]>
              </value>
            </param>
            <param index="1">
              <value>
                <![CDATA[]]>
              </value>
            </param>
          </params>
          <reporter-output>
          </reporter-output>
        </test-method> <!-- ReadFromExcel -->
        <test-method signature="ReadFromExcel(java.lang.String,java.lang.String)[pri:0, instance:ECommerce.tests.ReadUnamePwdFromExcel@eadd4fb]" started-at="2023-06-12T17:23:57 IST" name="ReadFromExcel" data-provider="readfromexcel" finished-at="2023-06-12T17:23:57 IST" duration-ms="2" status="PASS">
          <params>
            <param index="0">
              <value>
                <![CDATA[]]>
              </value>
            </param>
            <param index="1">
              <value>
                <![CDATA[]]>
              </value>
            </param>
          </params>
          <reporter-output>
          </reporter-output>
        </test-method> <!-- ReadFromExcel -->
        <test-method signature="ReadFromExcel(java.lang.String,java.lang.String)[pri:0, instance:ECommerce.tests.ReadUnamePwdFromExcel@eadd4fb]" started-at="2023-06-12T17:23:57 IST" name="ReadFromExcel" data-provider="readfromexcel" finished-at="2023-06-12T17:23:57 IST" duration-ms="1" status="PASS">
          <params>
            <param index="0">
              <value>
                <![CDATA[]]>
              </value>
            </param>
            <param index="1">
              <value>
                <![CDATA[]]>
              </value>
            </param>
          </params>
          <reporter-output>
          </reporter-output>
        </test-method> <!-- ReadFromExcel -->
        <test-method signature="ReadFromExcel(java.lang.String,java.lang.String)[pri:0, instance:ECommerce.tests.ReadUnamePwdFromExcel@eadd4fb]" started-at="2023-06-12T17:23:57 IST" name="ReadFromExcel" data-provider="readfromexcel" finished-at="2023-06-12T17:23:57 IST" duration-ms="2" status="PASS">
          <params>
            <param index="0">
              <value>
                <![CDATA[]]>
              </value>
            </param>
            <param index="1">
              <value>
                <![CDATA[]]>
              </value>
            </param>
          </params>
          <reporter-output>
          </reporter-output>
        </test-method> <!-- ReadFromExcel -->
        <test-method signature="ReadFromExcel(java.lang.String,java.lang.String)[pri:0, instance:ECommerce.tests.ReadUnamePwdFromExcel@eadd4fb]" started-at="2023-06-12T17:23:57 IST" name="ReadFromExcel" data-provider="readfromexcel" finished-at="2023-06-12T17:23:57 IST" duration-ms="1" status="PASS">
          <params>
            <param index="0">
              <value>
                <![CDATA[]]>
              </value>
            </param>
            <param index="1">
              <value>
                <![CDATA[]]>
              </value>
            </param>
          </params>
          <reporter-output>
          </reporter-output>
        </test-method> <!-- ReadFromExcel -->
        <test-method signature="ReadFromExcel(java.lang.String,java.lang.String)[pri:0, instance:ECommerce.tests.ReadUnamePwdFromExcel@eadd4fb]" started-at="2023-06-12T17:23:57 IST" name="ReadFromExcel" data-provider="readfromexcel" finished-at="2023-06-12T17:23:57 IST" duration-ms="1" status="PASS">
          <params>
            <param index="0">
              <value>
                <![CDATA[]]>
              </value>
            </param>
            <param index="1">
              <value>
                <![CDATA[]]>
              </value>
            </param>
          </params>
          <reporter-output>
          </reporter-output>
        </test-method> <!-- ReadFromExcel -->
        <test-method signature="ReadFromExcel(java.lang.String,java.lang.String)[pri:0, instance:ECommerce.tests.ReadUnamePwdFromExcel@eadd4fb]" started-at="2023-06-12T17:23:57 IST" name="ReadFromExcel" data-provider="readfromexcel" finished-at="2023-06-12T17:23:57 IST" duration-ms="3" status="PASS">
          <params>
            <param index="0">
              <value>
                <![CDATA[]]>
              </value>
            </param>
            <param index="1">
              <value>
                <![CDATA[]]>
              </value>
            </param>
          </params>
          <reporter-output>
          </reporter-output>
        </test-method> <!-- ReadFromExcel -->
        <test-method signature="ReadFromExcel(java.lang.String,java.lang.String)[pri:0, instance:ECommerce.tests.ReadUnamePwdFromExcel@eadd4fb]" started-at="2023-06-12T17:23:57 IST" name="ReadFromExcel" data-provider="readfromexcel" finished-at="2023-06-12T17:23:57 IST" duration-ms="1" status="PASS">
          <params>
            <param index="0">
              <value>
                <![CDATA[]]>
              </value>
            </param>
            <param index="1">
              <value>
                <![CDATA[]]>
              </value>
            </param>
          </params>
          <reporter-output>
          </reporter-output>
        </test-method> <!-- ReadFromExcel -->
        <test-method signature="ReadFromExcel(java.lang.String,java.lang.String)[pri:0, instance:ECommerce.tests.ReadUnamePwdFromExcel@eadd4fb]" started-at="2023-06-12T17:23:57 IST" name="ReadFromExcel" data-provider="readfromexcel" finished-at="2023-06-12T17:23:57 IST" duration-ms="0" status="PASS">
          <params>
            <param index="0">
              <value>
                <![CDATA[]]>
              </value>
            </param>
            <param index="1">
              <value>
                <![CDATA[]]>
              </value>
            </param>
          </params>
          <reporter-output>
          </reporter-output>
        </test-method> <!-- ReadFromExcel -->
        <test-method signature="ReadFromExcel(java.lang.String,java.lang.String)[pri:0, instance:ECommerce.tests.ReadUnamePwdFromExcel@eadd4fb]" started-at="2023-06-12T17:23:57 IST" name="ReadFromExcel" data-provider="readfromexcel" finished-at="2023-06-12T17:23:57 IST" duration-ms="2" status="PASS">
          <params>
            <param index="0">
              <value>
                <![CDATA[]]>
              </value>
            </param>
            <param index="1">
              <value>
                <![CDATA[]]>
              </value>
            </param>
          </params>
          <reporter-output>
          </reporter-output>
        </test-method> <!-- ReadFromExcel -->
        <test-method signature="ReadFromExcel(java.lang.String,java.lang.String)[pri:0, instance:ECommerce.tests.ReadUnamePwdFromExcel@eadd4fb]" started-at="2023-06-12T17:23:57 IST" name="ReadFromExcel" data-provider="readfromexcel" finished-at="2023-06-12T17:23:57 IST" duration-ms="1" status="PASS">
          <params>
            <param index="0">
              <value>
                <![CDATA[]]>
              </value>
            </param>
            <param index="1">
              <value>
                <![CDATA[]]>
              </value>
            </param>
          </params>
          <reporter-output>
          </reporter-output>
        </test-method> <!-- ReadFromExcel -->
        <test-method signature="ReadFromExcel(java.lang.String,java.lang.String)[pri:0, instance:ECommerce.tests.ReadUnamePwdFromExcel@eadd4fb]" started-at="2023-06-12T17:23:57 IST" name="ReadFromExcel" data-provider="readfromexcel" finished-at="2023-06-12T17:23:57 IST" duration-ms="0" status="PASS">
          <params>
            <param index="0">
              <value>
                <![CDATA[]]>
              </value>
            </param>
            <param index="1">
              <value>
                <![CDATA[]]>
              </value>
            </param>
          </params>
          <reporter-output>
          </reporter-output>
        </test-method> <!-- ReadFromExcel -->
        <test-method signature="ReadFromExcel(java.lang.String,java.lang.String)[pri:0, instance:ECommerce.tests.ReadUnamePwdFromExcel@eadd4fb]" started-at="2023-06-12T17:23:57 IST" name="ReadFromExcel" data-provider="readfromexcel" finished-at="2023-06-12T17:23:57 IST" duration-ms="7" status="PASS">
          <params>
            <param index="0">
              <value>
                <![CDATA[]]>
              </value>
            </param>
            <param index="1">
              <value>
                <![CDATA[]]>
              </value>
            </param>
          </params>
          <reporter-output>
          </reporter-output>
        </test-method> <!-- ReadFromExcel -->
        <test-method signature="ReadFromExcel(java.lang.String,java.lang.String)[pri:0, instance:ECommerce.tests.ReadUnamePwdFromExcel@eadd4fb]" started-at="2023-06-12T17:23:57 IST" name="ReadFromExcel" data-provider="readfromexcel" finished-at="2023-06-12T17:23:57 IST" duration-ms="1" status="PASS">
          <params>
            <param index="0">
              <value>
                <![CDATA[]]>
              </value>
            </param>
            <param index="1">
              <value>
                <![CDATA[]]>
              </value>
            </param>
          </params>
          <reporter-output>
          </reporter-output>
        </test-method> <!-- ReadFromExcel -->
        <test-method signature="ReadFromExcel(java.lang.String,java.lang.String)[pri:0, instance:ECommerce.tests.ReadUnamePwdFromExcel@eadd4fb]" started-at="2023-06-12T17:23:57 IST" name="ReadFromExcel" data-provider="readfromexcel" finished-at="2023-06-12T17:23:57 IST" duration-ms="1" status="PASS">
          <params>
            <param index="0">
              <value>
                <![CDATA[]]>
              </value>
            </param>
            <param index="1">
              <value>
                <![CDATA[]]>
              </value>
            </param>
          </params>
          <reporter-output>
          </reporter-output>
        </test-method> <!-- ReadFromExcel -->
        <test-method signature="ReadFromExcel(java.lang.String,java.lang.String)[pri:0, instance:ECommerce.tests.ReadUnamePwdFromExcel@eadd4fb]" started-at="2023-06-12T17:23:57 IST" name="ReadFromExcel" data-provider="readfromexcel" finished-at="2023-06-12T17:23:57 IST" duration-ms="1" status="PASS">
          <params>
            <param index="0">
              <value>
                <![CDATA[]]>
              </value>
            </param>
            <param index="1">
              <value>
                <![CDATA[]]>
              </value>
            </param>
          </params>
          <reporter-output>
          </reporter-output>
        </test-method> <!-- ReadFromExcel -->
        <test-method signature="ReadFromExcel(java.lang.String,java.lang.String)[pri:0, instance:ECommerce.tests.ReadUnamePwdFromExcel@eadd4fb]" started-at="2023-06-12T17:23:57 IST" name="ReadFromExcel" data-provider="readfromexcel" finished-at="2023-06-12T17:23:57 IST" duration-ms="0" status="PASS">
          <params>
            <param index="0">
              <value>
                <![CDATA[]]>
              </value>
            </param>
            <param index="1">
              <value>
                <![CDATA[]]>
              </value>
            </param>
          </params>
          <reporter-output>
          </reporter-output>
        </test-method> <!-- ReadFromExcel -->
        <test-method signature="ReadFromExcel(java.lang.String,java.lang.String)[pri:0, instance:ECommerce.tests.ReadUnamePwdFromExcel@eadd4fb]" started-at="2023-06-12T17:23:57 IST" name="ReadFromExcel" data-provider="readfromexcel" finished-at="2023-06-12T17:23:57 IST" duration-ms="1" status="PASS">
          <params>
            <param index="0">
              <value>
                <![CDATA[]]>
              </value>
            </param>
            <param index="1">
              <value>
                <![CDATA[]]>
              </value>
            </param>
          </params>
          <reporter-output>
          </reporter-output>
        </test-method> <!-- ReadFromExcel -->
        <test-method signature="ReadFromExcel(java.lang.String,java.lang.String)[pri:0, instance:ECommerce.tests.ReadUnamePwdFromExcel@eadd4fb]" started-at="2023-06-12T17:23:57 IST" name="ReadFromExcel" data-provider="readfromexcel" finished-at="2023-06-12T17:23:57 IST" duration-ms="0" status="PASS">
          <params>
            <param index="0">
              <value>
                <![CDATA[]]>
              </value>
            </param>
            <param index="1">
              <value>
                <![CDATA[]]>
              </value>
            </param>
          </params>
          <reporter-output>
          </reporter-output>
        </test-method> <!-- ReadFromExcel -->
        <test-method signature="ReadFromExcel(java.lang.String,java.lang.String)[pri:0, instance:ECommerce.tests.ReadUnamePwdFromExcel@eadd4fb]" started-at="2023-06-12T17:23:57 IST" name="ReadFromExcel" data-provider="readfromexcel" finished-at="2023-06-12T17:23:57 IST" duration-ms="0" status="PASS">
          <params>
            <param index="0">
              <value>
                <![CDATA[]]>
              </value>
            </param>
            <param index="1">
              <value>
                <![CDATA[]]>
              </value>
            </param>
          </params>
          <reporter-output>
          </reporter-output>
        </test-method> <!-- ReadFromExcel -->
        <test-method signature="ReadFromExcel(java.lang.String,java.lang.String)[pri:0, instance:ECommerce.tests.ReadUnamePwdFromExcel@eadd4fb]" started-at="2023-06-12T17:23:57 IST" name="ReadFromExcel" data-provider="readfromexcel" finished-at="2023-06-12T17:23:57 IST" duration-ms="1" status="PASS">
          <params>
            <param index="0">
              <value>
                <![CDATA[]]>
              </value>
            </param>
            <param index="1">
              <value>
                <![CDATA[]]>
              </value>
            </param>
          </params>
          <reporter-output>
          </reporter-output>
        </test-method> <!-- ReadFromExcel -->
        <test-method signature="ReadFromExcel(java.lang.String,java.lang.String)[pri:0, instance:ECommerce.tests.ReadUnamePwdFromExcel@eadd4fb]" started-at="2023-06-12T17:23:57 IST" name="ReadFromExcel" data-provider="readfromexcel" finished-at="2023-06-12T17:23:57 IST" duration-ms="0" status="PASS">
          <params>
            <param index="0">
              <value>
                <![CDATA[]]>
              </value>
            </param>
            <param index="1">
              <value>
                <![CDATA[]]>
              </value>
            </param>
          </params>
          <reporter-output>
          </reporter-output>
        </test-method> <!-- ReadFromExcel -->
        <test-method signature="ReadFromExcel(java.lang.String,java.lang.String)[pri:0, instance:ECommerce.tests.ReadUnamePwdFromExcel@eadd4fb]" started-at="2023-06-12T17:23:57 IST" name="ReadFromExcel" data-provider="readfromexcel" finished-at="2023-06-12T17:23:57 IST" duration-ms="1" status="PASS">
          <params>
            <param index="0">
              <value>
                <![CDATA[]]>
              </value>
            </param>
            <param index="1">
              <value>
                <![CDATA[]]>
              </value>
            </param>
          </params>
          <reporter-output>
          </reporter-output>
        </test-method> <!-- ReadFromExcel -->
        <test-method signature="ReadFromExcel(java.lang.String,java.lang.String)[pri:0, instance:ECommerce.tests.ReadUnamePwdFromExcel@eadd4fb]" started-at="2023-06-12T17:23:57 IST" name="ReadFromExcel" data-provider="readfromexcel" finished-at="2023-06-12T17:23:57 IST" duration-ms="2" status="PASS">
          <params>
            <param index="0">
              <value>
                <![CDATA[]]>
              </value>
            </param>
            <param index="1">
              <value>
                <![CDATA[]]>
              </value>
            </param>
          </params>
          <reporter-output>
          </reporter-output>
        </test-method> <!-- ReadFromExcel -->
        <test-method signature="ReadFromExcel(java.lang.String,java.lang.String)[pri:0, instance:ECommerce.tests.ReadUnamePwdFromExcel@eadd4fb]" started-at="2023-06-12T17:23:57 IST" name="ReadFromExcel" data-provider="readfromexcel" finished-at="2023-06-12T17:23:57 IST" duration-ms="1" status="PASS">
          <params>
            <param index="0">
              <value>
                <![CDATA[]]>
              </value>
            </param>
            <param index="1">
              <value>
                <![CDATA[]]>
              </value>
            </param>
          </params>
          <reporter-output>
          </reporter-output>
        </test-method> <!-- ReadFromExcel -->
        <test-method signature="ReadFromExcel(java.lang.String,java.lang.String)[pri:0, instance:ECommerce.tests.ReadUnamePwdFromExcel@eadd4fb]" started-at="2023-06-12T17:23:57 IST" name="ReadFromExcel" data-provider="readfromexcel" finished-at="2023-06-12T17:23:57 IST" duration-ms="0" status="PASS">
          <params>
            <param index="0">
              <value>
                <![CDATA[]]>
              </value>
            </param>
            <param index="1">
              <value>
                <![CDATA[]]>
              </value>
            </param>
          </params>
          <reporter-output>
          </reporter-output>
        </test-method> <!-- ReadFromExcel -->
        <test-method signature="ReadFromExcel(java.lang.String,java.lang.String)[pri:0, instance:ECommerce.tests.ReadUnamePwdFromExcel@eadd4fb]" started-at="2023-06-12T17:23:57 IST" name="ReadFromExcel" data-provider="readfromexcel" finished-at="2023-06-12T17:23:57 IST" duration-ms="0" status="PASS">
          <params>
            <param index="0">
              <value>
                <![CDATA[]]>
              </value>
            </param>
            <param index="1">
              <value>
                <![CDATA[]]>
              </value>
            </param>
          </params>
          <reporter-output>
          </reporter-output>
        </test-method> <!-- ReadFromExcel -->
        <test-method signature="ReadFromExcel(java.lang.String,java.lang.String)[pri:0, instance:ECommerce.tests.ReadUnamePwdFromExcel@eadd4fb]" started-at="2023-06-12T17:23:57 IST" name="ReadFromExcel" data-provider="readfromexcel" finished-at="2023-06-12T17:23:57 IST" duration-ms="0" status="PASS">
          <params>
            <param index="0">
              <value>
                <![CDATA[]]>
              </value>
            </param>
            <param index="1">
              <value>
                <![CDATA[]]>
              </value>
            </param>
          </params>
          <reporter-output>
          </reporter-output>
        </test-method> <!-- ReadFromExcel -->
        <test-method signature="ReadFromExcel(java.lang.String,java.lang.String)[pri:0, instance:ECommerce.tests.ReadUnamePwdFromExcel@eadd4fb]" started-at="2023-06-12T17:23:57 IST" name="ReadFromExcel" data-provider="readfromexcel" finished-at="2023-06-12T17:23:57 IST" duration-ms="1" status="PASS">
          <params>
            <param index="0">
              <value>
                <![CDATA[]]>
              </value>
            </param>
            <param index="1">
              <value>
                <![CDATA[]]>
              </value>
            </param>
          </params>
          <reporter-output>
          </reporter-output>
        </test-method> <!-- ReadFromExcel -->
        <test-method signature="ReadFromExcel(java.lang.String,java.lang.String)[pri:0, instance:ECommerce.tests.ReadUnamePwdFromExcel@eadd4fb]" started-at="2023-06-12T17:23:57 IST" name="ReadFromExcel" data-provider="readfromexcel" finished-at="2023-06-12T17:23:57 IST" duration-ms="0" status="PASS">
          <params>
            <param index="0">
              <value>
                <![CDATA[]]>
              </value>
            </param>
            <param index="1">
              <value>
                <![CDATA[]]>
              </value>
            </param>
          </params>
          <reporter-output>
          </reporter-output>
        </test-method> <!-- ReadFromExcel -->
        <test-method signature="ReadFromExcel(java.lang.String,java.lang.String)[pri:0, instance:ECommerce.tests.ReadUnamePwdFromExcel@eadd4fb]" started-at="2023-06-12T17:23:57 IST" name="ReadFromExcel" data-provider="readfromexcel" finished-at="2023-06-12T17:23:57 IST" duration-ms="0" status="PASS">
          <params>
            <param index="0">
              <value>
                <![CDATA[]]>
              </value>
            </param>
            <param index="1">
              <value>
                <![CDATA[]]>
              </value>
            </param>
          </params>
          <reporter-output>
          </reporter-output>
        </test-method> <!-- ReadFromExcel -->
        <test-method signature="ReadFromExcel(java.lang.String,java.lang.String)[pri:0, instance:ECommerce.tests.ReadUnamePwdFromExcel@eadd4fb]" started-at="2023-06-12T17:23:57 IST" name="ReadFromExcel" data-provider="readfromexcel" finished-at="2023-06-12T17:23:57 IST" duration-ms="1" status="PASS">
          <params>
            <param index="0">
              <value>
                <![CDATA[]]>
              </value>
            </param>
[...]
          <params>
            <param index="0">
              <value>
                <![CDATA[]]>
              </value>
            </param>
            <param index="1">
              <value>
                <![CDATA[]]>
              </value>
            </param>
          </params>
          <reporter-output>
          </reporter-output>
        </test-method> <!-- ReadFromExcel -->
        <test-method signature="ReadFromExcel(java.lang.String,java.lang.String)[pri:0, instance:ECommerce.tests.ReadUnamePwdFromExcel@eadd4fb]" started-at="2023-06-12T17:23:58 IST" name="ReadFromExcel" data-provider="readfromexcel" finished-at="2023-06-12T17:23:58 IST" duration-ms="0" status="PASS">
          <params>
            <param index="0">
              <value>
                <![CDATA[]]>
              </value>
            </param>
            <param index="1">
              <value>
                <![CDATA[]]>
              </value>
            </param>
          </params>
          <reporter-output>
          </reporter-output>
        </test-method> <!-- ReadFromExcel -->
        <test-method signature="ReadFromExcel(java.lang.String,java.lang.String)[pri:0, instance:ECommerce.tests.ReadUnamePwdFromExcel@eadd4fb]" started-at="2023-06-12T17:23:58 IST" name="ReadFromExcel" data-provider="readfromexcel" finished-at="2023-06-12T17:23:58 IST" duration-ms="0" status="PASS">
          <params>
            <param index="0">
              <value>
                <![CDATA[]]>
              </value>
            </param>
            <param index="1">
              <value>
                <![CDATA[]]>
              </value>
            </param>
          </params>
          <reporter-output>
          </reporter-output>
        </test-method> <!-- ReadFromExcel -->
        <test-method signature="ReadFromExcel(java.lang.String,java.lang.String)[pri:0, instance:ECommerce.tests.ReadUnamePwdFromExcel@eadd4fb]" started-at="2023-06-12T17:23:58 IST" name="ReadFromExcel" data-provider="readfromexcel" finished-at="2023-06-12T17:23:58 IST" duration-ms="2" status="PASS">
          <params>
            <param index="0">
              <value>
                <![CDATA[]]>
              </value>
            </param>
            <param index="1">
              <value>
                <![CDATA[]]>
              </value>
            </param>
          </params>
          <reporter-output>
          </reporter-output>
        </test-method> <!-- ReadFromExcel -->
        <test-method signature="ReadFromExcel(java.lang.String,java.lang.String)[pri:0, instance:ECommerce.tests.ReadUnamePwdFromExcel@eadd4fb]" started-at="2023-06-12T17:23:58 IST" name="ReadFromExcel" data-provider="readfromexcel" finished-at="2023-06-12T17:23:58 IST" duration-ms="0" status="PASS">
          <params>
            <param index="0">
              <value>
                <![CDATA[]]>
              </value>
            </param>
            <param index="1">
              <value>
                <![CDATA[]]>
              </value>
            </param>
          </params>
          <reporter-output>
          </reporter-output>
        </test-method> <!-- ReadFromExcel -->
        <test-method signature="ReadFromExcel(java.lang.String,java.lang.String)[pri:0, instance:ECommerce.tests.ReadUnamePwdFromExcel@eadd4fb]" started-at="2023-06-12T17:23:58 IST" name="ReadFromExcel" data-provider="readfromexcel" finished-at="2023-06-12T17:23:58 IST" duration-ms="0" status="PASS">
          <params>
            <param index="0">
              <value>
                <![CDATA[]]>
              </value>
            </param>
            <param index="1">
              <value>
                <![CDATA[]]>
              </value>
            </param>
          </params>
          <reporter-output>
          </reporter-output>
        </test-method> <!-- ReadFromExcel -->
        <test-method signature="ReadFromExcel(java.lang.String,java.lang.String)[pri:0, instance:ECommerce.tests.ReadUnamePwdFromExcel@eadd4fb]" started-at="2023-06-12T17:23:58 IST" name="ReadFromExcel" data-provider="readfromexcel" finished-at="2023-06-12T17:23:58 IST" duration-ms="0" status="PASS">
          <params>
            <param index="0">
              <value>
                <![CDATA[]]>
              </value>
            </param>
            <param index="1">
              <value>
                <![CDATA[]]>
              </value>
            </param>
          </params>
          <reporter-output>
          </reporter-output>
        </test-method> <!-- ReadFromExcel -->
        <test-method signature="ReadFromExcel(java.lang.String,java.lang.String)[pri:0, instance:ECommerce.tests.ReadUnamePwdFromExcel@eadd4fb]" started-at="2023-06-12T17:23:58 IST" name="ReadFromExcel" data-provider="readfromexcel" finished-at="2023-06-12T17:23:58 IST" duration-ms="0" status="PASS">
          <params>
            <param index="0">
              <value>
                <![CDATA[]]>
              </value>
            </param>
            <param index="1">
              <value>
                <![CDATA[]]>
              </value>
            </param>
          </params>
          <reporter-output>
          </reporter-output>
        </test-method> <!-- ReadFromExcel -->
        <test-method signature="ReadFromExcel(java.lang.String,java.lang.String)[pri:0, instance:ECommerce.tests.ReadUnamePwdFromExcel@eadd4fb]" started-at="2023-06-12T17:23:58 IST" name="ReadFromExcel" data-provider="readfromexcel" finished-at="2023-06-12T17:23:58 IST" duration-ms="0" status="PASS">
          <params>
            <param index="0">
              <value>
                <![CDATA[]]>
              </value>
            </param>
            <param index="1">
              <value>
                <![CDATA[]]>
              </value>
            </param>
          </params>
          <reporter-output>
          </reporter-output>
        </test-method> <!-- ReadFromExcel -->
        <test-method signature="ReadFromExcel(java.lang.String,java.lang.String)[pri:0, instance:ECommerce.tests.ReadUnamePwdFromExcel@eadd4fb]" started-at="2023-06-12T17:23:58 IST" name="ReadFromExcel" data-provider="readfromexcel" finished-at="2023-06-12T17:23:58 IST" duration-ms="0" status="PASS">
          <params>
            <param index="0">
              <value>
                <![CDATA[]]>
              </value>
            </param>
            <param index="1">
              <value>
                <![CDATA[]]>
              </value>
            </param>
          </params>
          <reporter-output>
          </reporter-output>
        </test-method> <!-- ReadFromExcel -->
        <test-method signature="ReadFromExcel(java.lang.String,java.lang.String)[pri:0, instance:ECommerce.tests.ReadUnamePwdFromExcel@eadd4fb]" started-at="2023-06-12T17:23:58 IST" name="ReadFromExcel" data-provider="readfromexcel" finished-at="2023-06-12T17:23:58 IST" duration-ms="0" status="PASS">
          <params>
            <param index="0">
              <value>
                <![CDATA[]]>
              </value>
            </param>
            <param index="1">
              <value>
                <![CDATA[]]>
              </value>
            </param>
          </params>
          <reporter-output>
          </reporter-output>
        </test-method> <!-- ReadFromExcel -->
        <test-method signature="ReadFromExcel(java.lang.String,java.lang.String)[pri:0, instance:ECommerce.tests.ReadUnamePwdFromExcel@eadd4fb]" started-at="2023-06-12T17:23:58 IST" name="ReadFromExcel" data-provider="readfromexcel" finished-at="2023-06-12T17:23:58 IST" duration-ms="0" status="PASS">
          <params>
            <param index="0">
              <value>
                <![CDATA[]]>
              </value>
            </param>
            <param index="1">
              <value>
                <![CDATA[]]>
              </value>
            </param>
          </params>
          <reporter-output>
          </reporter-output>
        </test-method> <!-- ReadFromExcel -->
        <test-method signature="ReadFromExcel(java.lang.String,java.lang.String)[pri:0, instance:ECommerce.tests.ReadUnamePwdFromExcel@eadd4fb]" started-at="2023-06-12T17:23:58 IST" name="ReadFromExcel" data-provider="readfromexcel" finished-at="2023-06-12T17:23:58 IST" duration-ms="0" status="PASS">
          <params>
            <param index="0">
              <value>
                <![CDATA[]]>
              </value>
            </param>
            <param index="1">
              <value>
                <![CDATA[]]>
              </value>
            </param>
          </params>
          <reporter-output>
          </reporter-output>
        </test-method> <!-- ReadFromExcel -->
        <test-method signature="ReadFromExcel(java.lang.String,java.lang.String)[pri:0, instance:ECommerce.tests.ReadUnamePwdFromExcel@eadd4fb]" started-at="2023-06-12T17:23:58 IST" name="ReadFromExcel" data-provider="readfromexcel" finished-at="2023-06-12T17:23:58 IST" duration-ms="0" status="PASS">
          <params>
            <param index="0">
              <value>
                <![CDATA[]]>
              </value>
            </param>
            <param index="1">
              <value>
                <![CDATA[]]>
              </value>
            </param>
          </params>
          <reporter-output>
          </reporter-output>
        </test-method> <!-- ReadFromExcel -->
        <test-method signature="ReadFromExcel(java.lang.String,java.lang.String)[pri:0, instance:ECommerce.tests.ReadUnamePwdFromExcel@eadd4fb]" started-at="2023-06-12T17:23:58 IST" name="ReadFromExcel" data-provider="readfromexcel" finished-at="2023-06-12T17:23:58 IST" duration-ms="0" status="PASS">
          <params>
            <param index="0">
              <value>
                <![CDATA[]]>
              </value>
            </param>
            <param index="1">
              <value>
                <![CDATA[]]>
              </value>
            </param>
          </params>
          <reporter-output>
          </reporter-output>
        </test-method> <!-- ReadFromExcel -->
        <test-method signature="ReadFromExcel(java.lang.String,java.lang.String)[pri:0, instance:ECommerce.tests.ReadUnamePwdFromExcel@eadd4fb]" started-at="2023-06-12T17:23:58 IST" name="ReadFromExcel" data-provider="readfromexcel" finished-at="2023-06-12T17:23:58 IST" duration-ms="1" status="PASS">
          <params>
            <param index="0">
              <value>
                <![CDATA[]]>
              </value>
            </param>
            <param index="1">
              <value>
                <![CDATA[]]>
              </value>
            </param>
          </params>
          <reporter-output>
          </reporter-output>
        </test-method> <!-- ReadFromExcel -->
        <test-method signature="ReadFromExcel(java.lang.String,java.lang.String)[pri:0, instance:ECommerce.tests.ReadUnamePwdFromExcel@eadd4fb]" started-at="2023-06-12T17:23:58 IST" name="ReadFromExcel" data-provider="readfromexcel" finished-at="2023-06-12T17:23:58 IST" duration-ms="0" status="PASS">
          <params>
            <param index="0">
              <value>
                <![CDATA[]]>
              </value>
            </param>
            <param index="1">
              <value>
                <![CDATA[]]>
              </value>
            </param>
          </params>
          <reporter-output>
          </reporter-output>
        </test-method> <!-- ReadFromExcel -->
        <test-method signature="ReadFromExcel(java.lang.String,java.lang.String)[pri:0, instance:ECommerce.tests.ReadUnamePwdFromExcel@eadd4fb]" started-at="2023-06-12T17:23:58 IST" name="ReadFromExcel" data-provider="readfromexcel" finished-at="2023-06-12T17:23:58 IST" duration-ms="1" status="PASS">
          <params>
            <param index="0">
              <value>
                <![CDATA[]]>
              </value>
            </param>
            <param index="1">
              <value>
                <![CDATA[]]>
              </value>
            </param>
          </params>
          <reporter-output>
          </reporter-output>
        </test-method> <!-- ReadFromExcel -->
        <test-method signature="ReadFromExcel(java.lang.String,java.lang.String)[pri:0, instance:ECommerce.tests.ReadUnamePwdFromExcel@eadd4fb]" started-at="2023-06-12T17:23:58 IST" name="ReadFromExcel" data-provider="readfromexcel" finished-at="2023-06-12T17:23:58 IST" duration-ms="0" status="PASS">
          <params>
            <param index="0">
              <value>
                <![CDATA[]]>
              </value>
            </param>
            <param index="1">
              <value>
                <![CDATA[]]>
              </value>
            </param>
          </params>
          <reporter-output>
          </reporter-output>
        </test-method> <!-- ReadFromExcel -->
        <test-method signature="ReadFromExcel(java.lang.String,java.lang.String)[pri:0, instance:ECommerce.tests.ReadUnamePwdFromExcel@eadd4fb]" started-at="2023-06-12T17:23:58 IST" name="ReadFromExcel" data-provider="readfromexcel" finished-at="2023-06-12T17:23:58 IST" duration-ms="1" status="PASS">
          <params>
            <param index="0">
              <value>
                <![CDATA[]]>
              </value>
            </param>
            <param index="1">
              <value>
                <![CDATA[]]>
              </value>
            </param>
          </params>
          <reporter-output>
          </reporter-output>
        </test-method> <!-- ReadFromExcel -->
        <test-method signature="ReadFromExcel(java.lang.String,java.lang.String)[pri:0, instance:ECommerce.tests.ReadUnamePwdFromExcel@eadd4fb]" started-at="2023-06-12T17:23:58 IST" name="ReadFromExcel" data-provider="readfromexcel" finished-at="2023-06-12T17:23:58 IST" duration-ms="0" status="PASS">
          <params>
            <param index="0">
              <value>
                <![CDATA[]]>
              </value>
            </param>
            <param index="1">
              <value>
                <![CDATA[]]>
              </value>
            </param>
          </params>
          <reporter-output>
          </reporter-output>
        </test-method> <!-- ReadFromExcel -->
        <test-method signature="ReadFromExcel(java.lang.String,java.lang.String)[pri:0, instance:ECommerce.tests.ReadUnamePwdFromExcel@eadd4fb]" started-at="2023-06-12T17:23:58 IST" name="ReadFromExcel" data-provider="readfromexcel" finished-at="2023-06-12T17:23:58 IST" duration-ms="0" status="PASS">
          <params>
            <param index="0">
              <value>
                <![CDATA[]]>
              </value>
            </param>
            <param index="1">
              <value>
                <![CDATA[]]>
              </value>
            </param>
          </params>
          <reporter-output>
          </reporter-output>
        </test-method> <!-- ReadFromExcel -->
        <test-method signature="ReadFromExcel(java.lang.String,java.lang.String)[pri:0, instance:ECommerce.tests.ReadUnamePwdFromExcel@eadd4fb]" started-at="2023-06-12T17:23:58 IST" name="ReadFromExcel" data-provider="readfromexcel" finished-at="2023-06-12T17:23:58 IST" duration-ms="0" status="PASS">
          <params>
            <param index="0">
              <value>
                <![CDATA[]]>
              </value>
            </param>
            <param index="1">
              <value>
                <![CDATA[]]>
              </value>
            </param>
          </params>
          <reporter-output>
          </reporter-output>
        </test-method> <!-- ReadFromExcel -->
        <test-method signature="ReadFromExcel(java.lang.String,java.lang.String)[pri:0, instance:ECommerce.tests.ReadUnamePwdFromExcel@eadd4fb]" started-at="2023-06-12T17:23:58 IST" name="ReadFromExcel" data-provider="readfromexcel" finished-at="2023-06-12T17:23:58 IST" duration-ms="0" status="PASS">
          <params>
            <param index="0">
              <value>
                <![CDATA[]]>
              </value>
            </param>
            <param index="1">
              <value>
                <![CDATA[]]>
              </value>
            </param>
          </params>
          <reporter-output>
          </reporter-output>
        </test-method> <!-- ReadFromExcel -->
        <test-method signature="ReadFromExcel(java.lang.String,java.lang.String)[pri:0, instance:ECommerce.tests.ReadUnamePwdFromExcel@eadd4fb]" started-at="2023-06-12T17:23:58 IST" name="ReadFromExcel" data-provider="readfromexcel" finished-at="2023-06-12T17:23:58 IST" duration-ms="1" status="PASS">
          <params>
            <param index="0">
              <value>
                <![CDATA[]]>
              </value>
            </param>
            <param index="1">
              <value>
                <![CDATA[]]>
              </value>
            </param>
          </params>
          <reporter-output>
          </reporter-output>
        </test-method> <!-- ReadFromExcel -->
        <test-method signature="ReadFromExcel(java.lang.String,java.lang.String)[pri:0, instance:ECommerce.tests.ReadUnamePwdFromExcel@eadd4fb]" started-at="2023-06-12T17:23:58 IST" name="ReadFromExcel" data-provider="readfromexcel" finished-at="2023-06-12T17:23:58 IST" duration-ms="1" status="PASS">
          <params>
            <param index="0">
              <value>
                <![CDATA[]]>
              </value>
            </param>
            <param index="1">
              <value>
                <![CDATA[]]>
              </value>
            </param>
          </params>
          <reporter-output>
          </reporter-output>
        </test-method> <!-- ReadFromExcel -->
        <test-method signature="ReadFromExcel(java.lang.String,java.lang.String)[pri:0, instance:ECommerce.tests.ReadUnamePwdFromExcel@eadd4fb]" started-at="2023-06-12T17:23:58 IST" name="ReadFromExcel" data-provider="readfromexcel" finished-at="2023-06-12T17:23:58 IST" duration-ms="0" status="PASS">
          <params>
            <param index="0">
              <value>
                <![CDATA[]]>
              </value>
            </param>
            <param index="1">
              <value>
                <![CDATA[]]>
              </value>
            </param>
          </params>
          <reporter-output>
          </reporter-output>
        </test-method> <!-- ReadFromExcel -->
        <test-method signature="ReadFromExcel(java.lang.String,java.lang.String)[pri:0, instance:ECommerce.tests.ReadUnamePwdFromExcel@eadd4fb]" started-at="2023-06-12T17:23:58 IST" name="ReadFromExcel" data-provider="readfromexcel" finished-at="2023-06-12T17:23:58 IST" duration-ms="1" status="PASS">
          <params>
            <param index="0">
              <value>
                <![CDATA[]]>
              </value>
            </param>
            <param index="1">
              <value>
                <![CDATA[]]>
              </value>
            </param>
          </params>
          <reporter-output>
          </reporter-output>
        </test-method> <!-- ReadFromExcel -->
        <test-method signature="ReadFromExcel(java.lang.String,java.lang.String)[pri:0, instance:ECommerce.tests.ReadUnamePwdFromExcel@eadd4fb]" started-at="2023-06-12T17:23:58 IST" name="ReadFromExcel" data-provider="readfromexcel" finished-at="2023-06-12T17:23:58 IST" duration-ms="1" status="PASS">
          <params>
            <param index="0">
              <value>
                <![CDATA[]]>
              </value>
            </param>
            <param index="1">
              <value>
                <![CDATA[]]>
              </value>
            </param>
          </params>
          <reporter-output>
          </reporter-output>
        </test-method> <!-- ReadFromExcel -->
      </class> <!-- ECommerce.tests.ReadUnamePwdFromExcel -->
    </test> <!-- Default test -->
  </suite> <!-- Default suite -->
</testng-results>
