<?xml version="1.0" encoding="UTF-8"?>
<!-- Generated by org.testng.reporters.JUnitReportReporter -->
<testsuite hostname="Shrishti_BT" failures="0" tests="1000" name="ECommerce.tests.ReadUnamePwdFromExcel" time="0.568" errors="0" timestamp="2023-06-12T17:23:58 IST" skipped="0">
  <testcase classname="ECommerce.tests.ReadUnamePwdFromExcel" name="ReadFromExcel" time="0.000"/>
  <system-out/>
  <testcase classname="ECommerce.tests.ReadUnamePwdFromExcel" name="ReadFromExcel" time="0.002"/>
  <system-out/>
  <testcase classname="ECommerce.tests.ReadUnamePwdFromExcel" name="ReadFromExcel" time="0.000"/>
  <system-out/>
  <testcase classname="ECommerce.tests.ReadUnamePwdFromExcel" name="ReadFromExcel" time="0.000"/>
  <system-out/>
  <testcase classname="ECommerce.tests.ReadUnamePwdFromExcel" name="ReadFromExcel" time="0.000"/>
  <system-out/>
  <testcase classname="ECommerce.tests.ReadUnamePwdFromExcel" name="ReadFromExcel" time="0.000"/>
  <system-out/>
  <testcase classname="ECommerce.tests.ReadUnamePwdFromExcel" name="ReadFromExcel" time="0.000"/>
  <system-out/>
  <testcase classname="ECommerce.tests.ReadUnamePwdFromExcel" name="ReadFromExcel" time="0.002"/>
  <system-out/>
  <testcase classname="ECommerce.tests.ReadUnamePwdFromExcel" name="ReadFromExcel" time="0.002"/>
  <system-out/>
  <testcase classname="ECommerce.tests.ReadUnamePwdFromExcel" name="ReadFromExcel" time="0.001"/>
  <system-out/>
  <testcase classname="ECommerce.tests.ReadUnamePwdFromExcel" name="ReadFromExcel" time="0.000"/>
  <system-out/>
  <testcase classname="ECommerce.tests.ReadUnamePwdFromExcel" name="ReadFromExcel" time="0.000"/>
  <system-out/>
  <testcase classname="ECommerce.tests.ReadUnamePwdFromExcel" name="ReadFromExcel" time="0.000"/>
  <system-out/>
  <testcase classname="ECommerce.tests.ReadUnamePwdFromExcel" name="ReadFromExcel" time="0.000"/>
  <system-out/>
  <testcase classname="ECommerce.tests.ReadUnamePwdFromExcel" name="ReadFromExcel" time="0.000"/>
  <system-out/>
  <testcase classname="ECommerce.tests.ReadUnamePwdFromExcel" name="ReadFromExcel" time="0.000"/>
  <system-out/>
  <testcase classname="ECommerce.tests.ReadUnamePwdFromExcel" name="ReadFromExcel" time="0.002"/>
  <system-out/>
  <testcase classname="ECommerce.tests.ReadUnamePwdFromExcel" name="ReadFromExcel" time="0.002"/>
  <system-out/>
  <testcase classname="ECommerce.tests.ReadUnamePwdFromExcel" name="ReadFromExcel" time="0.001"/>
  <system-out/>
  <testcase classname="ECommerce.tests.ReadUnamePwdFromExcel" name="ReadFromExcel" time="0.000"/>
  <system-out/>
  <testcase classname="ECommerce.tests.ReadUnamePwdFromExcel" name="ReadFromExcel" time="0.001"/>
  <system-out/>
  <testcase classname="ECommerce.tests.ReadUnamePwdFromExcel" name="ReadFromExcel" time="0.000"/>
  <system-out/>
  <testcase classname="ECommerce.tests.ReadUnamePwdFromExcel" name="ReadFromExcel" time="0.000"/>
  <system-out/>
  <testcase classname="ECommerce.tests.ReadUnamePwdFromExcel" name="ReadFromExcel" time="0.001"/>
  <system-out/>
  <testcase classname="ECommerce.tests.ReadUnamePwdFromExcel" name="ReadFromExcel" time="0.000"/>
  <system-out/>
  <testcase classname="ECommerce.tests.ReadUnamePwdFromExcel" name="ReadFromExcel" time="0.000"/>
  <system-out/>
  <testcase classname="ECommerce.tests.ReadUnamePwdFromExcel" name="ReadFromExcel" time="0.000"/>
  <system-out/>
  <testcase classname="ECommerce.tests.ReadUnamePwdFromExcel" name="ReadFromExcel" time="0.000"/>
  <system-out/>
  <testcase classname="ECommerce.tests.ReadUnamePwdFromExcel" name="ReadFromExcel" time="0.001"/>
  <system-out/>
  <testcase classname="ECommerce.tests.ReadUnamePwdFromExcel" name="ReadFromExcel" time="0.000"/>
  <system-out/>
  <testcase classname="ECommerce.tests.ReadUnamePwdFromExcel" name="ReadFromExcel" time="0.000"/>
  <system-out/>
  <testcase classname="ECommerce.tests.ReadUnamePwdFromExcel" name="ReadFromExcel" time="0.000"/>
  <system-out/>
  <testcase classname="ECommerce.tests.ReadUnamePwdFromExcel" name="ReadFromExcel" time="0.001"/>
  <system-out/>
  <testcase classname="ECommerce.tests.ReadUnamePwdFromExcel" name="ReadFromExcel" time="0.000"/>
  <system-out/>
  <testcase classname="ECommerce.tests.ReadUnamePwdFromExcel" name="ReadFromExcel" time="0.001"/>
  <system-out/>
  <testcase classname="ECommerce.tests.ReadUnamePwdFromExcel" name="ReadFromExcel" time="0.000"/>
  <system-out/>
  <testcase classname="ECommerce.tests.ReadUnamePwdFromExcel" name="ReadFromExcel" time="0.000"/>
  <system-out/>
  <testcase classname="ECommerce.tests.ReadUnamePwdFromExcel" name="ReadFromExcel" time="0.001"/>
  <system-out/>
  <testcase classname="ECommerce.tests.ReadUnamePwdFromExcel" name="ReadFromExcel" time="0.001"/>
  <system-out/>
  <testcase classname="ECommerce.tests.ReadUnamePwdFromExcel" name="ReadFromExcel" time="0.000"/>
  <system-out/>
  <testcase classname="ECommerce.tests.ReadUnamePwdFromExcel" name="ReadFromExcel" time="0.002"/>
  <system-out/>
  <testcase classname="ECommerce.tests.ReadUnamePwdFromExcel" name="ReadFromExcel" time="0.002"/>
  <system-out/>
  <testcase classname="ECommerce.tests.ReadUnamePwdFromExcel" name="ReadFromExcel" time="0.001"/>
  <system-out/>
  <testcase classname="ECommerce.tests.ReadUnamePwdFromExcel" name="ReadFromExcel" time="0.002"/>
  <system-out/>
  <testcase classname="ECommerce.tests.ReadUnamePwdFromExcel" name="ReadFromExcel" time="0.000"/>
  <system-out/>
  <testcase classname="ECommerce.tests.ReadUnamePwdFromExcel" name="ReadFromExcel" time="0.002"/>
  <system-out/>
  <testcase classname="ECommerce.tests.ReadUnamePwdFromExcel" name="ReadFromExcel" time="0.002"/>
  <system-out/>
  <testcase classname="ECommerce.tests.ReadUnamePwdFromExcel" name="ReadFromExcel" time="0.000"/>
  <system-out/>
  <testcase classname="ECommerce.tests.ReadUnamePwdFromExcel" name="ReadFromExcel" time="0.000"/>
  <system-out/>
  <testcase classname="ECommerce.tests.ReadUnamePwdFromExcel" name="ReadFromExcel" time="0.000"/>
  <system-out/>
  <testcase classname="ECommerce.tests.ReadUnamePwdFromExcel" name="ReadFromExcel" time="0.000"/>
  <system-out/>
  <testcase classname="ECommerce.tests.ReadUnamePwdFromExcel" name="ReadFromExcel" time="0.000"/>
  <system-out/>
  <testcase classname="ECommerce.tests.ReadUnamePwdFromExcel" name="ReadFromExcel" time="0.020"/>
  <system-out/>
  <testcase classname="ECommerce.tests.ReadUnamePwdFromExcel" name="ReadFromExcel" time="0.000"/>
  <system-out/>
  <testcase classname="ECommerce.tests.ReadUnamePwdFromExcel" name="ReadFromExcel" time="0.000"/>
  <system-out/>
  <testcase classname="ECommerce.tests.ReadUnamePwdFromExcel" name="ReadFromExcel" time="0.001"/>
  <system-out/>
  <testcase classname="ECommerce.tests.ReadUnamePwdFromExcel" name="ReadFromExcel" time="0.000"/>
  <system-out/>
  <testcase classname="ECommerce.tests.ReadUnamePwdFromExcel" name="ReadFromExcel" time="0.001"/>
  <system-out/>
  <testcase classname="ECommerce.tests.ReadUnamePwdFromExcel" name="ReadFromExcel" time="0.000"/>
  <system-out/>
  <testcase classname="ECommerce.tests.ReadUnamePwdFromExcel" name="ReadFromExcel" time="0.001"/>
  <system-out/>
  <testcase classname="ECommerce.tests.ReadUnamePwdFromExcel" name="ReadFromExcel" time="0.000"/>
  <system-out/>
  <testcase classname="ECommerce.tests.ReadUnamePwdFromExcel" name="ReadFromExcel" time="0.000"/>
  <system-out/>
  <testcase classname="ECommerce.tests.ReadUnamePwdFromExcel" name="ReadFromExcel" time="0.001"/>
  <system-out/>
  <testcase classname="ECommerce.tests.ReadUnamePwdFromExcel" name="ReadFromExcel" time="0.000"/>
  <system-out/>
  <testcase classname="ECommerce.tests.ReadUnamePwdFromExcel" name="ReadFromExcel" time="0.000"/>
  <system-out/>
  <testcase classname="ECommerce.tests.ReadUnamePwdFromExcel" name="ReadFromExcel" time="0.000"/>
  <system-out/>
  <testcase classname="ECommerce.tests.ReadUnamePwdFromExcel" name="ReadFromExcel" time="0.000"/>
  <system-out/>
  <testcase classname="ECommerce.tests.ReadUnamePwdFromExcel" name="ReadFromExcel" time="0.003"/>
  <system-out/>
  <testcase classname="ECommerce.tests.ReadUnamePwdFromExcel" name="ReadFromExcel" time="0.001"/>
  <system-out/>
  <testcase classname="ECommerce.tests.ReadUnamePwdFromExcel" name="ReadFromExcel" time="0.003"/>
  <system-out/>
  <testcase classname="ECommerce.tests.ReadUnamePwdFromExcel" name="ReadFromExcel" time="0.001"/>
  <system-out/>
  <testcase classname="ECommerce.tests.ReadUnamePwdFromExcel" name="ReadFromExcel" time="0.000"/>
  <system-out/>
  <testcase classname="ECommerce.tests.ReadUnamePwdFromExcel" name="ReadFromExcel" time="0.000"/>
  <system-out/>
  <testcase classname="ECommerce.tests.ReadUnamePwdFromExcel" name="ReadFromExcel" time="0.000"/>
  <system-out/>
  <testcase classname="ECommerce.tests.ReadUnamePwdFromExcel" name="ReadFromExcel" time="0.000"/>
  <system-out/>
  <testcase classname="ECommerce.tests.ReadUnamePwdFromExcel" name="ReadFromExcel" time="0.001"/>
  <system-out/>
  <testcase classname="ECommerce.tests.ReadUnamePwdFromExcel" name="ReadFromExcel" time="0.001"/>
  <system-out/>
  <testcase classname="ECommerce.tests.ReadUnamePwdFromExcel" name="ReadFromExcel" time="0.000"/>
  <system-out/>
  <testcase classname="ECommerce.tests.ReadUnamePwdFromExcel" name="ReadFromExcel" time="0.000"/>
  <system-out/>
  <testcase classname="ECommerce.tests.ReadUnamePwdFromExcel" name="ReadFromExcel" time="0.000"/>
  <system-out/>
  <testcase classname="ECommerce.tests.ReadUnamePwdFromExcel" name="ReadFromExcel" time="0.000"/>
  <system-out/>
  <testcase classname="ECommerce.tests.ReadUnamePwdFromExcel" name="ReadFromExcel" time="0.000"/>
  <system-out/>
  <testcase classname="ECommerce.tests.ReadUnamePwdFromExcel" name="ReadFromExcel" time="0.000"/>
  <system-out/>
  <testcase classname="ECommerce.tests.ReadUnamePwdFromExcel" name="ReadFromExcel" time="0.000"/>
  <system-out/>
  <testcase classname="ECommerce.tests.ReadUnamePwdFromExcel" name="ReadFromExcel" time="0.000"/>
  <system-out/>
  <testcase classname="ECommerce.tests.ReadUnamePwdFromExcel" name="ReadFromExcel" time="0.000"/>
  <system-out/>
  <testcase classname="ECommerce.tests.ReadUnamePwdFromExcel" name="ReadFromExcel" time="0.001"/>
  <system-out/>
  <testcase classname="ECommerce.tests.ReadUnamePwdFromExcel" name="ReadFromExcel" time="0.000"/>
  <system-out/>
  <testcase classname="ECommerce.tests.ReadUnamePwdFromExcel" name="ReadFromExcel" time="0.001"/>
  <system-out/>
  <testcase classname="ECommerce.tests.ReadUnamePwdFromExcel" name="ReadFromExcel" time="0.001"/>
  <system-out/>
  <testcase classname="ECommerce.tests.ReadUnamePwdFromExcel" name="ReadFromExcel" time="0.000"/>
  <system-out/>
  <testcase classname="ECommerce.tests.ReadUnamePwdFromExcel" name="ReadFromExcel" time="0.001"/>
  <system-out/>
  <testcase classname="ECommerce.tests.ReadUnamePwdFromExcel" name="ReadFromExcel" time="0.000"/>
  <system-out/>
  <testcase classname="ECommerce.tests.ReadUnamePwdFromExcel" name="ReadFromExcel" time="0.001"/>
  <system-out/>
  <testcase classname="ECommerce.tests.ReadUnamePwdFromExcel" name="ReadFromExcel" time="0.000"/>
  <system-out/>
  <testcase classname="ECommerce.tests.ReadUnamePwdFromExcel" name="ReadFromExcel" time="0.000"/>
  <system-out/>
  <testcase classname="ECommerce.tests.ReadUnamePwdFromExcel" name="ReadFromExcel" time="0.000"/>
  <system-out/>
  <testcase classname="ECommerce.tests.ReadUnamePwdFromExcel" name="ReadFromExcel" time="0.001"/>
  <system-out/>
  <testcase classname="ECommerce.tests.ReadUnamePwdFromExcel" name="ReadFromExcel" time="0.000"/>
  <system-out/>
  <testcase classname="ECommerce.tests.ReadUnamePwdFromExcel" name="ReadFromExcel" time="0.000"/>
  <system-out/>
  <testcase classname="ECommerce.tests.ReadUnamePwdFromExcel" name="ReadFromExcel" time="0.000"/>
  <system-out/>
  <testcase classname="ECommerce.tests.ReadUnamePwdFromExcel" name="ReadFromExcel" time="0.000"/>
  <system-out/>
  <testcase classname="ECommerce.tests.ReadUnamePwdFromExcel" name="ReadFromExcel" time="0.000"/>
  <system-out/>
  <testcase classname="ECommerce.tests.ReadUnamePwdFromExcel" name="ReadFromExcel" time="0.002"/>
  <system-out/>
  <testcase classname="ECommerce.tests.ReadUnamePwdFromExcel" name="ReadFromExcel" time="0.002"/>
  <system-out/>
  <testcase classname="ECommerce.tests.ReadUnamePwdFromExcel" name="ReadFromExcel" time="0.001"/>
  <system-out/>
  <testcase classname="ECommerce.tests.ReadUnamePwdFromExcel" name="ReadFromExcel" time="0.001"/>
  <system-out/>
  <testcase classname="ECommerce.tests.ReadUnamePwdFromExcel" name="ReadFromExcel" time="0.000"/>
  <system-out/>
  <testcase classname="ECommerce.tests.ReadUnamePwdFromExcel" name="ReadFromExcel" time="0.000"/>
  <system-out/>
  <testcase classname="ECommerce.tests.ReadUnamePwdFromExcel" name="ReadFromExcel" time="0.000"/>
  <system-out/>
  <testcase classname="ECommerce.tests.ReadUnamePwdFromExcel" name="ReadFromExcel" time="0.000"/>
  <system-out/>
  <testcase classname="ECommerce.tests.ReadUnamePwdFromExcel" name="ReadFromExcel" time="0.000"/>
  <system-out/>
  <testcase classname="ECommerce.tests.ReadUnamePwdFromExcel" name="ReadFromExcel" time="0.000"/>
  <system-out/>
  <testcase classname="ECommerce.tests.ReadUnamePwdFromExcel" name="ReadFromExcel" time="0.000"/>
  <system-out/>
  <testcase classname="ECommerce.tests.ReadUnamePwdFromExcel" name="ReadFromExcel" time="0.000"/>
  <system-out/>
  <testcase classname="ECommerce.tests.ReadUnamePwdFromExcel" name="ReadFromExcel" time="0.001"/>
  <system-out/>
  <testcase classname="ECommerce.tests.ReadUnamePwdFromExcel" name="ReadFromExcel" time="0.001"/>
  <system-out/>
  <testcase classname="ECommerce.tests.ReadUnamePwdFromExcel" name="ReadFromExcel" time="0.001"/>
  <system-out/>
  <testcase classname="ECommerce.tests.ReadUnamePwdFromExcel" name="ReadFromExcel" time="0.001"/>
  <system-out/>
  <testcase classname="ECommerce.tests.ReadUnamePwdFromExcel" name="ReadFromExcel" time="0.000"/>
  <system-out/>
  <testcase classname="ECommerce.tests.ReadUnamePwdFromExcel" name="ReadFromExcel" time="0.001"/>
  <system-out/>
  <testcase classname="ECommerce.tests.ReadUnamePwdFromExcel" name="ReadFromExcel" time="0.000"/>
  <system-out/>
  <testcase classname="ECommerce.tests.ReadUnamePwdFromExcel" name="ReadFromExcel" time="0.000"/>
  <system-out/>
  <testcase classname="ECommerce.tests.ReadUnamePwdFromExcel" name="ReadFromExcel" time="0.001"/>
  <system-out/>
  <testcase classname="ECommerce.tests.ReadUnamePwdFromExcel" name="ReadFromExcel" time="0.000"/>
  <system-out/>
  <testcase classname="ECommerce.tests.ReadUnamePwdFromExcel" name="ReadFromExcel" time="0.001"/>
  <system-out/>
  <testcase classname="ECommerce.tests.ReadUnamePwdFromExcel" name="ReadFromExcel" time="0.000"/>
  <system-out/>
  <testcase classname="ECommerce.tests.ReadUnamePwdFromExcel" name="ReadFromExcel" time="0.000"/>
  <system-out/>
  <testcase classname="ECommerce.tests.ReadUnamePwdFromExcel" name="ReadFromExcel" time="0.001"/>
  <system-out/>
  <testcase classname="ECommerce.tests.ReadUnamePwdFromExcel" name="ReadFromExcel" time="0.001"/>
  <system-out/>
  <testcase classname="ECommerce.tests.ReadUnamePwdFromExcel" name="ReadFromExcel" time="0.000"/>
  <system-out/>
  <testcase classname="ECommerce.tests.ReadUnamePwdFromExcel" name="ReadFromExcel" time="0.002"/>
  <system-out/>
  <testcase classname="ECommerce.tests.ReadUnamePwdFromExcel" name="ReadFromExcel" time="0.000"/>
  <system-out/>
  <testcase classname="ECommerce.tests.ReadUnamePwdFromExcel" name="ReadFromExcel" time="0.000"/>
  <system-out/>
  <testcase classname="ECommerce.tests.ReadUnamePwdFromExcel" name="ReadFromExcel" time="0.000"/>
  <system-out/>
  <testcase classname="ECommerce.tests.ReadUnamePwdFromExcel" name="ReadFromExcel" time="0.000"/>
  <system-out/>
  <testcase classname="ECommerce.tests.ReadUnamePwdFromExcel" name="ReadFromExcel" time="0.001"/>
  <system-out/>
  <testcase classname="ECommerce.tests.ReadUnamePwdFromExcel" name="ReadFromExcel" time="0.000"/>
  <system-out/>
  <testcase classname="ECommerce.tests.ReadUnamePwdFromExcel" name="ReadFromExcel" time="0.000"/>
  <system-out/>
  <testcase classname="ECommerce.tests.ReadUnamePwdFromExcel" name="ReadFromExcel" time="0.000"/>
  <system-out/>
  <testcase classname="ECommerce.tests.ReadUnamePwdFromExcel" name="ReadFromExcel" time="0.001"/>
  <system-out/>
  <testcase classname="ECommerce.tests.ReadUnamePwdFromExcel" name="ReadFromExcel" time="0.000"/>
  <system-out/>
  <testcase classname="ECommerce.tests.ReadUnamePwdFromExcel" name="ReadFromExcel" time="0.000"/>
  <system-out/>
  <testcase classname="ECommerce.tests.ReadUnamePwdFromExcel" name="ReadFromExcel" time="0.001"/>
  <system-out/>
  <testcase classname="ECommerce.tests.ReadUnamePwdFromExcel" name="ReadFromExcel" time="0.000"/>
  <system-out/>
  <testcase classname="ECommerce.tests.ReadUnamePwdFromExcel" name="ReadFromExcel" time="0.000"/>
  <system-out/>
  <testcase classname="ECommerce.tests.ReadUnamePwdFromExcel" name="ReadFromExcel" time="0.000"/>
  <system-out/>
  <testcase classname="ECommerce.tests.ReadUnamePwdFromExcel" name="ReadFromExcel" time="0.001"/>
  <system-out/>
  <testcase classname="ECommerce.tests.ReadUnamePwdFromExcel" name="ReadFromExcel" time="0.000"/>
  <system-out/>
  <testcase classname="ECommerce.tests.ReadUnamePwdFromExcel" name="ReadFromExcel" time="0.000"/>
  <system-out/>
  <testcase classname="ECommerce.tests.ReadUnamePwdFromExcel" name="ReadFromExcel" time="0.000"/>
  <system-out/>
  <testcase classname="ECommerce.tests.ReadUnamePwdFromExcel" name="ReadFromExcel" time="0.001"/>
  <system-out/>
  <testcase classname="ECommerce.tests.ReadUnamePwdFromExcel" name="ReadFromExcel" time="0.000"/>
  <system-out/>
  <testcase classname="ECommerce.tests.ReadUnamePwdFromExcel" name="ReadFromExcel" time="0.000"/>
  <system-out/>
  <testcase classname="ECommerce.tests.ReadUnamePwdFromExcel" name="ReadFromExcel" time="0.000"/>
  <system-out/>
  <testcase classname="ECommerce.tests.ReadUnamePwdFromExcel" name="ReadFromExcel" time="0.000"/>
  <system-out/>
  <testcase classname="ECommerce.tests.ReadUnamePwdFromExcel" name="ReadFromExcel" time="0.001"/>
  <system-out/>
  <testcase classname="ECommerce.tests.ReadUnamePwdFromExcel" name="ReadFromExcel" time="0.000"/>
  <system-out/>
  <testcase classname="ECommerce.tests.ReadUnamePwdFromExcel" name="ReadFromExcel" time="0.000"/>
  <system-out/>
  <testcase classname="ECommerce.tests.ReadUnamePwdFromExcel" name="ReadFromExcel" time="0.000"/>
  <system-out/>
  <testcase classname="ECommerce.tests.ReadUnamePwdFromExcel" name="ReadFromExcel" time="0.000"/>
  <system-out/>
  <testcase classname="ECommerce.tests.ReadUnamePwdFromExcel" name="ReadFromExcel" time="0.001"/>
  <system-out/>
  <testcase classname="ECommerce.tests.ReadUnamePwdFromExcel" name="ReadFromExcel" time="0.000"/>
  <system-out/>
  <testcase classname="ECommerce.tests.ReadUnamePwdFromExcel" name="ReadFromExcel" time="0.001"/>
  <system-out/>
  <testcase classname="ECommerce.tests.ReadUnamePwdFromExcel" name="ReadFromExcel" time="0.001"/>
  <system-out/>
  <testcase classname="ECommerce.tests.ReadUnamePwdFromExcel" name="ReadFromExcel" time="0.000"/>
  <system-out/>
  <testcase classname="ECommerce.tests.ReadUnamePwdFromExcel" name="ReadFromExcel" time="0.001"/>
  <system-out/>
  <testcase classname="ECommerce.tests.ReadUnamePwdFromExcel" name="ReadFromExcel" time="0.000"/>
  <system-out/>
  <testcase classname="ECommerce.tests.ReadUnamePwdFromExcel" name="ReadFromExcel" time="0.000"/>
  <system-out/>
  <testcase classname="ECommerce.tests.ReadUnamePwdFromExcel" name="ReadFromExcel" time="0.000"/>
  <system-out/>
  <testcase classname="ECommerce.tests.ReadUnamePwdFromExcel" name="ReadFromExcel" time="0.000"/>
  <system-out/>
  <testcase classname="ECommerce.tests.ReadUnamePwdFromExcel" name="ReadFromExcel" time="0.001"/>
  <system-out/>
  <testcase classname="ECommerce.tests.ReadUnamePwdFromExcel" name="ReadFromExcel" time="0.001"/>
  <system-out/>
  <testcase classname="ECommerce.tests.ReadUnamePwdFromExcel" name="ReadFromExcel" time="0.000"/>
  <system-out/>
  <testcase classname="ECommerce.tests.ReadUnamePwdFromExcel" name="ReadFromExcel" time="0.000"/>
  <system-out/>
  <testcase classname="ECommerce.tests.ReadUnamePwdFromExcel" name="ReadFromExcel" time="0.000"/>
  <system-out/>
  <testcase classname="ECommerce.tests.ReadUnamePwdFromExcel" name="ReadFromExcel" time="0.001"/>
  <system-out/>
  <testcase classname="ECommerce.tests.ReadUnamePwdFromExcel" name="ReadFromExcel" time="0.000"/>
  <system-out/>
  <testcase classname="ECommerce.tests.ReadUnamePwdFromExcel" name="ReadFromExcel" time="0.001"/>
  <system-out/>
  <testcase classname="ECommerce.tests.ReadUnamePwdFromExcel" name="ReadFromExcel" time="0.007"/>
  <system-out/>
  <testcase classname="ECommerce.tests.ReadUnamePwdFromExcel" name="ReadFromExcel" time="0.000"/>
  <system-out/>
  <testcase classname="ECommerce.tests.ReadUnamePwdFromExcel" name="ReadFromExcel" time="0.001"/>
  <system-out/>
  <testcase classname="ECommerce.tests.ReadUnamePwdFromExcel" name="ReadFromExcel" time="0.000"/>
  <system-out/>
  <testcase classname="ECommerce.tests.ReadUnamePwdFromExcel" name="ReadFromExcel" time="0.000"/>
  <system-out/>
  <testcase classname="ECommerce.tests.ReadUnamePwdFromExcel" name="ReadFromExcel" time="0.001"/>
  <system-out/>
  <testcase classname="ECommerce.tests.ReadUnamePwdFromExcel" name="ReadFromExcel" time="0.002"/>
  <system-out/>
  <testcase classname="ECommerce.tests.ReadUnamePwdFromExcel" name="ReadFromExcel" time="0.001"/>
  <system-out/>
  <testcase classname="ECommerce.tests.ReadUnamePwdFromExcel" name="ReadFromExcel" time="0.001"/>
  <system-out/>
  <testcase classname="ECommerce.tests.ReadUnamePwdFromExcel" name="ReadFromExcel" time="0.000"/>
  <system-out/>
  <testcase classname="ECommerce.tests.ReadUnamePwdFromExcel" name="ReadFromExcel" time="0.000"/>
  <system-out/>
  <testcase classname="ECommerce.tests.ReadUnamePwdFromExcel" name="ReadFromExcel" time="0.001"/>
  <system-out/>
  <testcase classname="ECommerce.tests.ReadUnamePwdFromExcel" name="ReadFromExcel" time="0.002"/>
  <system-out/>
  <testcase classname="ECommerce.tests.ReadUnamePwdFromExcel" name="ReadFromExcel" time="0.000"/>
  <system-out/>
  <testcase classname="ECommerce.tests.ReadUnamePwdFromExcel" name="ReadFromExcel" time="0.000"/>
  <system-out/>
  <testcase classname="ECommerce.tests.ReadUnamePwdFromExcel" name="ReadFromExcel" time="0.000"/>
  <system-out/>
  <testcase classname="ECommerce.tests.ReadUnamePwdFromExcel" name="ReadFromExcel" time="0.002"/>
  <system-out/>
  <testcase classname="ECommerce.tests.ReadUnamePwdFromExcel" name="ReadFromExcel" time="0.000"/>
  <system-out/>
  <testcase classname="ECommerce.tests.ReadUnamePwdFromExcel" name="ReadFromExcel" time="0.000"/>
  <system-out/>
  <testcase classname="ECommerce.tests.ReadUnamePwdFromExcel" name="ReadFromExcel" time="0.001"/>
  <system-out/>
  <testcase classname="ECommerce.tests.ReadUnamePwdFromExcel" name="ReadFromExcel" time="0.000"/>
  <system-out/>
  <testcase classname="ECommerce.tests.ReadUnamePwdFromExcel" name="ReadFromExcel" time="0.001"/>
  <system-out/>
  <testcase classname="ECommerce.tests.ReadUnamePwdFromExcel" name="ReadFromExcel" time="0.001"/>
  <system-out/>
  <testcase classname="ECommerce.tests.ReadUnamePwdFromExcel" name="ReadFromExcel" time="0.000"/>
  <system-out/>
  <testcase classname="ECommerce.tests.ReadUnamePwdFromExcel" name="ReadFromExcel" time="0.000"/>
  <system-out/>
  <testcase classname="ECommerce.tests.ReadUnamePwdFromExcel" name="ReadFromExcel" time="0.000"/>
  <system-out/>
  <testcase classname="ECommerce.tests.ReadUnamePwdFromExcel" name="ReadFromExcel" time="0.000"/>
  <system-out/>
  <testcase classname="ECommerce.tests.ReadUnamePwdFromExcel" name="ReadFromExcel" time="0.000"/>
  <system-out/>
  <testcase classname="ECommerce.tests.ReadUnamePwdFromExcel" name="ReadFromExcel" time="0.001"/>
  <system-out/>
  <testcase classname="ECommerce.tests.ReadUnamePwdFromExcel" name="ReadFromExcel" time="0.001"/>
  <system-out/>
  <testcase classname="ECommerce.tests.ReadUnamePwdFromExcel" name="ReadFromExcel" time="0.000"/>
  <system-out/>
  <testcase classname="ECommerce.tests.ReadUnamePwdFromExcel" name="ReadFromExcel" time="0.000"/>
  <system-out/>
  <testcase classname="ECommerce.tests.ReadUnamePwdFromExcel" name="ReadFromExcel" time="0.000"/>
  <system-out/>
  <testcase classname="ECommerce.tests.ReadUnamePwdFromExcel" name="ReadFromExcel" time="0.000"/>
  <system-out/>
  <testcase classname="ECommerce.tests.ReadUnamePwdFromExcel" name="ReadFromExcel" time="0.000"/>
  <system-out/>
  <testcase classname="ECommerce.tests.ReadUnamePwdFromExcel" name="ReadFromExcel" time="0.000"/>
  <system-out/>
  <testcase classname="ECommerce.tests.ReadUnamePwdFromExcel" name="ReadFromExcel" time="0.000"/>
  <system-out/>
  <testcase classname="ECommerce.tests.ReadUnamePwdFromExcel" name="ReadFromExcel" time="0.000"/>
  <system-out/>
  <testcase classname="ECommerce.tests.ReadUnamePwdFromExcel" name="ReadFromExcel" time="0.000"/>
  <system-out/>
  <testcase classname="ECommerce.tests.ReadUnamePwdFromExcel" name="ReadFromExcel" time="0.000"/>
  <system-out/>
  <testcase classname="ECommerce.tests.ReadUnamePwdFromExcel" name="ReadFromExcel" time="0.001"/>
  <system-out/>
  <testcase classname="ECommerce.tests.ReadUnamePwdFromExcel" name="ReadFromExcel" time="0.001"/>
  <system-out/>
  <testcase classname="ECommerce.tests.ReadUnamePwdFromExcel" name="ReadFromExcel" time="0.000"/>
  <system-out/>
  <testcase classname="ECommerce.tests.ReadUnamePwdFromExcel" name="ReadFromExcel" time="0.000"/>
  <system-out/>
  <testcase classname="ECommerce.tests.ReadUnamePwdFromExcel" name="ReadFromExcel" time="0.001"/>
  <system-out/>
  <testcase classname="ECommerce.tests.ReadUnamePwdFromExcel" name="ReadFromExcel" time="0.000"/>
  <system-out/>
  <testcase classname="ECommerce.tests.ReadUnamePwdFromExcel" name="ReadFromExcel" time="0.002"/>
  <system-out/>
  <testcase classname="ECommerce.tests.ReadUnamePwdFromExcel" name="ReadFromExcel" time="0.000"/>
  <system-out/>
  <testcase classname="ECommerce.tests.ReadUnamePwdFromExcel" name="ReadFromExcel" time="0.000"/>
  <system-out/>
  <testcase classname="ECommerce.tests.ReadUnamePwdFromExcel" name="ReadFromExcel" time="0.001"/>
  <system-out/>
  <testcase classname="ECommerce.tests.ReadUnamePwdFromExcel" name="ReadFromExcel" time="0.000"/>
  <system-out/>
  <testcase classname="ECommerce.tests.ReadUnamePwdFromExcel" name="ReadFromExcel" time="0.001"/>
  <system-out/>
  <testcase classname="ECommerce.tests.ReadUnamePwdFromExcel" name="ReadFromExcel" time="0.001"/>
  <system-out/>
  <testcase classname="ECommerce.tests.ReadUnamePwdFromExcel" name="ReadFromExcel" time="0.001"/>
  <system-out/>
  <testcase classname="ECommerce.tests.ReadUnamePwdFromExcel" name="ReadFromExcel" time="0.001"/>
  <system-out/>
  <testcase classname="ECommerce.tests.ReadUnamePwdFromExcel" name="ReadFromExcel" time="0.004"/>
  <system-out/>
  <testcase classname="ECommerce.tests.ReadUnamePwdFromExcel" name="ReadFromExcel" time="0.000"/>
  <system-out/>
  <testcase classname="ECommerce.tests.ReadUnamePwdFromExcel" name="ReadFromExcel" time="0.001"/>
  <system-out/>
  <testcase classname="ECommerce.tests.ReadUnamePwdFromExcel" name="ReadFromExcel" time="0.000"/>
  <system-out/>
  <testcase classname="ECommerce.tests.ReadUnamePwdFromExcel" name="ReadFromExcel" time="0.000"/>
  <system-out/>
  <testcase classname="ECommerce.tests.ReadUnamePwdFromExcel" name="ReadFromExcel" time="0.001"/>
  <system-out/>
  <testcase classname="ECommerce.tests.ReadUnamePwdFromExcel" name="ReadFromExcel" time="0.001"/>
  <system-out/>
  <testcase classname="ECommerce.tests.ReadUnamePwdFromExcel" name="ReadFromExcel" time="0.000"/>
  <system-out/>
  <testcase classname="ECommerce.tests.ReadUnamePwdFromExcel" name="ReadFromExcel" time="0.001"/>
  <system-out/>
  <testcase classname="ECommerce.tests.ReadUnamePwdFromExcel" name="ReadFromExcel" time="0.000"/>
  <system-out/>
  <testcase classname="ECommerce.tests.ReadUnamePwdFromExcel" name="ReadFromExcel" time="0.000"/>
  <system-out/>
  <testcase classname="ECommerce.tests.ReadUnamePwdFromExcel" name="ReadFromExcel" time="0.000"/>
  <system-out/>
  <testcase classname="ECommerce.tests.ReadUnamePwdFromExcel" name="ReadFromExcel" time="0.000"/>
  <system-out/>
  <testcase classname="ECommerce.tests.ReadUnamePwdFromExcel" name="ReadFromExcel" time="0.000"/>
  <system-out/>
  <testcase classname="ECommerce.tests.ReadUnamePwdFromExcel" name="ReadFromExcel" time="0.000"/>
  <system-out/>
  <testcase classname="ECommerce.tests.ReadUnamePwdFromExcel" name="ReadFromExcel" time="0.003"/>
  <system-out/>
  <testcase classname="ECommerce.tests.ReadUnamePwdFromExcel" name="ReadFromExcel" time="0.000"/>
  <system-out/>
  <testcase classname="ECommerce.tests.ReadUnamePwdFromExcel" name="ReadFromExcel" time="0.001"/>
  <system-out/>
  <testcase classname="ECommerce.tests.ReadUnamePwdFromExcel" name="ReadFromExcel" time="0.000"/>
  <system-out/>
  <testcase classname="ECommerce.tests.ReadUnamePwdFromExcel" name="ReadFromExcel" time="0.000"/>
  <system-out/>
  <testcase classname="ECommerce.tests.ReadUnamePwdFromExcel" name="ReadFromExcel" time="0.001"/>
  <system-out/>
  <testcase classname="ECommerce.tests.ReadUnamePwdFromExcel" name="ReadFromExcel" time="0.000"/>
  <system-out/>
  <testcase classname="ECommerce.tests.ReadUnamePwdFromExcel" name="ReadFromExcel" time="0.000"/>
  <system-out/>
  <testcase classname="ECommerce.tests.ReadUnamePwdFromExcel" name="ReadFromExcel" time="0.001"/>
  <system-out/>
  <testcase classname="ECommerce.tests.ReadUnamePwdFromExcel" name="ReadFromExcel" time="0.000"/>
  <system-out/>
  <testcase classname="ECommerce.tests.ReadUnamePwdFromExcel" name="ReadFromExcel" time="0.001"/>
  <system-out/>
  <testcase classname="ECommerce.tests.ReadUnamePwdFromExcel" name="ReadFromExcel" time="0.000"/>
  <system-out/>
  <testcase classname="ECommerce.tests.ReadUnamePwdFromExcel" name="ReadFromExcel" time="0.001"/>
  <system-out/>
  <testcase classname="ECommerce.tests.ReadUnamePwdFromExcel" name="ReadFromExcel" time="0.002"/>
  <system-out/>
  <testcase classname="ECommerce.tests.ReadUnamePwdFromExcel" name="ReadFromExcel" time="0.000"/>
  <system-out/>
  <testcase classname="ECommerce.tests.ReadUnamePwdFromExcel" name="ReadFromExcel" time="0.000"/>
  <system-out/>
  <testcase classname="ECommerce.tests.ReadUnamePwdFromExcel" name="ReadFromExcel" time="0.000"/>
  <system-out/>
  <testcase classname="ECommerce.tests.ReadUnamePwdFromExcel" name="ReadFromExcel" time="0.000"/>
  <system-out/>
  <testcase classname="ECommerce.tests.ReadUnamePwdFromExcel" name="ReadFromExcel" time="0.001"/>
  <system-out/>
  <testcase classname="ECommerce.tests.ReadUnamePwdFromExcel" name="ReadFromExcel" time="0.000"/>
  <system-out/>
  <testcase classname="ECommerce.tests.ReadUnamePwdFromExcel" name="ReadFromExcel" time="0.000"/>
  <system-out/>
  <testcase classname="ECommerce.tests.ReadUnamePwdFromExcel" name="ReadFromExcel" time="0.001"/>
  <system-out/>
  <testcase classname="ECommerce.tests.ReadUnamePwdFromExcel" name="ReadFromExcel" time="0.001"/>
  <system-out/>
  <testcase classname="ECommerce.tests.ReadUnamePwdFromExcel" name="ReadFromExcel" time="0.010"/>
  <system-out/>
  <testcase classname="ECommerce.tests.ReadUnamePwdFromExcel" name="ReadFromExcel" time="0.000"/>
  <system-out/>
  <testcase classname="ECommerce.tests.ReadUnamePwdFromExcel" name="ReadFromExcel" time="0.000"/>
  <system-out/>
  <testcase classname="ECommerce.tests.ReadUnamePwdFromExcel" name="ReadFromExcel" time="0.000"/>
  <system-out/>
  <testcase classname="ECommerce.tests.ReadUnamePwdFromExcel" name="ReadFromExcel" time="0.000"/>
  <system-out/>
  <testcase classname="ECommerce.tests.ReadUnamePwdFromExcel" name="ReadFromExcel" time="0.000"/>
  <system-out/>
  <testcase classname="ECommerce.tests.ReadUnamePwdFromExcel" name="ReadFromExcel" time="0.000"/>
  <system-out/>
  <testcase classname="ECommerce.tests.ReadUnamePwdFromExcel" name="ReadFromExcel" time="0.010"/>
  <system-out/>
  <testcase classname="ECommerce.tests.ReadUnamePwdFromExcel" name="ReadFromExcel" time="0.000"/>
  <system-out/>
  <testcase classname="ECommerce.tests.ReadUnamePwdFromExcel" name="ReadFromExcel" time="0.001"/>
  <system-out/>
  <testcase classname="ECommerce.tests.ReadUnamePwdFromExcel" name="ReadFromExcel" time="0.000"/>
  <system-out/>
  <testcase classname="ECommerce.tests.ReadUnamePwdFromExcel" name="ReadFromExcel" time="0.000"/>
  <system-out/>
  <testcase classname="ECommerce.tests.ReadUnamePwdFromExcel" name="ReadFromExcel" time="0.001"/>
  <system-out/>
  <testcase classname="ECommerce.tests.ReadUnamePwdFromExcel" name="ReadFromExcel" time="0.000"/>
  <system-out/>
  <testcase classname="ECommerce.tests.ReadUnamePwdFromExcel" name="ReadFromExcel" time="0.000"/>
  <system-out/>
  <testcase classname="ECommerce.tests.ReadUnamePwdFromExcel" name="ReadFromExcel" time="0.001"/>
  <system-out/>
  <testcase classname="ECommerce.tests.ReadUnamePwdFromExcel" name="ReadFromExcel" time="0.000"/>
  <system-out/>
  <testcase classname="ECommerce.tests.ReadUnamePwdFromExcel" name="ReadFromExcel" time="0.000"/>
  <system-out/>
  <testcase classname="ECommerce.tests.ReadUnamePwdFromExcel" name="ReadFromExcel" time="0.001"/>
  <system-out/>
  <testcase classname="ECommerce.tests.ReadUnamePwdFromExcel" name="ReadFromExcel" time="0.000"/>
  <system-out/>
  <testcase classname="ECommerce.tests.ReadUnamePwdFromExcel" name="ReadFromExcel" time="0.000"/>
  <system-out/>
  <testcase classname="ECommerce.tests.ReadUnamePwdFromExcel" name="ReadFromExcel" time="0.001"/>
  <system-out/>
  <testcase classname="ECommerce.tests.ReadUnamePwdFromExcel" name="ReadFromExcel" time="0.000"/>
  <system-out/>
  <testcase classname="ECommerce.tests.ReadUnamePwdFromExcel" name="ReadFromExcel" time="0.003"/>
  <system-out/>
  <testcase classname="ECommerce.tests.ReadUnamePwdFromExcel" name="ReadFromExcel" time="0.001"/>
  <system-out/>
  <testcase classname="ECommerce.tests.ReadUnamePwdFromExcel" name="ReadFromExcel" time="0.000"/>
  <system-out/>
  <testcase classname="ECommerce.tests.ReadUnamePwdFromExcel" name="ReadFromExcel" time="0.000"/>
  <system-out/>
  <testcase classname="ECommerce.tests.ReadUnamePwdFromExcel" name="ReadFromExcel" time="0.000"/>
  <system-out/>
  <testcase classname="ECommerce.tests.ReadUnamePwdFromExcel" name="ReadFromExcel" time="0.000"/>
  <system-out/>
  <testcase classname="ECommerce.tests.ReadUnamePwdFromExcel" name="ReadFromExcel" time="0.002"/>
  <system-out/>
  <testcase classname="ECommerce.tests.ReadUnamePwdFromExcel" name="ReadFromExcel" time="0.000"/>
  <system-out/>
  <testcase classname="ECommerce.tests.ReadUnamePwdFromExcel" name="ReadFromExcel" time="0.001"/>
  <system-out/>
  <testcase classname="ECommerce.tests.ReadUnamePwdFromExcel" name="ReadFromExcel" time="0.000"/>
  <system-out/>
  <testcase classname="ECommerce.tests.ReadUnamePwdFromExcel" name="ReadFromExcel" time="0.001"/>
  <system-out/>
  <testcase classname="ECommerce.tests.ReadUnamePwdFromExcel" name="ReadFromExcel" time="0.000"/>
  <system-out/>
  <testcase classname="ECommerce.tests.ReadUnamePwdFromExcel" name="ReadFromExcel" time="0.001"/>
  <system-out/>
  <testcase classname="ECommerce.tests.ReadUnamePwdFromExcel" name="ReadFromExcel" time="0.000"/>
  <system-out/>
  <testcase classname="ECommerce.tests.ReadUnamePwdFromExcel" name="ReadFromExcel" time="0.000"/>
  <system-out/>
  <testcase classname="ECommerce.tests.ReadUnamePwdFromExcel" name="ReadFromExcel" time="0.002"/>
  <system-out/>
  <testcase classname="ECommerce.tests.ReadUnamePwdFromExcel" name="ReadFromExcel" time="0.000"/>
  <system-out/>
  <testcase classname="ECommerce.tests.ReadUnamePwdFromExcel" name="ReadFromExcel" time="0.001"/>
  <system-out/>
  <testcase classname="ECommerce.tests.ReadUnamePwdFromExcel" name="ReadFromExcel" time="0.000"/>
  <system-out/>
  <testcase classname="ECommerce.tests.ReadUnamePwdFromExcel" name="ReadFromExcel" time="0.000"/>
  <system-out/>
  <testcase classname="ECommerce.tests.ReadUnamePwdFromExcel" name="ReadFromExcel" time="0.000"/>
  <system-out/>
  <testcase classname="ECommerce.tests.ReadUnamePwdFromExcel" name="ReadFromExcel" time="0.001"/>
  <system-out/>
  <testcase classname="ECommerce.tests.ReadUnamePwdFromExcel" name="ReadFromExcel" time="0.001"/>
  <system-out/>
  <testcase classname="ECommerce.tests.ReadUnamePwdFromExcel" name="ReadFromExcel" time="0.000"/>
  <system-out/>
  <testcase classname="ECommerce.tests.ReadUnamePwdFromExcel" name="ReadFromExcel" time="0.001"/>
  <system-out/>
  <testcase classname="ECommerce.tests.ReadUnamePwdFromExcel" name="ReadFromExcel" time="0.000"/>
  <system-out/>
  <testcase classname="ECommerce.tests.ReadUnamePwdFromExcel" name="ReadFromExcel" time="0.000"/>
  <system-out/>
  <testcase classname="ECommerce.tests.ReadUnamePwdFromExcel" name="ReadFromExcel" time="0.000"/>
  <system-out/>
  <testcase classname="ECommerce.tests.ReadUnamePwdFromExcel" name="ReadFromExcel" time="0.000"/>
  <system-out/>
  <testcase classname="ECommerce.tests.ReadUnamePwdFromExcel" name="ReadFromExcel" time="0.000"/>
  <system-out/>
  <testcase classname="ECommerce.tests.ReadUnamePwdFromExcel" name="ReadFromExcel" time="0.001"/>
  <system-out/>
  <testcase classname="ECommerce.tests.ReadUnamePwdFromExcel" name="ReadFromExcel" time="0.001"/>
  <system-out/>
  <testcase classname="ECommerce.tests.ReadUnamePwdFromExcel" name="ReadFromExcel" time="0.000"/>
  <system-out/>
  <testcase classname="ECommerce.tests.ReadUnamePwdFromExcel" name="ReadFromExcel" time="0.001"/>
  <system-out/>
  <testcase classname="ECommerce.tests.ReadUnamePwdFromExcel" name="ReadFromExcel" time="0.000"/>
  <system-out/>
  <testcase classname="ECommerce.tests.ReadUnamePwdFromExcel" name="ReadFromExcel" time="0.000"/>
  <system-out/>
  <testcase classname="ECommerce.tests.ReadUnamePwdFromExcel" name="ReadFromExcel" time="0.000"/>
  <system-out/>
  <testcase classname="ECommerce.tests.ReadUnamePwdFromExcel" name="ReadFromExcel" time="0.000"/>
  <system-out/>
  <testcase classname="ECommerce.tests.ReadUnamePwdFromExcel" name="ReadFromExcel" time="0.000"/>
  <system-out/>
  <testcase classname="ECommerce.tests.ReadUnamePwdFromExcel" name="ReadFromExcel" time="0.000"/>
  <system-out/>
  <testcase classname="ECommerce.tests.ReadUnamePwdFromExcel" name="ReadFromExcel" time="0.000"/>
  <system-out/>
  <testcase classname="ECommerce.tests.ReadUnamePwdFromExcel" name="ReadFromExcel" time="0.000"/>
  <system-out/>
  <testcase classname="ECommerce.tests.ReadUnamePwdFromExcel" name="ReadFromExcel" time="0.001"/>
  <system-out/>
  <testcase classname="ECommerce.tests.ReadUnamePwdFromExcel" name="ReadFromExcel" time="0.007"/>
  <system-out/>
  <testcase classname="ECommerce.tests.ReadUnamePwdFromExcel" name="ReadFromExcel" time="0.000"/>
  <system-out/>
  <testcase classname="ECommerce.tests.ReadUnamePwdFromExcel" name="ReadFromExcel" time="0.000"/>
  <system-out/>
  <testcase classname="ECommerce.tests.ReadUnamePwdFromExcel" name="ReadFromExcel" time="0.000"/>
  <system-out/>
  <testcase classname="ECommerce.tests.ReadUnamePwdFromExcel" name="ReadFromExcel" time="0.000"/>
  <system-out/>
  <testcase classname="ECommerce.tests.ReadUnamePwdFromExcel" name="ReadFromExcel" time="0.000"/>
  <system-out/>
  <testcase classname="ECommerce.tests.ReadUnamePwdFromExcel" name="ReadFromExcel" time="0.000"/>
  <system-out/>
  <testcase classname="ECommerce.tests.ReadUnamePwdFromExcel" name="ReadFromExcel" time="0.000"/>
  <system-out/>
  <testcase classname="ECommerce.tests.ReadUnamePwdFromExcel" name="ReadFromExcel" time="0.000"/>
  <system-out/>
  <testcase classname="ECommerce.tests.ReadUnamePwdFromExcel" name="ReadFromExcel" time="0.000"/>
  <system-out/>
  <testcase classname="ECommerce.tests.ReadUnamePwdFromExcel" name="ReadFromExcel" time="0.000"/>
  <system-out/>
  <testcase classname="ECommerce.tests.ReadUnamePwdFromExcel" name="ReadFromExcel" time="0.000"/>
  <system-out/>
  <testcase classname="ECommerce.tests.ReadUnamePwdFromExcel" name="ReadFromExcel" time="0.001"/>
  <system-out/>
  <testcase classname="ECommerce.tests.ReadUnamePwdFromExcel" name="ReadFromExcel" time="0.000"/>
  <system-out/>
  <testcase classname="ECommerce.tests.ReadUnamePwdFromExcel" name="ReadFromExcel" time="0.000"/>
  <system-out/>
  <testcase classname="ECommerce.tests.ReadUnamePwdFromExcel" name="ReadFromExcel" time="0.000"/>
  <system-out/>
  <testcase classname="ECommerce.tests.ReadUnamePwdFromExcel" name="ReadFromExcel" time="0.001"/>
  <system-out/>
  <testcase classname="ECommerce.tests.ReadUnamePwdFromExcel" name="ReadFromExcel" time="0.000"/>
  <system-out/>
  <testcase classname="ECommerce.tests.ReadUnamePwdFromExcel" name="ReadFromExcel" time="0.001"/>
  <system-out/>
  <testcase classname="ECommerce.tests.ReadUnamePwdFromExcel" name="ReadFromExcel" time="0.001"/>
  <system-out/>
  <testcase classname="ECommerce.tests.ReadUnamePwdFromExcel" name="ReadFromExcel" time="0.000"/>
  <system-out/>
  <testcase classname="ECommerce.tests.ReadUnamePwdFromExcel" name="ReadFromExcel" time="0.001"/>
  <system-out/>
  <testcase classname="ECommerce.tests.ReadUnamePwdFromExcel" name="ReadFromExcel" time="0.000"/>
  <system-out/>
  <testcase classname="ECommerce.tests.ReadUnamePwdFromExcel" name="ReadFromExcel" time="0.000"/>
  <system-out/>
  <testcase classname="ECommerce.tests.ReadUnamePwdFromExcel" name="ReadFromExcel" time="0.016"/>
  <system-out/>
  <testcase classname="ECommerce.tests.ReadUnamePwdFromExcel" name="ReadFromExcel" time="0.000"/>
  <system-out/>
  <testcase classname="ECommerce.tests.ReadUnamePwdFromExcel" name="ReadFromExcel" time="0.000"/>
  <system-out/>
  <testcase classname="ECommerce.tests.ReadUnamePwdFromExcel" name="ReadFromExcel" time="0.000"/>
  <system-out/>
  <testcase classname="ECommerce.tests.ReadUnamePwdFromExcel" name="ReadFromExcel" time="0.000"/>
  <system-out/>
  <testcase classname="ECommerce.tests.ReadUnamePwdFromExcel" name="ReadFromExcel" time="0.000"/>
  <system-out/>
  <testcase classname="ECommerce.tests.ReadUnamePwdFromExcel" name="ReadFromExcel" time="0.000"/>
  <system-out/>
  <testcase classname="ECommerce.tests.ReadUnamePwdFromExcel" name="ReadFromExcel" time="0.001"/>
  <system-out/>
  <testcase classname="ECommerce.tests.ReadUnamePwdFromExcel" name="ReadFromExcel" time="0.009"/>
  <system-out/>
  <testcase classname="ECommerce.tests.ReadUnamePwdFromExcel" name="ReadFromExcel" time="0.000"/>
  <system-out/>
  <testcase classname="ECommerce.tests.ReadUnamePwdFromExcel" name="ReadFromExcel" time="0.001"/>
  <system-out/>
  <testcase classname="ECommerce.tests.ReadUnamePwdFromExcel" name="ReadFromExcel" time="0.001"/>
  <system-out/>
  <testcase classname="ECommerce.tests.ReadUnamePwdFromExcel" name="ReadFromExcel" time="0.000"/>
  <system-out/>
  <testcase classname="ECommerce.tests.ReadUnamePwdFromExcel" name="ReadFromExcel" time="0.001"/>
  <system-out/>
  <testcase classname="ECommerce.tests.ReadUnamePwdFromExcel" name="ReadFromExcel" time="0.000"/>
  <system-out/>
  <testcase classname="ECommerce.tests.ReadUnamePwdFromExcel" name="ReadFromExcel" time="0.000"/>
  <system-out/>
  <testcase classname="ECommerce.tests.ReadUnamePwdFromExcel" name="ReadFromExcel" time="0.000"/>
  <system-out/>
  <testcase classname="ECommerce.tests.ReadUnamePwdFromExcel" name="ReadFromExcel" time="0.001"/>
  <system-out/>
  <testcase classname="ECommerce.tests.ReadUnamePwdFromExcel" name="ReadFromExcel" time="0.000"/>
  <system-out/>
  <testcase classname="ECommerce.tests.ReadUnamePwdFromExcel" name="ReadFromExcel" time="0.000"/>
  <system-out/>
  <testcase classname="ECommerce.tests.ReadUnamePwdFromExcel" name="ReadFromExcel" time="0.000"/>
  <system-out/>
  <testcase classname="ECommerce.tests.ReadUnamePwdFromExcel" name="ReadFromExcel" time="0.001"/>
  <system-out/>
  <testcase classname="ECommerce.tests.ReadUnamePwdFromExcel" name="ReadFromExcel" time="0.000"/>
  <system-out/>
  <testcase classname="ECommerce.tests.ReadUnamePwdFromExcel" name="ReadFromExcel" time="0.000"/>
  <system-out/>
  <testcase classname="ECommerce.tests.ReadUnamePwdFromExcel" name="ReadFromExcel" time="0.000"/>
  <system-out/>
  <testcase classname="ECommerce.tests.ReadUnamePwdFromExcel" name="ReadFromExcel" time="0.001"/>
  <system-out/>
  <testcase classname="ECommerce.tests.ReadUnamePwdFromExcel" name="ReadFromExcel" time="0.001"/>
  <system-out/>
  <testcase classname="ECommerce.tests.ReadUnamePwdFromExcel" name="ReadFromExcel" time="0.000"/>
  <system-out/>
  <testcase classname="ECommerce.tests.ReadUnamePwdFromExcel" name="ReadFromExcel" time="0.000"/>
  <system-out/>
  <testcase classname="ECommerce.tests.ReadUnamePwdFromExcel" name="ReadFromExcel" time="0.000"/>
  <system-out/>
  <testcase classname="ECommerce.tests.ReadUnamePwdFromExcel" name="ReadFromExcel" time="0.000"/>
  <system-out/>
  <testcase classname="ECommerce.tests.ReadUnamePwdFromExcel" name="ReadFromExcel" time="0.000"/>
  <system-out/>
  <testcase classname="ECommerce.tests.ReadUnamePwdFromExcel" name="ReadFromExcel" time="0.000"/>
  <system-out/>
  <testcase classname="ECommerce.tests.ReadUnamePwdFromExcel" name="ReadFromExcel" time="0.000"/>
  <system-out/>
  <testcase classname="ECommerce.tests.ReadUnamePwdFromExcel" name="ReadFromExcel" time="0.001"/>
  <system-out/>
  <testcase classname="ECommerce.tests.ReadUnamePwdFromExcel" name="ReadFromExcel" time="0.000"/>
  <system-out/>
  <testcase classname="ECommerce.tests.ReadUnamePwdFromExcel" name="ReadFromExcel" time="0.000"/>
  <system-out/>
  <testcase classname="ECommerce.tests.ReadUnamePwdFromExcel" name="ReadFromExcel" time="0.000"/>
  <system-out/>
  <testcase classname="ECommerce.tests.ReadUnamePwdFromExcel" name="ReadFromExcel" time="0.000"/>
  <system-out/>
  <testcase classname="ECommerce.tests.ReadUnamePwdFromExcel" name="ReadFromExcel" time="0.000"/>
  <system-out/>
  <testcase classname="ECommerce.tests.ReadUnamePwdFromExcel" name="ReadFromExcel" time="0.000"/>
  <system-out/>
  <testcase classname="ECommerce.tests.ReadUnamePwdFromExcel" name="ReadFromExcel" time="0.004"/>
  <system-out/>
  <testcase classname="ECommerce.tests.ReadUnamePwdFromExcel" name="ReadFromExcel" time="0.000"/>
  <system-out/>
  <testcase classname="ECommerce.tests.ReadUnamePwdFromExcel" name="ReadFromExcel" time="0.000"/>
  <system-out/>
  <testcase classname="ECommerce.tests.ReadUnamePwdFromExcel" name="ReadFromExcel" time="0.001"/>
  <system-out/>
  <testcase classname="ECommerce.tests.ReadUnamePwdFromExcel" name="ReadFromExcel" time="0.000"/>
  <system-out/>
  <testcase classname="ECommerce.tests.ReadUnamePwdFromExcel" name="ReadFromExcel" time="0.000"/>
  <system-out/>
  <testcase classname="ECommerce.tests.ReadUnamePwdFromExcel" name="ReadFromExcel" time="0.001"/>
  <system-out/>
  <testcase classname="ECommerce.tests.ReadUnamePwdFromExcel" name="ReadFromExcel" time="0.001"/>
  <system-out/>
  <testcase classname="ECommerce.tests.ReadUnamePwdFromExcel" name="ReadFromExcel" time="0.000"/>
  <system-out/>
  <testcase classname="ECommerce.tests.ReadUnamePwdFromExcel" name="ReadFromExcel" time="0.001"/>
  <system-out/>
  <testcase classname="ECommerce.tests.ReadUnamePwdFromExcel" name="ReadFromExcel" time="0.000"/>
  <system-out/>
  <testcase classname="ECommerce.tests.ReadUnamePwdFromExcel" name="ReadFromExcel" time="0.000"/>
  <system-out/>
  <testcase classname="ECommerce.tests.ReadUnamePwdFromExcel" name="ReadFromExcel" time="0.000"/>
  <system-out/>
  <testcase classname="ECommerce.tests.ReadUnamePwdFromExcel" name="ReadFromExcel" time="0.000"/>
  <system-out/>
  <testcase classname="ECommerce.tests.ReadUnamePwdFromExcel" name="ReadFromExcel" time="0.000"/>
  <system-out/>
  <testcase classname="ECommerce.tests.ReadUnamePwdFromExcel" name="ReadFromExcel" time="0.000"/>
  <system-out/>
  <testcase classname="ECommerce.tests.ReadUnamePwdFromExcel" name="ReadFromExcel" time="0.001"/>
  <system-out/>
  <testcase classname="ECommerce.tests.ReadUnamePwdFromExcel" name="ReadFromExcel" time="0.000"/>
  <system-out/>
  <testcase classname="ECommerce.tests.ReadUnamePwdFromExcel" name="ReadFromExcel" time="0.000"/>
  <system-out/>
  <testcase classname="ECommerce.tests.ReadUnamePwdFromExcel" name="ReadFromExcel" time="0.000"/>
  <system-out/>
  <testcase classname="ECommerce.tests.ReadUnamePwdFromExcel" name="ReadFromExcel" time="0.000"/>
  <system-out/>
  <testcase classname="ECommerce.tests.ReadUnamePwdFromExcel" name="ReadFromExcel" time="0.000"/>
  <system-out/>
  <testcase classname="ECommerce.tests.ReadUnamePwdFromExcel" name="ReadFromExcel" time="0.000"/>
  <system-out/>
  <testcase classname="ECommerce.tests.ReadUnamePwdFromExcel" name="ReadFromExcel" time="0.000"/>
  <system-out/>
  <testcase classname="ECommerce.tests.ReadUnamePwdFromExcel" name="ReadFromExcel" time="0.000"/>
  <system-out/>
  <testcase classname="ECommerce.tests.ReadUnamePwdFromExcel" name="ReadFromExcel" time="0.001"/>
  <system-out/>
  <testcase classname="ECommerce.tests.ReadUnamePwdFromExcel" name="ReadFromExcel" time="0.001"/>
  <system-out/>
  <testcase classname="ECommerce.tests.ReadUnamePwdFromExcel" name="ReadFromExcel" time="0.000"/>
  <system-out/>
  <testcase classname="ECommerce.tests.ReadUnamePwdFromExcel" name="ReadFromExcel" time="0.000"/>
  <system-out/>
  <testcase classname="ECommerce.tests.ReadUnamePwdFromExcel" name="ReadFromExcel" time="0.000"/>
  <system-out/>
  <testcase classname="ECommerce.tests.ReadUnamePwdFromExcel" name="ReadFromExcel" time="0.000"/>
  <system-out/>
  <testcase classname="ECommerce.tests.ReadUnamePwdFromExcel" name="ReadFromExcel" time="0.000"/>
  <system-out/>
  <testcase classname="ECommerce.tests.ReadUnamePwdFromExcel" name="ReadFromExcel" time="0.001"/>
  <system-out/>
  <testcase classname="ECommerce.tests.ReadUnamePwdFromExcel" name="ReadFromExcel" time="0.004"/>
  <system-out/>
  <testcase classname="ECommerce.tests.ReadUnamePwdFromExcel" name="ReadFromExcel" time="0.000"/>
  <system-out/>
  <testcase classname="ECommerce.tests.ReadUnamePwdFromExcel" name="ReadFromExcel" time="0.000"/>
  <system-out/>
  <testcase classname="ECommerce.tests.ReadUnamePwdFromExcel" name="ReadFromExcel" time="0.000"/>
  <system-out/>
  <testcase classname="ECommerce.tests.ReadUnamePwdFromExcel" name="ReadFromExcel" time="0.001"/>
  <system-out/>
  <testcase classname="ECommerce.tests.ReadUnamePwdFromExcel" name="ReadFromExcel" time="0.000"/>
  <system-out/>
  <testcase classname="ECommerce.tests.ReadUnamePwdFromExcel" name="ReadFromExcel" time="0.000"/>
  <system-out/>
  <testcase classname="ECommerce.tests.ReadUnamePwdFromExcel" name="ReadFromExcel" time="0.000"/>
  <system-out/>
  <testcase classname="ECommerce.tests.ReadUnamePwdFromExcel" name="ReadFromExcel" time="0.001"/>
  <system-out/>
  <testcase classname="ECommerce.tests.ReadUnamePwdFromExcel" name="ReadFromExcel" time="0.005"/>
  <system-out/>
  <testcase classname="ECommerce.tests.ReadUnamePwdFromExcel" name="ReadFromExcel" time="0.000"/>
  <system-out/>
  <testcase classname="ECommerce.tests.ReadUnamePwdFromExcel" name="ReadFromExcel" time="0.001"/>
  <system-out/>
  <testcase classname="ECommerce.tests.ReadUnamePwdFromExcel" name="ReadFromExcel" time="0.000"/>
  <system-out/>
  <testcase classname="ECommerce.tests.ReadUnamePwdFromExcel" name="ReadFromExcel" time="0.000"/>
  <system-out/>
  <testcase classname="ECommerce.tests.ReadUnamePwdFromExcel" name="ReadFromExcel" time="0.001"/>
  <system-out/>
  <testcase classname="ECommerce.tests.ReadUnamePwdFromExcel" name="ReadFromExcel" time="0.000"/>
  <system-out/>
  <testcase classname="ECommerce.tests.ReadUnamePwdFromExcel" name="ReadFromExcel" time="0.000"/>
  <system-out/>
  <testcase classname="ECommerce.tests.ReadUnamePwdFromExcel" name="ReadFromExcel" time="0.000"/>
  <system-out/>
  <testcase classname="ECommerce.tests.ReadUnamePwdFromExcel" name="ReadFromExcel" time="0.000"/>
  <system-out/>
  <testcase classname="ECommerce.tests.ReadUnamePwdFromExcel" name="ReadFromExcel" time="0.002"/>
  <system-out/>
  <testcase classname="ECommerce.tests.ReadUnamePwdFromExcel" name="ReadFromExcel" time="0.000"/>
  <system-out/>
  <testcase classname="ECommerce.tests.ReadUnamePwdFromExcel" name="ReadFromExcel" time="0.001"/>
  <system-out/>
  <testcase classname="ECommerce.tests.ReadUnamePwdFromExcel" name="ReadFromExcel" time="0.000"/>
  <system-out/>
  <testcase classname="ECommerce.tests.ReadUnamePwdFromExcel" name="ReadFromExcel" time="0.006"/>
  <system-out/>
  <testcase classname="ECommerce.tests.ReadUnamePwdFromExcel" name="ReadFromExcel" time="0.000"/>
  <system-out/>
  <testcase classname="ECommerce.tests.ReadUnamePwdFromExcel" name="ReadFromExcel" time="0.000"/>
  <system-out/>
  <testcase classname="ECommerce.tests.ReadUnamePwdFromExcel" name="ReadFromExcel" time="0.000"/>
  <system-out/>
  <testcase classname="ECommerce.tests.ReadUnamePwdFromExcel" name="ReadFromExcel" time="0.001"/>
  <system-out/>
  <testcase classname="ECommerce.tests.ReadUnamePwdFromExcel" name="ReadFromExcel" time="0.000"/>
  <system-out/>
  <testcase classname="ECommerce.tests.ReadUnamePwdFromExcel" name="ReadFromExcel" time="0.000"/>
  <system-out/>
  <testcase classname="ECommerce.tests.ReadUnamePwdFromExcel" name="ReadFromExcel" time="0.001"/>
  <system-out/>
  <testcase classname="ECommerce.tests.ReadUnamePwdFromExcel" name="ReadFromExcel" time="0.000"/>
  <system-out/>
  <testcase classname="ECommerce.tests.ReadUnamePwdFromExcel" name="ReadFromExcel" time="0.000"/>
  <system-out/>
  <testcase classname="ECommerce.tests.ReadUnamePwdFromExcel" name="ReadFromExcel" time="0.000"/>
  <system-out/>
  <testcase classname="ECommerce.tests.ReadUnamePwdFromExcel" name="ReadFromExcel" time="0.000"/>
  <system-out/>
  <testcase classname="ECommerce.tests.ReadUnamePwdFromExcel" name="ReadFromExcel" time="0.001"/>
  <system-out/>
  <testcase classname="ECommerce.tests.ReadUnamePwdFromExcel" name="ReadFromExcel" time="0.000"/>
  <system-out/>
  <testcase classname="ECommerce.tests.ReadUnamePwdFromExcel" name="ReadFromExcel" time="0.000"/>
  <system-out/>
  <testcase classname="ECommerce.tests.ReadUnamePwdFromExcel" name="ReadFromExcel" time="0.000"/>
  <system-out/>
  <testcase classname="ECommerce.tests.ReadUnamePwdFromExcel" name="ReadFromExcel" time="0.000"/>
  <system-out/>
  <testcase classname="ECommerce.tests.ReadUnamePwdFromExcel" name="ReadFromExcel" time="0.000"/>
  <system-out/>
  <testcase classname="ECommerce.tests.ReadUnamePwdFromExcel" name="ReadFromExcel" time="0.000"/>
  <system-out/>
  <testcase classname="ECommerce.tests.ReadUnamePwdFromExcel" name="ReadFromExcel" time="0.000"/>
  <system-out/>
  <testcase classname="ECommerce.tests.ReadUnamePwdFromExcel" name="ReadFromExcel" time="0.000"/>
  <system-out/>
  <testcase classname="ECommerce.tests.ReadUnamePwdFromExcel" name="ReadFromExcel" time="0.004"/>
  <system-out/>
  <testcase classname="ECommerce.tests.ReadUnamePwdFromExcel" name="ReadFromExcel" time="0.000"/>
  <system-out/>
  <testcase classname="ECommerce.tests.ReadUnamePwdFromExcel" name="ReadFromExcel" time="0.000"/>
  <system-out/>
  <testcase classname="ECommerce.tests.ReadUnamePwdFromExcel" name="ReadFromExcel" time="0.001"/>
  <system-out/>
  <testcase classname="ECommerce.tests.ReadUnamePwdFromExcel" name="ReadFromExcel" time="0.000"/>
  <system-out/>
  <testcase classname="ECommerce.tests.ReadUnamePwdFromExcel" name="ReadFromExcel" time="0.000"/>
  <system-out/>
  <testcase classname="ECommerce.tests.ReadUnamePwdFromExcel" name="ReadFromExcel" time="0.000"/>
  <system-out/>
  <testcase classname="ECommerce.tests.ReadUnamePwdFromExcel" name="ReadFromExcel" time="0.000"/>
  <system-out/>
  <testcase classname="ECommerce.tests.ReadUnamePwdFromExcel" name="ReadFromExcel" time="0.000"/>
  <system-out/>
  <testcase classname="ECommerce.tests.ReadUnamePwdFromExcel" name="ReadFromExcel" time="0.000"/>
  <system-out/>
  <testcase classname="ECommerce.tests.ReadUnamePwdFromExcel" name="ReadFromExcel" time="0.001"/>
  <system-out/>
  <testcase classname="ECommerce.tests.ReadUnamePwdFromExcel" name="ReadFromExcel" time="0.003"/>
  <system-out/>
  <testcase classname="ECommerce.tests.ReadUnamePwdFromExcel" name="ReadFromExcel" time="0.000"/>
  <system-out/>
  <testcase classname="ECommerce.tests.ReadUnamePwdFromExcel" name="ReadFromExcel" time="0.000"/>
  <system-out/>
  <testcase classname="ECommerce.tests.ReadUnamePwdFromExcel" name="ReadFromExcel" time="0.002"/>
  <system-out/>
  <testcase classname="ECommerce.tests.ReadUnamePwdFromExcel" name="ReadFromExcel" time="0.000"/>
  <system-out/>
  <testcase classname="ECommerce.tests.ReadUnamePwdFromExcel" name="ReadFromExcel" time="0.000"/>
  <system-out/>
  <testcase classname="ECommerce.tests.ReadUnamePwdFromExcel" name="ReadFromExcel" time="0.000"/>
  <system-out/>
  <testcase classname="ECommerce.tests.ReadUnamePwdFromExcel" name="ReadFromExcel" time="0.000"/>
  <system-out/>
  <testcase classname="ECommerce.tests.ReadUnamePwdFromExcel" name="ReadFromExcel" time="0.000"/>
  <system-out/>
  <testcase classname="ECommerce.tests.ReadUnamePwdFromExcel" name="ReadFromExcel" time="0.000"/>
  <system-out/>
  <testcase classname="ECommerce.tests.ReadUnamePwdFromExcel" name="ReadFromExcel" time="0.001"/>
  <system-out/>
  <testcase classname="ECommerce.tests.ReadUnamePwdFromExcel" name="ReadFromExcel" time="0.000"/>
  <system-out/>
  <testcase classname="ECommerce.tests.ReadUnamePwdFromExcel" name="ReadFromExcel" time="0.000"/>
  <system-out/>
  <testcase classname="ECommerce.tests.ReadUnamePwdFromExcel" name="ReadFromExcel" time="0.002"/>
  <system-out/>
  <testcase classname="ECommerce.tests.ReadUnamePwdFromExcel" name="ReadFromExcel" time="0.002"/>
  <system-out/>
  <testcase classname="ECommerce.tests.ReadUnamePwdFromExcel" name="ReadFromExcel" time="0.000"/>
  <system-out/>
  <testcase classname="ECommerce.tests.ReadUnamePwdFromExcel" name="ReadFromExcel" time="0.001"/>
  <system-out/>
  <testcase classname="ECommerce.tests.ReadUnamePwdFromExcel" name="ReadFromExcel" time="0.000"/>
  <system-out/>
  <testcase classname="ECommerce.tests.ReadUnamePwdFromExcel" name="ReadFromExcel" time="0.001"/>
  <system-out/>
  <testcase classname="ECommerce.tests.ReadUnamePwdFromExcel" name="ReadFromExcel" time="0.000"/>
  <system-out/>
  <testcase classname="ECommerce.tests.ReadUnamePwdFromExcel" name="ReadFromExcel" time="0.000"/>
  <system-out/>
  <testcase classname="ECommerce.tests.ReadUnamePwdFromExcel" name="ReadFromExcel" time="0.000"/>
  <system-out/>
  <testcase classname="ECommerce.tests.ReadUnamePwdFromExcel" name="ReadFromExcel" time="0.000"/>
  <system-out/>
  <testcase classname="ECommerce.tests.ReadUnamePwdFromExcel" name="ReadFromExcel" time="0.000"/>
  <system-out/>
  <testcase classname="ECommerce.tests.ReadUnamePwdFromExcel" name="ReadFromExcel" time="0.000"/>
  <system-out/>
  <testcase classname="ECommerce.tests.ReadUnamePwdFromExcel" name="ReadFromExcel" time="0.000"/>
  <system-out/>
  <testcase classname="ECommerce.tests.ReadUnamePwdFromExcel" name="ReadFromExcel" time="0.000"/>
  <system-out/>
  <testcase classname="ECommerce.tests.ReadUnamePwdFromExcel" name="ReadFromExcel" time="0.000"/>
  <system-out/>
  <testcase classname="ECommerce.tests.ReadUnamePwdFromExcel" name="ReadFromExcel" time="0.000"/>
  <system-out/>
  <testcase classname="ECommerce.tests.ReadUnamePwdFromExcel" name="ReadFromExcel" time="0.000"/>
  <system-out/>
  <testcase classname="ECommerce.tests.ReadUnamePwdFromExcel" name="ReadFromExcel" time="0.000"/>
  <system-out/>
  <testcase classname="ECommerce.tests.ReadUnamePwdFromExcel" name="ReadFromExcel" time="0.000"/>
  <system-out/>
  <testcase classname="ECommerce.tests.ReadUnamePwdFromExcel" name="ReadFromExcel" time="0.000"/>
  <system-out/>
  <testcase classname="ECommerce.tests.ReadUnamePwdFromExcel" name="ReadFromExcel" time="0.001"/>
  <system-out/>
  <testcase classname="ECommerce.tests.ReadUnamePwdFromExcel" name="ReadFromExcel" time="0.003"/>
  <system-out/>
  <testcase classname="ECommerce.tests.ReadUnamePwdFromExcel" name="ReadFromExcel" time="0.001"/>
  <system-out/>
  <testcase classname="ECommerce.tests.ReadUnamePwdFromExcel" name="ReadFromExcel" time="0.000"/>
  <system-out/>
  <testcase classname="ECommerce.tests.ReadUnamePwdFromExcel" name="ReadFromExcel" time="0.000"/>
  <system-out/>
  <testcase classname="ECommerce.tests.ReadUnamePwdFromExcel" name="ReadFromExcel" time="0.000"/>
  <system-out/>
  <testcase classname="ECommerce.tests.ReadUnamePwdFromExcel" name="ReadFromExcel" time="0.000"/>
  <system-out/>
  <testcase classname="ECommerce.tests.ReadUnamePwdFromExcel" name="ReadFromExcel" time="0.004"/>
  <system-out/>
  <testcase classname="ECommerce.tests.ReadUnamePwdFromExcel" name="ReadFromExcel" time="0.000"/>
  <system-out/>
  <testcase classname="ECommerce.tests.ReadUnamePwdFromExcel" name="ReadFromExcel" time="0.000"/>
  <system-out/>
  <testcase classname="ECommerce.tests.ReadUnamePwdFromExcel" name="ReadFromExcel" time="0.000"/>
  <system-out/>
  <testcase classname="ECommerce.tests.ReadUnamePwdFromExcel" name="ReadFromExcel" time="0.000"/>
  <system-out/>
  <testcase classname="ECommerce.tests.ReadUnamePwdFromExcel" name="ReadFromExcel" time="0.002"/>
  <system-out/>
  <testcase classname="ECommerce.tests.ReadUnamePwdFromExcel" name="ReadFromExcel" time="0.000"/>
  <system-out/>
  <testcase classname="ECommerce.tests.ReadUnamePwdFromExcel" name="ReadFromExcel" time="0.000"/>
  <system-out/>
  <testcase classname="ECommerce.tests.ReadUnamePwdFromExcel" name="ReadFromExcel" time="0.001"/>
  <system-out/>
  <testcase classname="ECommerce.tests.ReadUnamePwdFromExcel" name="ReadFromExcel" time="0.001"/>
  <system-out/>
  <testcase classname="ECommerce.tests.ReadUnamePwdFromExcel" name="ReadFromExcel" time="0.000"/>
  <system-out/>
  <testcase classname="ECommerce.tests.ReadUnamePwdFromExcel" name="ReadFromExcel" time="0.000"/>
  <system-out/>
  <testcase classname="ECommerce.tests.ReadUnamePwdFromExcel" name="ReadFromExcel" time="0.000"/>
  <system-out/>
  <testcase classname="ECommerce.tests.ReadUnamePwdFromExcel" name="ReadFromExcel" time="0.001"/>
  <system-out/>
  <testcase classname="ECommerce.tests.ReadUnamePwdFromExcel" name="ReadFromExcel" time="0.003"/>
  <system-out/>
  <testcase classname="ECommerce.tests.ReadUnamePwdFromExcel" name="ReadFromExcel" time="0.005"/>
  <system-out/>
  <testcase classname="ECommerce.tests.ReadUnamePwdFromExcel" name="ReadFromExcel" time="0.001"/>
  <system-out/>
  <testcase classname="ECommerce.tests.ReadUnamePwdFromExcel" name="ReadFromExcel" time="0.001"/>
  <system-out/>
  <testcase classname="ECommerce.tests.ReadUnamePwdFromExcel" name="ReadFromExcel" time="0.000"/>
  <system-out/>
  <testcase classname="ECommerce.tests.ReadUnamePwdFromExcel" name="ReadFromExcel" time="0.001"/>
  <system-out/>
  <testcase classname="ECommerce.tests.ReadUnamePwdFromExcel" name="ReadFromExcel" time="0.000"/>
  <system-out/>
  <testcase classname="ECommerce.tests.ReadUnamePwdFromExcel" name="ReadFromExcel" time="0.003"/>
  <system-out/>
  <testcase classname="ECommerce.tests.ReadUnamePwdFromExcel" name="ReadFromExcel" time="0.003"/>
  <system-out/>
  <testcase classname="ECommerce.tests.ReadUnamePwdFromExcel" name="ReadFromExcel" time="0.018"/>
  <system-out/>
  <testcase classname="ECommerce.tests.ReadUnamePwdFromExcel" name="ReadFromExcel" time="0.001"/>
  <system-out/>
  <testcase classname="ECommerce.tests.ReadUnamePwdFromExcel" name="ReadFromExcel" time="0.000"/>
  <system-out/>
  <testcase classname="ECommerce.tests.ReadUnamePwdFromExcel" name="ReadFromExcel" time="0.001"/>
  <system-out/>
  <testcase classname="ECommerce.tests.ReadUnamePwdFromExcel" name="ReadFromExcel" time="0.000"/>
  <system-out/>
  <testcase classname="ECommerce.tests.ReadUnamePwdFromExcel" name="ReadFromExcel" time="0.000"/>
  <system-out/>
  <testcase classname="ECommerce.tests.ReadUnamePwdFromExcel" name="ReadFromExcel" time="0.000"/>
  <system-out/>
  <testcase classname="ECommerce.tests.ReadUnamePwdFromExcel" name="ReadFromExcel" time="0.001"/>
  <system-out/>
  <testcase classname="ECommerce.tests.ReadUnamePwdFromExcel" name="ReadFromExcel" time="0.000"/>
  <system-out/>
  <testcase classname="ECommerce.tests.ReadUnamePwdFromExcel" name="ReadFromExcel" time="0.000"/>
  <system-out/>
  <testcase classname="ECommerce.tests.ReadUnamePwdFromExcel" name="ReadFromExcel" time="0.001"/>
  <system-out/>
  <testcase classname="ECommerce.tests.ReadUnamePwdFromExcel" name="ReadFromExcel" time="0.000"/>
  <system-out/>
  <testcase classname="ECommerce.tests.ReadUnamePwdFromExcel" name="ReadFromExcel" time="0.001"/>
  <system-out/>
  <testcase classname="ECommerce.tests.ReadUnamePwdFromExcel" name="ReadFromExcel" time="0.001"/>
  <system-out/>
  <testcase classname="ECommerce.tests.ReadUnamePwdFromExcel" name="ReadFromExcel" time="0.000"/>
  <system-out/>
  <testcase classname="ECommerce.tests.ReadUnamePwdFromExcel" name="ReadFromExcel" time="0.000"/>
  <system-out/>
  <testcase classname="ECommerce.tests.ReadUnamePwdFromExcel" name="ReadFromExcel" time="0.000"/>
  <system-out/>
  <testcase classname="ECommerce.tests.ReadUnamePwdFromExcel" name="ReadFromExcel" time="0.001"/>
  <system-out/>
  <testcase classname="ECommerce.tests.ReadUnamePwdFromExcel" name="ReadFromExcel" time="0.000"/>
  <system-out/>
  <testcase classname="ECommerce.tests.ReadUnamePwdFromExcel" name="ReadFromExcel" time="0.000"/>
  <system-out/>
  <testcase classname="ECommerce.tests.ReadUnamePwdFromExcel" name="ReadFromExcel" time="0.000"/>
  <system-out/>
  <testcase classname="ECommerce.tests.ReadUnamePwdFromExcel" name="ReadFromExcel" time="0.002"/>
  <system-out/>
  <testcase classname="ECommerce.tests.ReadUnamePwdFromExcel" name="ReadFromExcel" time="0.002"/>
  <system-out/>
  <testcase classname="ECommerce.tests.ReadUnamePwdFromExcel" name="ReadFromExcel" time="0.001"/>
  <system-out/>
  <testcase classname="ECommerce.tests.ReadUnamePwdFromExcel" name="ReadFromExcel" time="0.000"/>
  <system-out/>
  <testcase classname="ECommerce.tests.ReadUnamePwdFromExcel" name="ReadFromExcel" time="0.001"/>
  <system-out/>
  <testcase classname="ECommerce.tests.ReadUnamePwdFromExcel" name="ReadFromExcel" time="0.000"/>
  <system-out/>
  <testcase classname="ECommerce.tests.ReadUnamePwdFromExcel" name="ReadFromExcel" time="0.000"/>
  <system-out/>
  <testcase classname="ECommerce.tests.ReadUnamePwdFromExcel" name="ReadFromExcel" time="0.000"/>
  <system-out/>
  <testcase classname="ECommerce.tests.ReadUnamePwdFromExcel" name="ReadFromExcel" time="0.000"/>
  <system-out/>
  <testcase classname="ECommerce.tests.ReadUnamePwdFromExcel" name="ReadFromExcel" time="0.000"/>
  <system-out/>
  <testcase classname="ECommerce.tests.ReadUnamePwdFromExcel" name="ReadFromExcel" time="0.002"/>
  <system-out/>
  <testcase classname="ECommerce.tests.ReadUnamePwdFromExcel" name="ReadFromExcel" time="0.000"/>
  <system-out/>
  <testcase classname="ECommerce.tests.ReadUnamePwdFromExcel" name="ReadFromExcel" time="0.001"/>
  <system-out/>
  <testcase classname="ECommerce.tests.ReadUnamePwdFromExcel" name="ReadFromExcel" time="0.003"/>
  <system-out/>
  <testcase classname="ECommerce.tests.ReadUnamePwdFromExcel" name="ReadFromExcel" time="0.001"/>
  <system-out/>
  <testcase classname="ECommerce.tests.ReadUnamePwdFromExcel" name="ReadFromExcel" time="0.001"/>
  <system-out/>
  <testcase classname="ECommerce.tests.ReadUnamePwdFromExcel" name="ReadFromExcel" time="0.005"/>
  <system-out/>
  <testcase classname="ECommerce.tests.ReadUnamePwdFromExcel" name="ReadFromExcel" time="0.000"/>
  <system-out/>
  <testcase classname="ECommerce.tests.ReadUnamePwdFromExcel" name="ReadFromExcel" time="0.000"/>
  <system-out/>
  <testcase classname="ECommerce.tests.ReadUnamePwdFromExcel" name="ReadFromExcel" time="0.000"/>
  <system-out/>
  <testcase classname="ECommerce.tests.ReadUnamePwdFromExcel" name="ReadFromExcel" time="0.001"/>
  <system-out/>
  <testcase classname="ECommerce.tests.ReadUnamePwdFromExcel" name="ReadFromExcel" time="0.003"/>
  <system-out/>
  <testcase classname="ECommerce.tests.ReadUnamePwdFromExcel" name="ReadFromExcel" time="0.001"/>
  <system-out/>
  <testcase classname="ECommerce.tests.ReadUnamePwdFromExcel" name="ReadFromExcel" time="0.000"/>
  <system-out/>
  <testcase classname="ECommerce.tests.ReadUnamePwdFromExcel" name="ReadFromExcel" time="0.000"/>
  <system-out/>
  <testcase classname="ECommerce.tests.ReadUnamePwdFromExcel" name="ReadFromExcel" time="0.001"/>
  <system-out/>
  <testcase classname="ECommerce.tests.ReadUnamePwdFromExcel" name="ReadFromExcel" time="0.000"/>
  <system-out/>
  <testcase classname="ECommerce.tests.ReadUnamePwdFromExcel" name="ReadFromExcel" time="0.000"/>
  <system-out/>
  <testcase classname="ECommerce.tests.ReadUnamePwdFromExcel" name="ReadFromExcel" time="0.000"/>
  <system-out/>
  <testcase classname="ECommerce.tests.ReadUnamePwdFromExcel" name="ReadFromExcel" time="0.001"/>
  <system-out/>
  <testcase classname="ECommerce.tests.ReadUnamePwdFromExcel" name="ReadFromExcel" time="0.000"/>
  <system-out/>
  <testcase classname="ECommerce.tests.ReadUnamePwdFromExcel" name="ReadFromExcel" time="0.001"/>
  <system-out/>
  <testcase classname="ECommerce.tests.ReadUnamePwdFromExcel" name="ReadFromExcel" time="0.001"/>
  <system-out/>
  <testcase classname="ECommerce.tests.ReadUnamePwdFromExcel" name="ReadFromExcel" time="0.000"/>
  <system-out/>
  <testcase classname="ECommerce.tests.ReadUnamePwdFromExcel" name="ReadFromExcel" time="0.000"/>
  <system-out/>
  <testcase classname="ECommerce.tests.ReadUnamePwdFromExcel" name="ReadFromExcel" time="0.000"/>
  <system-out/>
  <testcase classname="ECommerce.tests.ReadUnamePwdFromExcel" name="ReadFromExcel" time="0.000"/>
  <system-out/>
  <testcase classname="ECommerce.tests.ReadUnamePwdFromExcel" name="ReadFromExcel" time="0.000"/>
  <system-out/>
  <testcase classname="ECommerce.tests.ReadUnamePwdFromExcel" name="ReadFromExcel" time="0.000"/>
  <system-out/>
  <testcase classname="ECommerce.tests.ReadUnamePwdFromExcel" name="ReadFromExcel" time="0.001"/>
  <system-out/>
  <testcase classname="ECommerce.tests.ReadUnamePwdFromExcel" name="ReadFromExcel" time="0.000"/>
  <system-out/>
  <testcase classname="ECommerce.tests.ReadUnamePwdFromExcel" name="ReadFromExcel" time="0.000"/>
  <system-out/>
  <testcase classname="ECommerce.tests.ReadUnamePwdFromExcel" name="ReadFromExcel" time="0.001"/>
  <system-out/>
  <testcase classname="ECommerce.tests.ReadUnamePwdFromExcel" name="ReadFromExcel" time="0.001"/>
  <system-out/>
  <testcase classname="ECommerce.tests.ReadUnamePwdFromExcel" name="ReadFromExcel" time="0.001"/>
  <system-out/>
  <testcase classname="ECommerce.tests.ReadUnamePwdFromExcel" name="ReadFromExcel" time="0.000"/>
  <system-out/>
  <testcase classname="ECommerce.tests.ReadUnamePwdFromExcel" name="ReadFromExcel" time="0.001"/>
  <system-out/>
  <testcase classname="ECommerce.tests.ReadUnamePwdFromExcel" name="ReadFromExcel" time="0.001"/>
  <system-out/>
  <testcase classname="ECommerce.tests.ReadUnamePwdFromExcel" name="ReadFromExcel" time="0.000"/>
  <system-out/>
  <testcase classname="ECommerce.tests.ReadUnamePwdFromExcel" name="ReadFromExcel" time="0.000"/>
  <system-out/>
  <testcase classname="ECommerce.tests.ReadUnamePwdFromExcel" name="ReadFromExcel" time="0.000"/>
  <system-out/>
  <testcase classname="ECommerce.tests.ReadUnamePwdFromExcel" name="ReadFromExcel" time="0.001"/>
  <system-out/>
  <testcase classname="ECommerce.tests.ReadUnamePwdFromExcel" name="ReadFromExcel" time="0.001"/>
  <system-out/>
  <testcase classname="ECommerce.tests.ReadUnamePwdFromExcel" name="ReadFromExcel" time="0.000"/>
  <system-out/>
  <testcase classname="ECommerce.tests.ReadUnamePwdFromExcel" name="ReadFromExcel" time="0.000"/>
  <system-out/>
  <testcase classname="ECommerce.tests.ReadUnamePwdFromExcel" name="ReadFromExcel" time="0.000"/>
  <system-out/>
  <testcase classname="ECommerce.tests.ReadUnamePwdFromExcel" name="ReadFromExcel" time="0.000"/>
  <system-out/>
  <testcase classname="ECommerce.tests.ReadUnamePwdFromExcel" name="ReadFromExcel" time="0.002"/>
  <system-out/>
  <testcase classname="ECommerce.tests.ReadUnamePwdFromExcel" name="ReadFromExcel" time="0.000"/>
  <system-out/>
  <testcase classname="ECommerce.tests.ReadUnamePwdFromExcel" name="ReadFromExcel" time="0.000"/>
  <system-out/>
  <testcase classname="ECommerce.tests.ReadUnamePwdFromExcel" name="ReadFromExcel" time="0.000"/>
  <system-out/>
  <testcase classname="ECommerce.tests.ReadUnamePwdFromExcel" name="ReadFromExcel" time="0.001"/>
  <system-out/>
  <testcase classname="ECommerce.tests.ReadUnamePwdFromExcel" name="ReadFromExcel" time="0.001"/>
  <system-out/>
  <testcase classname="ECommerce.tests.ReadUnamePwdFromExcel" name="ReadFromExcel" time="0.000"/>
  <system-out/>
  <testcase classname="ECommerce.tests.ReadUnamePwdFromExcel" name="ReadFromExcel" time="0.000"/>
  <system-out/>
  <testcase classname="ECommerce.tests.ReadUnamePwdFromExcel" name="ReadFromExcel" time="0.000"/>
  <system-out/>
  <testcase classname="ECommerce.tests.ReadUnamePwdFromExcel" name="ReadFromExcel" time="0.001"/>
  <system-out/>
  <testcase classname="ECommerce.tests.ReadUnamePwdFromExcel" name="ReadFromExcel" time="0.000"/>
  <system-out/>
  <testcase classname="ECommerce.tests.ReadUnamePwdFromExcel" name="ReadFromExcel" time="0.000"/>
  <system-out/>
  <testcase classname="ECommerce.tests.ReadUnamePwdFromExcel" name="ReadFromExcel" time="0.001"/>
  <system-out/>
  <testcase classname="ECommerce.tests.ReadUnamePwdFromExcel" name="ReadFromExcel" time="0.000"/>
  <system-out/>
  <testcase classname="ECommerce.tests.ReadUnamePwdFromExcel" name="ReadFromExcel" time="0.001"/>
  <system-out/>
  <testcase classname="ECommerce.tests.ReadUnamePwdFromExcel" name="ReadFromExcel" time="0.001"/>
  <system-out/>
  <testcase classname="ECommerce.tests.ReadUnamePwdFromExcel" name="ReadFromExcel" time="0.000"/>
  <system-out/>
  <testcase classname="ECommerce.tests.ReadUnamePwdFromExcel" name="ReadFromExcel" time="0.000"/>
  <system-out/>
  <testcase classname="ECommerce.tests.ReadUnamePwdFromExcel" name="ReadFromExcel" time="0.000"/>
  <system-out/>
  <testcase classname="ECommerce.tests.ReadUnamePwdFromExcel" name="ReadFromExcel" time="0.000"/>
  <system-out/>
  <testcase classname="ECommerce.tests.ReadUnamePwdFromExcel" name="ReadFromExcel" time="0.000"/>
  <system-out/>
  <testcase classname="ECommerce.tests.ReadUnamePwdFromExcel" name="ReadFromExcel" time="0.000"/>
  <system-out/>
  <testcase classname="ECommerce.tests.ReadUnamePwdFromExcel" name="ReadFromExcel" time="0.000"/>
  <system-out/>
  <testcase classname="ECommerce.tests.ReadUnamePwdFromExcel" name="ReadFromExcel" time="0.000"/>
  <system-out/>
  <testcase classname="ECommerce.tests.ReadUnamePwdFromExcel" name="ReadFromExcel" time="0.000"/>
  <system-out/>
  <testcase classname="ECommerce.tests.ReadUnamePwdFromExcel" name="ReadFromExcel" time="0.000"/>
  <system-out/>
  <testcase classname="ECommerce.tests.ReadUnamePwdFromExcel" name="ReadFromExcel" time="0.001"/>
  <system-out/>
  <testcase classname="ECommerce.tests.ReadUnamePwdFromExcel" name="ReadFromExcel" time="0.000"/>
  <system-out/>
  <testcase classname="ECommerce.tests.ReadUnamePwdFromExcel" name="ReadFromExcel" time="0.001"/>
  <system-out/>
  <testcase classname="ECommerce.tests.ReadUnamePwdFromExcel" name="ReadFromExcel" time="0.000"/>
  <system-out/>
  <testcase classname="ECommerce.tests.ReadUnamePwdFromExcel" name="ReadFromExcel" time="0.000"/>
  <system-out/>
  <testcase classname="ECommerce.tests.ReadUnamePwdFromExcel" name="ReadFromExcel" time="0.000"/>
  <system-out/>
  <testcase classname="ECommerce.tests.ReadUnamePwdFromExcel" name="ReadFromExcel" time="0.000"/>
  <system-out/>
  <testcase classname="ECommerce.tests.ReadUnamePwdFromExcel" name="ReadFromExcel" time="0.002"/>
  <system-out/>
  <testcase classname="ECommerce.tests.ReadUnamePwdFromExcel" name="ReadFromExcel" time="0.000"/>
  <system-out/>
  <testcase classname="ECommerce.tests.ReadUnamePwdFromExcel" name="ReadFromExcel" time="0.000"/>
  <system-out/>
  <testcase classname="ECommerce.tests.ReadUnamePwdFromExcel" name="ReadFromExcel" time="0.000"/>
  <system-out/>
  <testcase classname="ECommerce.tests.ReadUnamePwdFromExcel" name="ReadFromExcel" time="0.002"/>
  <system-out/>
  <testcase classname="ECommerce.tests.ReadUnamePwdFromExcel" name="ReadFromExcel" time="0.000"/>
  <system-out/>
  <testcase classname="ECommerce.tests.ReadUnamePwdFromExcel" name="ReadFromExcel" time="0.000"/>
  <system-out/>
  <testcase classname="ECommerce.tests.ReadUnamePwdFromExcel" name="ReadFromExcel" time="0.000"/>
  <system-out/>
  <testcase classname="ECommerce.tests.ReadUnamePwdFromExcel" name="ReadFromExcel" time="0.000"/>
  <system-out/>
  <testcase classname="ECommerce.tests.ReadUnamePwdFromExcel" name="ReadFromExcel" time="0.000"/>
  <system-out/>
  <testcase classname="ECommerce.tests.ReadUnamePwdFromExcel" name="ReadFromExcel" time="0.000"/>
  <system-out/>
  <testcase classname="ECommerce.tests.ReadUnamePwdFromExcel" name="ReadFromExcel" time="0.000"/>
  <system-out/>
  <testcase classname="ECommerce.tests.ReadUnamePwdFromExcel" name="ReadFromExcel" time="0.000"/>
  <system-out/>
  <testcase classname="ECommerce.tests.ReadUnamePwdFromExcel" name="ReadFromExcel" time="0.001"/>
  <system-out/>
  <testcase classname="ECommerce.tests.ReadUnamePwdFromExcel" name="ReadFromExcel" time="0.000"/>
  <system-out/>
  <testcase classname="ECommerce.tests.ReadUnamePwdFromExcel" name="ReadFromExcel" time="0.000"/>
  <system-out/>
  <testcase classname="ECommerce.tests.ReadUnamePwdFromExcel" name="ReadFromExcel" time="0.000"/>
  <system-out/>
  <testcase classname="ECommerce.tests.ReadUnamePwdFromExcel" name="ReadFromExcel" time="0.001"/>
  <system-out/>
  <testcase classname="ECommerce.tests.ReadUnamePwdFromExcel" name="ReadFromExcel" time="0.000"/>
  <system-out/>
  <testcase classname="ECommerce.tests.ReadUnamePwdFromExcel" name="ReadFromExcel" time="0.000"/>
  <system-out/>
  <testcase classname="ECommerce.tests.ReadUnamePwdFromExcel" name="ReadFromExcel" time="0.000"/>
  <system-out/>
  <testcase classname="ECommerce.tests.ReadUnamePwdFromExcel" name="ReadFromExcel" time="0.028"/>
  <system-out/>
  <testcase classname="ECommerce.tests.ReadUnamePwdFromExcel" name="ReadFromExcel" time="0.000"/>
  <system-out/>
  <testcase classname="ECommerce.tests.ReadUnamePwdFromExcel" name="ReadFromExcel" time="0.000"/>
  <system-out/>
  <testcase classname="ECommerce.tests.ReadUnamePwdFromExcel" name="ReadFromExcel" time="0.000"/>
  <system-out/>
  <testcase classname="ECommerce.tests.ReadUnamePwdFromExcel" name="ReadFromExcel" time="0.000"/>
  <system-out/>
  <testcase classname="ECommerce.tests.ReadUnamePwdFromExcel" name="ReadFromExcel" time="0.000"/>
  <system-out/>
  <testcase classname="ECommerce.tests.ReadUnamePwdFromExcel" name="ReadFromExcel" time="0.000"/>
  <system-out/>
  <testcase classname="ECommerce.tests.ReadUnamePwdFromExcel" name="ReadFromExcel" time="0.000"/>
  <system-out/>
  <testcase classname="ECommerce.tests.ReadUnamePwdFromExcel" name="ReadFromExcel" time="0.000"/>
  <system-out/>
  <testcase classname="ECommerce.tests.ReadUnamePwdFromExcel" name="ReadFromExcel" time="0.000"/>
  <system-out/>
  <testcase classname="ECommerce.tests.ReadUnamePwdFromExcel" name="ReadFromExcel" time="0.001"/>
  <system-out/>
  <testcase classname="ECommerce.tests.ReadUnamePwdFromExcel" name="ReadFromExcel" time="0.000"/>
  <system-out/>
  <testcase classname="ECommerce.tests.ReadUnamePwdFromExcel" name="ReadFromExcel" time="0.000"/>
  <system-out/>
[...]
  <system-out/>
  <testcase classname="ECommerce.tests.ReadUnamePwdFromExcel" name="ReadFromExcel" time="0.000"/>
  <system-out/>
  <testcase classname="ECommerce.tests.ReadUnamePwdFromExcel" name="ReadFromExcel" time="0.005"/>
  <system-out/>
  <testcase classname="ECommerce.tests.ReadUnamePwdFromExcel" name="ReadFromExcel" time="0.000"/>
  <system-out/>
  <testcase classname="ECommerce.tests.ReadUnamePwdFromExcel" name="ReadFromExcel" time="0.000"/>
  <system-out/>
  <testcase classname="ECommerce.tests.ReadUnamePwdFromExcel" name="ReadFromExcel" time="0.000"/>
  <system-out/>
  <testcase classname="ECommerce.tests.ReadUnamePwdFromExcel" name="ReadFromExcel" time="0.000"/>
  <system-out/>
  <testcase classname="ECommerce.tests.ReadUnamePwdFromExcel" name="ReadFromExcel" time="0.004"/>
  <system-out/>
  <testcase classname="ECommerce.tests.ReadUnamePwdFromExcel" name="ReadFromExcel" time="0.000"/>
  <system-out/>
  <testcase classname="ECommerce.tests.ReadUnamePwdFromExcel" name="ReadFromExcel" time="0.000"/>
  <system-out/>
  <testcase classname="ECommerce.tests.ReadUnamePwdFromExcel" name="ReadFromExcel" time="0.000"/>
  <system-out/>
  <testcase classname="ECommerce.tests.ReadUnamePwdFromExcel" name="ReadFromExcel" time="0.000"/>
  <system-out/>
  <testcase classname="ECommerce.tests.ReadUnamePwdFromExcel" name="ReadFromExcel" time="0.000"/>
  <system-out/>
  <testcase classname="ECommerce.tests.ReadUnamePwdFromExcel" name="ReadFromExcel" time="0.000"/>
  <system-out/>
  <testcase classname="ECommerce.tests.ReadUnamePwdFromExcel" name="ReadFromExcel" time="0.002"/>
  <system-out/>
  <testcase classname="ECommerce.tests.ReadUnamePwdFromExcel" name="ReadFromExcel" time="0.001"/>
  <system-out/>
  <testcase classname="ECommerce.tests.ReadUnamePwdFromExcel" name="ReadFromExcel" time="0.000"/>
  <system-out/>
  <testcase classname="ECommerce.tests.ReadUnamePwdFromExcel" name="ReadFromExcel" time="0.000"/>
  <system-out/>
  <testcase classname="ECommerce.tests.ReadUnamePwdFromExcel" name="ReadFromExcel" time="0.001"/>
  <system-out/>
  <testcase classname="ECommerce.tests.ReadUnamePwdFromExcel" name="ReadFromExcel" time="0.000"/>
  <system-out/>
  <testcase classname="ECommerce.tests.ReadUnamePwdFromExcel" name="ReadFromExcel" time="0.002"/>
  <system-out/>
  <testcase classname="ECommerce.tests.ReadUnamePwdFromExcel" name="ReadFromExcel" time="0.000"/>
  <system-out/>
  <testcase classname="ECommerce.tests.ReadUnamePwdFromExcel" name="ReadFromExcel" time="0.000"/>
  <system-out/>
  <testcase classname="ECommerce.tests.ReadUnamePwdFromExcel" name="ReadFromExcel" time="0.001"/>
  <system-out/>
  <testcase classname="ECommerce.tests.ReadUnamePwdFromExcel" name="ReadFromExcel" time="0.000"/>
  <system-out/>
  <testcase classname="ECommerce.tests.ReadUnamePwdFromExcel" name="ReadFromExcel" time="0.000"/>
  <system-out/>
  <testcase classname="ECommerce.tests.ReadUnamePwdFromExcel" name="ReadFromExcel" time="0.000"/>
  <system-out/>
  <testcase classname="ECommerce.tests.ReadUnamePwdFromExcel" name="ReadFromExcel" time="0.000"/>
  <system-out/>
  <testcase classname="ECommerce.tests.ReadUnamePwdFromExcel" name="ReadFromExcel" time="0.002"/>
  <system-out/>
  <testcase classname="ECommerce.tests.ReadUnamePwdFromExcel" name="ReadFromExcel" time="0.000"/>
  <system-out/>
  <testcase classname="ECommerce.tests.ReadUnamePwdFromExcel" name="ReadFromExcel" time="0.002"/>
  <system-out/>
  <testcase classname="ECommerce.tests.ReadUnamePwdFromExcel" name="ReadFromExcel" time="0.000"/>
  <system-out/>
  <testcase classname="ECommerce.tests.ReadUnamePwdFromExcel" name="ReadFromExcel" time="0.000"/>
  <system-out/>
  <testcase classname="ECommerce.tests.ReadUnamePwdFromExcel" name="ReadFromExcel" time="0.000"/>
  <system-out/>
  <testcase classname="ECommerce.tests.ReadUnamePwdFromExcel" name="ReadFromExcel" time="0.001"/>
  <system-out/>
  <testcase classname="ECommerce.tests.ReadUnamePwdFromExcel" name="ReadFromExcel" time="0.001"/>
  <system-out/>
  <testcase classname="ECommerce.tests.ReadUnamePwdFromExcel" name="ReadFromExcel" time="0.000"/>
  <system-out/>
  <testcase classname="ECommerce.tests.ReadUnamePwdFromExcel" name="ReadFromExcel" time="0.001"/>
  <system-out/>
  <testcase classname="ECommerce.tests.ReadUnamePwdFromExcel" name="ReadFromExcel" time="0.000"/>
  <system-out/>
  <testcase classname="ECommerce.tests.ReadUnamePwdFromExcel" name="ReadFromExcel" time="0.000"/>
  <system-out/>
  <testcase classname="ECommerce.tests.ReadUnamePwdFromExcel" name="ReadFromExcel" time="0.000"/>
  <system-out/>
  <testcase classname="ECommerce.tests.ReadUnamePwdFromExcel" name="ReadFromExcel" time="0.001"/>
  <system-out/>
  <testcase classname="ECommerce.tests.ReadUnamePwdFromExcel" name="ReadFromExcel" time="0.000"/>
  <system-out/>
  <testcase classname="ECommerce.tests.ReadUnamePwdFromExcel" name="ReadFromExcel" time="0.000"/>
  <system-out/>
  <testcase classname="ECommerce.tests.ReadUnamePwdFromExcel" name="ReadFromExcel" time="0.014"/>
  <system-out/>
  <testcase classname="ECommerce.tests.ReadUnamePwdFromExcel" name="ReadFromExcel" time="0.003"/>
  <system-out/>
  <testcase classname="ECommerce.tests.ReadUnamePwdFromExcel" name="ReadFromExcel" time="0.000"/>
  <system-out/>
  <testcase classname="ECommerce.tests.ReadUnamePwdFromExcel" name="ReadFromExcel" time="0.002"/>
  <system-out/>
  <testcase classname="ECommerce.tests.ReadUnamePwdFromExcel" name="ReadFromExcel" time="0.000"/>
  <system-out/>
  <testcase classname="ECommerce.tests.ReadUnamePwdFromExcel" name="ReadFromExcel" time="0.000"/>
  <system-out/>
  <testcase classname="ECommerce.tests.ReadUnamePwdFromExcel" name="ReadFromExcel" time="0.000"/>
  <system-out/>
  <testcase classname="ECommerce.tests.ReadUnamePwdFromExcel" name="ReadFromExcel" time="0.000"/>
  <system-out/>
  <testcase classname="ECommerce.tests.ReadUnamePwdFromExcel" name="ReadFromExcel" time="0.001"/>
  <system-out/>
  <testcase classname="ECommerce.tests.ReadUnamePwdFromExcel" name="ReadFromExcel" time="0.000"/>
  <system-out/>
  <testcase classname="ECommerce.tests.ReadUnamePwdFromExcel" name="ReadFromExcel" time="0.000"/>
  <system-out/>
  <testcase classname="ECommerce.tests.ReadUnamePwdFromExcel" name="ReadFromExcel" time="0.001"/>
  <system-out/>
  <testcase classname="ECommerce.tests.ReadUnamePwdFromExcel" name="ReadFromExcel" time="0.000"/>
  <system-out/>
  <testcase classname="ECommerce.tests.ReadUnamePwdFromExcel" name="ReadFromExcel" time="0.000"/>
  <system-out/>
  <testcase classname="ECommerce.tests.ReadUnamePwdFromExcel" name="ReadFromExcel" time="0.000"/>
  <system-out/>
  <testcase classname="ECommerce.tests.ReadUnamePwdFromExcel" name="ReadFromExcel" time="0.000"/>
  <system-out/>
  <testcase classname="ECommerce.tests.ReadUnamePwdFromExcel" name="ReadFromExcel" time="0.000"/>
  <system-out/>
  <testcase classname="ECommerce.tests.ReadUnamePwdFromExcel" name="ReadFromExcel" time="0.000"/>
  <system-out/>
  <testcase classname="ECommerce.tests.ReadUnamePwdFromExcel" name="ReadFromExcel" time="0.000"/>
  <system-out/>
  <testcase classname="ECommerce.tests.ReadUnamePwdFromExcel" name="ReadFromExcel" time="0.000"/>
  <system-out/>
  <testcase classname="ECommerce.tests.ReadUnamePwdFromExcel" name="ReadFromExcel" time="0.000"/>
  <system-out/>
  <testcase classname="ECommerce.tests.ReadUnamePwdFromExcel" name="ReadFromExcel" time="0.000"/>
  <system-out/>
  <testcase classname="ECommerce.tests.ReadUnamePwdFromExcel" name="ReadFromExcel" time="0.000"/>
  <system-out/>
  <testcase classname="ECommerce.tests.ReadUnamePwdFromExcel" name="ReadFromExcel" time="0.000"/>
  <system-out/>
  <testcase classname="ECommerce.tests.ReadUnamePwdFromExcel" name="ReadFromExcel" time="0.000"/>
  <system-out/>
  <testcase classname="ECommerce.tests.ReadUnamePwdFromExcel" name="ReadFromExcel" time="0.000"/>
  <system-out/>
  <testcase classname="ECommerce.tests.ReadUnamePwdFromExcel" name="ReadFromExcel" time="0.001"/>
  <system-out/>
  <testcase classname="ECommerce.tests.ReadUnamePwdFromExcel" name="ReadFromExcel" time="0.001"/>
  <system-out/>
  <testcase classname="ECommerce.tests.ReadUnamePwdFromExcel" name="ReadFromExcel" time="0.000"/>
  <system-out/>
  <testcase classname="ECommerce.tests.ReadUnamePwdFromExcel" name="ReadFromExcel" time="0.000"/>
  <system-out/>
  <testcase classname="ECommerce.tests.ReadUnamePwdFromExcel" name="ReadFromExcel" time="0.001"/>
  <system-out/>
  <testcase classname="ECommerce.tests.ReadUnamePwdFromExcel" name="ReadFromExcel" time="0.001"/>
  <system-out/>
  <testcase classname="ECommerce.tests.ReadUnamePwdFromExcel" name="ReadFromExcel" time="0.002"/>
  <system-out/>
  <testcase classname="ECommerce.tests.ReadUnamePwdFromExcel" name="ReadFromExcel" time="0.000"/>
  <system-out/>
  <testcase classname="ECommerce.tests.ReadUnamePwdFromExcel" name="ReadFromExcel" time="0.000"/>
  <system-out/>
  <testcase classname="ECommerce.tests.ReadUnamePwdFromExcel" name="ReadFromExcel" time="0.000"/>
  <system-out/>
  <testcase classname="ECommerce.tests.ReadUnamePwdFromExcel" name="ReadFromExcel" time="0.000"/>
  <system-out/>
  <testcase classname="ECommerce.tests.ReadUnamePwdFromExcel" name="ReadFromExcel" time="0.000"/>
  <system-out/>
  <testcase classname="ECommerce.tests.ReadUnamePwdFromExcel" name="ReadFromExcel" time="0.000"/>
  <system-out/>
  <testcase classname="ECommerce.tests.ReadUnamePwdFromExcel" name="ReadFromExcel" time="0.001"/>
  <system-out/>
  <testcase classname="ECommerce.tests.ReadUnamePwdFromExcel" name="ReadFromExcel" time="0.000"/>
  <system-out/>
  <testcase classname="ECommerce.tests.ReadUnamePwdFromExcel" name="ReadFromExcel" time="0.000"/>
  <system-out/>
  <testcase classname="ECommerce.tests.ReadUnamePwdFromExcel" name="ReadFromExcel" time="0.000"/>
  <system-out/>
  <testcase classname="ECommerce.tests.ReadUnamePwdFromExcel" name="ReadFromExcel" time="0.000"/>
  <system-out/>
  <testcase classname="ECommerce.tests.ReadUnamePwdFromExcel" name="ReadFromExcel" time="0.000"/>
  <system-out/>
  <testcase classname="ECommerce.tests.ReadUnamePwdFromExcel" name="ReadFromExcel" time="0.001"/>
  <system-out/>
  <testcase classname="ECommerce.tests.ReadUnamePwdFromExcel" name="ReadFromExcel" time="0.000"/>
  <system-out/>
  <testcase classname="ECommerce.tests.ReadUnamePwdFromExcel" name="ReadFromExcel" time="0.000"/>
  <system-out/>
  <testcase classname="ECommerce.tests.ReadUnamePwdFromExcel" name="ReadFromExcel" time="0.001"/>
  <system-out/>
  <testcase classname="ECommerce.tests.ReadUnamePwdFromExcel" name="ReadFromExcel" time="0.000"/>
  <system-out/>
  <testcase classname="ECommerce.tests.ReadUnamePwdFromExcel" name="ReadFromExcel" time="0.000"/>
  <system-out/>
  <testcase classname="ECommerce.tests.ReadUnamePwdFromExcel" name="ReadFromExcel" time="0.000"/>
  <system-out/>
  <testcase classname="ECommerce.tests.ReadUnamePwdFromExcel" name="ReadFromExcel" time="0.001"/>
  <system-out/>
  <testcase classname="ECommerce.tests.ReadUnamePwdFromExcel" name="ReadFromExcel" time="0.000"/>
  <system-out/>
  <testcase classname="ECommerce.tests.ReadUnamePwdFromExcel" name="ReadFromExcel" time="0.001"/>
  <system-out/>
  <testcase classname="ECommerce.tests.ReadUnamePwdFromExcel" name="ReadFromExcel" time="0.001"/>
  <system-out/>
  <testcase classname="ECommerce.tests.ReadUnamePwdFromExcel" name="ReadFromExcel" time="0.002"/>
  <system-out/>
  <testcase classname="ECommerce.tests.ReadUnamePwdFromExcel" name="ReadFromExcel" time="0.000"/>
  <system-out/>
  <testcase classname="ECommerce.tests.ReadUnamePwdFromExcel" name="ReadFromExcel" time="0.000"/>
  <system-out/>
  <testcase classname="ECommerce.tests.ReadUnamePwdFromExcel" name="ReadFromExcel" time="0.001"/>
  <system-out/>
  <testcase classname="ECommerce.tests.ReadUnamePwdFromExcel" name="ReadFromExcel" time="0.000"/>
  <system-out/>
  <testcase classname="ECommerce.tests.ReadUnamePwdFromExcel" name="ReadFromExcel" time="0.000"/>
  <system-out/>
  <testcase classname="ECommerce.tests.ReadUnamePwdFromExcel" name="ReadFromExcel" time="0.000"/>
  <system-out/>
  <testcase classname="ECommerce.tests.ReadUnamePwdFromExcel" name="ReadFromExcel" time="0.000"/>
  <system-out/>
  <testcase classname="ECommerce.tests.ReadUnamePwdFromExcel" name="ReadFromExcel" time="0.000"/>
  <system-out/>
  <testcase classname="ECommerce.tests.ReadUnamePwdFromExcel" name="ReadFromExcel" time="0.000"/>
  <system-out/>
  <testcase classname="ECommerce.tests.ReadUnamePwdFromExcel" name="ReadFromExcel" time="0.001"/>
  <system-out/>
  <testcase classname="ECommerce.tests.ReadUnamePwdFromExcel" name="ReadFromExcel" time="0.000"/>
  <system-out/>
  <testcase classname="ECommerce.tests.ReadUnamePwdFromExcel" name="ReadFromExcel" time="0.000"/>
  <system-out/>
  <testcase classname="ECommerce.tests.ReadUnamePwdFromExcel" name="ReadFromExcel" time="0.000"/>
  <system-out/>
  <testcase classname="ECommerce.tests.ReadUnamePwdFromExcel" name="ReadFromExcel" time="0.000"/>
  <system-out/>
  <testcase classname="ECommerce.tests.ReadUnamePwdFromExcel" name="ReadFromExcel" time="0.000"/>
  <system-out/>
  <testcase classname="ECommerce.tests.ReadUnamePwdFromExcel" name="ReadFromExcel" time="0.000"/>
  <system-out/>
  <testcase classname="ECommerce.tests.ReadUnamePwdFromExcel" name="ReadFromExcel" time="0.000"/>
  <system-out/>
  <testcase classname="ECommerce.tests.ReadUnamePwdFromExcel" name="ReadFromExcel" time="0.000"/>
  <system-out/>
  <testcase classname="ECommerce.tests.ReadUnamePwdFromExcel" name="ReadFromExcel" time="0.000"/>
  <system-out/>
  <testcase classname="ECommerce.tests.ReadUnamePwdFromExcel" name="ReadFromExcel" time="0.000"/>
  <system-out/>
  <testcase classname="ECommerce.tests.ReadUnamePwdFromExcel" name="ReadFromExcel" time="0.001"/>
  <system-out/>
  <testcase classname="ECommerce.tests.ReadUnamePwdFromExcel" name="ReadFromExcel" time="0.002"/>
  <system-out/>
  <testcase classname="ECommerce.tests.ReadUnamePwdFromExcel" name="ReadFromExcel" time="0.000"/>
  <system-out/>
  <testcase classname="ECommerce.tests.ReadUnamePwdFromExcel" name="ReadFromExcel" time="0.002"/>
  <system-out/>
  <testcase classname="ECommerce.tests.ReadUnamePwdFromExcel" name="ReadFromExcel" time="0.001"/>
  <system-out/>
  <testcase classname="ECommerce.tests.ReadUnamePwdFromExcel" name="ReadFromExcel" time="0.000"/>
  <system-out/>
  <testcase classname="ECommerce.tests.ReadUnamePwdFromExcel" name="ReadFromExcel" time="0.001"/>
  <system-out/>
  <testcase classname="ECommerce.tests.ReadUnamePwdFromExcel" name="ReadFromExcel" time="0.000"/>
  <system-out/>
  <testcase classname="ECommerce.tests.ReadUnamePwdFromExcel" name="ReadFromExcel" time="0.000"/>
  <system-out/>
  <testcase classname="ECommerce.tests.ReadUnamePwdFromExcel" name="ReadFromExcel" time="0.000"/>
  <system-out/>
  <testcase classname="ECommerce.tests.ReadUnamePwdFromExcel" name="ReadFromExcel" time="0.000"/>
  <system-out/>
  <testcase classname="ECommerce.tests.ReadUnamePwdFromExcel" name="ReadFromExcel" time="0.000"/>
  <system-out/>
  <testcase classname="ECommerce.tests.ReadUnamePwdFromExcel" name="ReadFromExcel" time="0.000"/>
  <system-out/>
  <testcase classname="ECommerce.tests.ReadUnamePwdFromExcel" name="ReadFromExcel" time="0.000"/>
  <system-out/>
  <testcase classname="ECommerce.tests.ReadUnamePwdFromExcel" name="ReadFromExcel" time="0.000"/>
  <system-out/>
  <testcase classname="ECommerce.tests.ReadUnamePwdFromExcel" name="ReadFromExcel" time="0.000"/>
  <system-out/>
  <testcase classname="ECommerce.tests.ReadUnamePwdFromExcel" name="ReadFromExcel" time="0.000"/>
  <system-out/>
  <testcase classname="ECommerce.tests.ReadUnamePwdFromExcel" name="ReadFromExcel" time="0.000"/>
  <system-out/>
  <testcase classname="ECommerce.tests.ReadUnamePwdFromExcel" name="ReadFromExcel" time="0.000"/>
  <system-out/>
  <testcase classname="ECommerce.tests.ReadUnamePwdFromExcel" name="ReadFromExcel" time="0.000"/>
  <system-out/>
  <testcase classname="ECommerce.tests.ReadUnamePwdFromExcel" name="ReadFromExcel" time="0.000"/>
  <system-out/>
  <testcase classname="ECommerce.tests.ReadUnamePwdFromExcel" name="ReadFromExcel" time="0.000"/>
  <system-out/>
  <testcase classname="ECommerce.tests.ReadUnamePwdFromExcel" name="ReadFromExcel" time="0.000"/>
  <system-out/>
  <testcase classname="ECommerce.tests.ReadUnamePwdFromExcel" name="ReadFromExcel" time="0.000"/>
  <system-out/>
  <testcase classname="ECommerce.tests.ReadUnamePwdFromExcel" name="ReadFromExcel" time="0.000"/>
  <system-out/>
  <testcase classname="ECommerce.tests.ReadUnamePwdFromExcel" name="ReadFromExcel" time="0.000"/>
  <system-out/>
  <testcase classname="ECommerce.tests.ReadUnamePwdFromExcel" name="ReadFromExcel" time="0.001"/>
  <system-out/>
  <testcase classname="ECommerce.tests.ReadUnamePwdFromExcel" name="ReadFromExcel" time="0.000"/>
  <system-out/>
  <testcase classname="ECommerce.tests.ReadUnamePwdFromExcel" name="ReadFromExcel" time="0.000"/>
  <system-out/>
  <testcase classname="ECommerce.tests.ReadUnamePwdFromExcel" name="ReadFromExcel" time="0.001"/>
  <system-out/>
  <testcase classname="ECommerce.tests.ReadUnamePwdFromExcel" name="ReadFromExcel" time="0.000"/>
  <system-out/>
  <testcase classname="ECommerce.tests.ReadUnamePwdFromExcel" name="ReadFromExcel" time="0.002"/>
  <system-out/>
  <testcase classname="ECommerce.tests.ReadUnamePwdFromExcel" name="ReadFromExcel" time="0.000"/>
  <system-out/>
  <testcase classname="ECommerce.tests.ReadUnamePwdFromExcel" name="ReadFromExcel" time="0.000"/>
  <system-out/>
  <testcase classname="ECommerce.tests.ReadUnamePwdFromExcel" name="ReadFromExcel" time="0.002"/>
  <system-out/>
  <testcase classname="ECommerce.tests.ReadUnamePwdFromExcel" name="ReadFromExcel" time="0.000"/>
  <system-out/>
  <testcase classname="ECommerce.tests.ReadUnamePwdFromExcel" name="ReadFromExcel" time="0.000"/>
  <system-out/>
  <testcase classname="ECommerce.tests.ReadUnamePwdFromExcel" name="ReadFromExcel" time="0.000"/>
  <system-out/>
  <testcase classname="ECommerce.tests.ReadUnamePwdFromExcel" name="ReadFromExcel" time="0.000"/>
  <system-out/>
  <testcase classname="ECommerce.tests.ReadUnamePwdFromExcel" name="ReadFromExcel" time="0.000"/>
  <system-out/>
  <testcase classname="ECommerce.tests.ReadUnamePwdFromExcel" name="ReadFromExcel" time="0.003"/>
  <system-out/>
  <testcase classname="ECommerce.tests.ReadUnamePwdFromExcel" name="ReadFromExcel" time="0.000"/>
  <system-out/>
  <testcase classname="ECommerce.tests.ReadUnamePwdFromExcel" name="ReadFromExcel" time="0.000"/>
  <system-out/>
  <testcase classname="ECommerce.tests.ReadUnamePwdFromExcel" name="ReadFromExcel" time="0.000"/>
  <system-out/>
  <testcase classname="ECommerce.tests.ReadUnamePwdFromExcel" name="ReadFromExcel" time="0.000"/>
  <system-out/>
  <testcase classname="ECommerce.tests.ReadUnamePwdFromExcel" name="ReadFromExcel" time="0.001"/>
  <system-out/>
  <testcase classname="ECommerce.tests.ReadUnamePwdFromExcel" name="ReadFromExcel" time="0.001"/>
  <system-out/>
  <testcase classname="ECommerce.tests.ReadUnamePwdFromExcel" name="ReadFromExcel" time="0.001"/>
  <system-out/>
  <testcase classname="ECommerce.tests.ReadUnamePwdFromExcel" name="ReadFromExcel" time="0.000"/>
  <system-out/>
  <testcase classname="ECommerce.tests.ReadUnamePwdFromExcel" name="ReadFromExcel" time="0.000"/>
  <system-out/>
  <testcase classname="ECommerce.tests.ReadUnamePwdFromExcel" name="ReadFromExcel" time="0.000"/>
  <system-out/>
  <testcase classname="ECommerce.tests.ReadUnamePwdFromExcel" name="ReadFromExcel" time="0.001"/>
  <system-out/>
  <testcase classname="ECommerce.tests.ReadUnamePwdFromExcel" name="ReadFromExcel" time="0.000"/>
  <system-out/>
  <testcase classname="ECommerce.tests.ReadUnamePwdFromExcel" name="ReadFromExcel" time="0.000"/>
  <system-out/>
</testsuite> <!-- ECommerce.tests.ReadUnamePwdFromExcel -->
