<?xml version="1.0" encoding="UTF-8"?>
<testng-results ignored="0" total="2" passed="2" failed="0" skipped="0">
  <reporter-output>
  </reporter-output>
  <suite started-at="2023-05-25T13:09:20 IST" name="Default suite" finished-at="2023-05-25T13:09:20 IST" duration-ms="77">
    <groups>
    </groups>
    <test started-at="2023-05-25T13:09:20 IST" name="Default test" finished-at="2023-05-25T13:09:20 IST" duration-ms="77">
      <class name="JavaConcepts.Child">
        <test-method is-config="true" signature="beforeMethod()[pri:0, instance:JavaConcepts.Child@28f2a10f]" started-at="2023-05-25T13:09:20 IST" name="beforeMethod" finished-at="2023-05-25T13:09:20 IST" duration-ms="6" status="PASS">
          <reporter-output>
          </reporter-output>
        </test-method> <!-- beforeMethod -->
        <test-method signature="child()[pri:0, instance:JavaConcepts.Child@28f2a10f]" started-at="2023-05-25T13:09:20 IST" name="child" finished-at="2023-05-25T13:09:20 IST" duration-ms="8" status="PASS">
          <reporter-output>
          </reporter-output>
        </test-method> <!-- child -->
        <test-method is-config="true" signature="afterMethod()[pri:0, instance:JavaConcepts.Child@28f2a10f]" started-at="2023-05-25T13:09:20 IST" name="afterMethod" finished-at="2023-05-25T13:09:20 IST" duration-ms="0" status="PASS">
          <reporter-output>
          </reporter-output>
        </test-method> <!-- afterMethod -->
        <test-method is-config="true" signature="beforeMethod()[pri:0, instance:JavaConcepts.Child@28f2a10f]" started-at="2023-05-25T13:09:20 IST" name="beforeMethod" finished-at="2023-05-25T13:09:20 IST" duration-ms="1" status="PASS">
          <reporter-output>
          </reporter-output>
        </test-method> <!-- beforeMethod -->
        <test-method signature="parent()[pri:0, instance:JavaConcepts.Child@28f2a10f]" started-at="2023-05-25T13:09:20 IST" name="parent" finished-at="2023-05-25T13:09:20 IST" duration-ms="2" status="PASS">
          <reporter-output>
          </reporter-output>
        </test-method> <!-- parent -->
        <test-method is-config="true" signature="afterMethod()[pri:0, instance:JavaConcepts.Child@28f2a10f]" started-at="2023-05-25T13:09:20 IST" name="afterMethod" finished-at="2023-05-25T13:09:20 IST" duration-ms="1" status="PASS">
          <reporter-output>
          </reporter-output>
        </test-method> <!-- afterMethod -->
      </class> <!-- JavaConcepts.Child -->
    </test> <!-- Default test -->
  </suite> <!-- Default suite -->
</testng-results>
