<?xml version="1.0" encoding="UTF-8"?>
<testng-results ignored="0" total="1" passed="1" failed="0" skipped="0">
  <reporter-output>
  </reporter-output>
  <suite started-at="2023-06-01T11:55:20 IST" name="Default suite" finished-at="2023-06-01T11:55:28 IST" duration-ms="8131">
    <groups>
    </groups>
    <test started-at="2023-06-01T11:55:20 IST" name="Default test" finished-at="2023-06-01T11:55:28 IST" duration-ms="8131">
      <class name="ShrishtiTech.ExtentReports.ExtentReportDemo">
        <test-method is-config="true" signature="config()[pri:0, instance:ShrishtiTech.ExtentReports.ExtentReportDemo@31fa1761]" started-at="2023-06-01T11:55:20 IST" name="config" finished-at="2023-06-01T11:55:20 IST" duration-ms="368" status="PASS">
          <reporter-output>
          </reporter-output>
        </test-method> <!-- config -->
        <test-method signature="TestClassForExtentReport()[pri:0, instance:ShrishtiTech.ExtentReports.ExtentReportDemo@31fa1761]" started-at="2023-06-01T11:55:20 IST" name="TestClassForExtentReport" finished-at="2023-06-01T11:55:28 IST" duration-ms="7729" status="PASS">
          <reporter-output>
          </reporter-output>
        </test-method> <!-- TestClassForExtentReport -->
      </class> <!-- ShrishtiTech.ExtentReports.ExtentReportDemo -->
    </test> <!-- Default test -->
  </suite> <!-- Default suite -->
</testng-results>
