<?xml version="1.0" encoding="UTF-8"?>
<!-- Generated by org.testng.reporters.JUnitXMLReporter -->
<testsuite ignored="0" hostname="Shrishti_BT" failures="0" tests="2" name="ErrorMessageValidationTest" time="12.325" errors="0" timestamp="2023-06-01T16:58:54 IST">
  <testcase classname="ECommerce.tests.ErrorMessageValidation" name="getErrorMessage" time="0.892"/>
  <testcase classname="ECommerce.tests.ErrorMessageValidation" name="productErrorValidation" time="4.525"/>
</testsuite> <!-- ErrorMessageValidationTest -->
