<?xml version="1.0" encoding="UTF-8"?>
<!-- Generated by org.testng.reporters.JUnitXMLReporter -->
<testsuite ignored="0" hostname="Shrishti_BT" failures="0" tests="1000" name="Default test" time="1.826" errors="0" timestamp="2023-06-12T17:23:58 IST">
  <testcase classname="ECommerce.tests.ReadUnamePwdFromExcel" name="ReadFromExcel" time="0.009"/>
  <testcase classname="ECommerce.tests.ReadUnamePwdFromExcel" name="ReadFromExcel" time="0.002"/>
  <testcase classname="ECommerce.tests.ReadUnamePwdFromExcel" name="ReadFromExcel" time="0.005"/>
  <testcase classname="ECommerce.tests.ReadUnamePwdFromExcel" name="ReadFromExcel" time="0.004"/>
  <testcase classname="ECommerce.tests.ReadUnamePwdFromExcel" name="ReadFromExcel" time="0.003"/>
  <testcase classname="ECommerce.tests.ReadUnamePwdFromExcel" name="ReadFromExcel" time="0.003"/>
  <testcase classname="ECommerce.tests.ReadUnamePwdFromExcel" name="ReadFromExcel" time="0.002"/>
  <testcase classname="ECommerce.tests.ReadUnamePwdFromExcel" name="ReadFromExcel" time="0.004"/>
  <testcase classname="ECommerce.tests.ReadUnamePwdFromExcel" name="ReadFromExcel" time="0.003"/>
  <testcase classname="ECommerce.tests.ReadUnamePwdFromExcel" name="ReadFromExcel" time="0.002"/>
  <testcase classname="ECommerce.tests.ReadUnamePwdFromExcel" name="ReadFromExcel" time="0.002"/>
  <testcase classname="ECommerce.tests.ReadUnamePwdFromExcel" name="ReadFromExcel" time="0.003"/>
  <testcase classname="ECommerce.tests.ReadUnamePwdFromExcel" name="ReadFromExcel" time="0.0"/>
  <testcase classname="ECommerce.tests.ReadUnamePwdFromExcel" name="ReadFromExcel" time="0.001"/>
  <testcase classname="ECommerce.tests.ReadUnamePwdFromExcel" name="ReadFromExcel" time="0.001"/>
  <testcase classname="ECommerce.tests.ReadUnamePwdFromExcel" name="ReadFromExcel" time="0.004"/>
  <testcase classname="ECommerce.tests.ReadUnamePwdFromExcel" name="ReadFromExcel" time="0.001"/>
  <testcase classname="ECommerce.tests.ReadUnamePwdFromExcel" name="ReadFromExcel" time="0.001"/>
  <testcase classname="ECommerce.tests.ReadUnamePwdFromExcel" name="ReadFromExcel" time="0.001"/>
  <testcase classname="ECommerce.tests.ReadUnamePwdFromExcel" name="ReadFromExcel" time="0.002"/>
  <testcase classname="ECommerce.tests.ReadUnamePwdFromExcel" name="ReadFromExcel" time="0.001"/>
  <testcase classname="ECommerce.tests.ReadUnamePwdFromExcel" name="ReadFromExcel" time="0.003"/>
  <testcase classname="ECommerce.tests.ReadUnamePwdFromExcel" name="ReadFromExcel" time="0.002"/>
  <testcase classname="ECommerce.tests.ReadUnamePwdFromExcel" name="ReadFromExcel" time="0.003"/>
  <testcase classname="ECommerce.tests.ReadUnamePwdFromExcel" name="ReadFromExcel" time="0.002"/>
  <testcase classname="ECommerce.tests.ReadUnamePwdFromExcel" name="ReadFromExcel" time="0.003"/>
  <testcase classname="ECommerce.tests.ReadUnamePwdFromExcel" name="ReadFromExcel" time="0.001"/>
  <testcase classname="ECommerce.tests.ReadUnamePwdFromExcel" name="ReadFromExcel" time="0.001"/>
  <testcase classname="ECommerce.tests.ReadUnamePwdFromExcel" name="ReadFromExcel" time="0.001"/>
  <testcase classname="ECommerce.tests.ReadUnamePwdFromExcel" name="ReadFromExcel" time="0.002"/>
  <testcase classname="ECommerce.tests.ReadUnamePwdFromExcel" name="ReadFromExcel" time="0.0"/>
  <testcase classname="ECommerce.tests.ReadUnamePwdFromExcel" name="ReadFromExcel" time="0.002"/>
  <testcase classname="ECommerce.tests.ReadUnamePwdFromExcel" name="ReadFromExcel" time="0.001"/>
  <testcase classname="ECommerce.tests.ReadUnamePwdFromExcel" name="ReadFromExcel" time="0.001"/>
  <testcase classname="ECommerce.tests.ReadUnamePwdFromExcel" name="ReadFromExcel" time="0.001"/>
  <testcase classname="ECommerce.tests.ReadUnamePwdFromExcel" name="ReadFromExcel" time="0.0"/>
  <testcase classname="ECommerce.tests.ReadUnamePwdFromExcel" name="ReadFromExcel" time="0.0"/>
  <testcase classname="ECommerce.tests.ReadUnamePwdFromExcel" name="ReadFromExcel" time="0.0"/>
  <testcase classname="ECommerce.tests.ReadUnamePwdFromExcel" name="ReadFromExcel" time="0.002"/>
  <testcase classname="ECommerce.tests.ReadUnamePwdFromExcel" name="ReadFromExcel" time="0.002"/>
  <testcase classname="ECommerce.tests.ReadUnamePwdFromExcel" name="ReadFromExcel" time="0.0"/>
  <testcase classname="ECommerce.tests.ReadUnamePwdFromExcel" name="ReadFromExcel" time="0.001"/>
  <testcase classname="ECommerce.tests.ReadUnamePwdFromExcel" name="ReadFromExcel" time="0.003"/>
  <testcase classname="ECommerce.tests.ReadUnamePwdFromExcel" name="ReadFromExcel" time="0.0"/>
  <testcase classname="ECommerce.tests.ReadUnamePwdFromExcel" name="ReadFromExcel" time="0.001"/>
  <testcase classname="ECommerce.tests.ReadUnamePwdFromExcel" name="ReadFromExcel" time="0.001"/>
  <testcase classname="ECommerce.tests.ReadUnamePwdFromExcel" name="ReadFromExcel" time="0.001"/>
  <testcase classname="ECommerce.tests.ReadUnamePwdFromExcel" name="ReadFromExcel" time="0.0"/>
  <testcase classname="ECommerce.tests.ReadUnamePwdFromExcel" name="ReadFromExcel" time="0.001"/>
  <testcase classname="ECommerce.tests.ReadUnamePwdFromExcel" name="ReadFromExcel" time="0.001"/>
  <testcase classname="ECommerce.tests.ReadUnamePwdFromExcel" name="ReadFromExcel" time="0.0"/>
  <testcase classname="ECommerce.tests.ReadUnamePwdFromExcel" name="ReadFromExcel" time="0.001"/>
  <testcase classname="ECommerce.tests.ReadUnamePwdFromExcel" name="ReadFromExcel" time="0.001"/>
  <testcase classname="ECommerce.tests.ReadUnamePwdFromExcel" name="ReadFromExcel" time="0.002"/>
  <testcase classname="ECommerce.tests.ReadUnamePwdFromExcel" name="ReadFromExcel" time="0.0"/>
  <testcase classname="ECommerce.tests.ReadUnamePwdFromExcel" name="ReadFromExcel" time="0.0"/>
  <testcase classname="ECommerce.tests.ReadUnamePwdFromExcel" name="ReadFromExcel" time="0.001"/>
  <testcase classname="ECommerce.tests.ReadUnamePwdFromExcel" name="ReadFromExcel" time="0.001"/>
  <testcase classname="ECommerce.tests.ReadUnamePwdFromExcel" name="ReadFromExcel" time="0.001"/>
  <testcase classname="ECommerce.tests.ReadUnamePwdFromExcel" name="ReadFromExcel" time="0.0"/>
  <testcase classname="ECommerce.tests.ReadUnamePwdFromExcel" name="ReadFromExcel" time="0.004"/>
  <testcase classname="ECommerce.tests.ReadUnamePwdFromExcel" name="ReadFromExcel" time="0.002"/>
  <testcase classname="ECommerce.tests.ReadUnamePwdFromExcel" name="ReadFromExcel" time="0.002"/>
  <testcase classname="ECommerce.tests.ReadUnamePwdFromExcel" name="ReadFromExcel" time="0.0"/>
  <testcase classname="ECommerce.tests.ReadUnamePwdFromExcel" name="ReadFromExcel" time="0.001"/>
  <testcase classname="ECommerce.tests.ReadUnamePwdFromExcel" name="ReadFromExcel" time="0.0"/>
  <testcase classname="ECommerce.tests.ReadUnamePwdFromExcel" name="ReadFromExcel" time="0.001"/>
  <testcase classname="ECommerce.tests.ReadUnamePwdFromExcel" name="ReadFromExcel" time="0.0"/>
  <testcase classname="ECommerce.tests.ReadUnamePwdFromExcel" name="ReadFromExcel" time="0.01"/>
  <testcase classname="ECommerce.tests.ReadUnamePwdFromExcel" name="ReadFromExcel" time="0.002"/>
  <testcase classname="ECommerce.tests.ReadUnamePwdFromExcel" name="ReadFromExcel" time="0.0"/>
  <testcase classname="ECommerce.tests.ReadUnamePwdFromExcel" name="ReadFromExcel" time="0.001"/>
  <testcase classname="ECommerce.tests.ReadUnamePwdFromExcel" name="ReadFromExcel" time="0.0"/>
  <testcase classname="ECommerce.tests.ReadUnamePwdFromExcel" name="ReadFromExcel" time="0.0"/>
  <testcase classname="ECommerce.tests.ReadUnamePwdFromExcel" name="ReadFromExcel" time="0.0"/>
  <testcase classname="ECommerce.tests.ReadUnamePwdFromExcel" name="ReadFromExcel" time="0.001"/>
  <testcase classname="ECommerce.tests.ReadUnamePwdFromExcel" name="ReadFromExcel" time="0.0"/>
  <testcase classname="ECommerce.tests.ReadUnamePwdFromExcel" name="ReadFromExcel" time="0.0"/>
  <testcase classname="ECommerce.tests.ReadUnamePwdFromExcel" name="ReadFromExcel" time="0.0"/>
  <testcase classname="ECommerce.tests.ReadUnamePwdFromExcel" name="ReadFromExcel" time="0.001"/>
  <testcase classname="ECommerce.tests.ReadUnamePwdFromExcel" name="ReadFromExcel" time="0.002"/>
  <testcase classname="ECommerce.tests.ReadUnamePwdFromExcel" name="ReadFromExcel" time="0.0"/>
  <testcase classname="ECommerce.tests.ReadUnamePwdFromExcel" name="ReadFromExcel" time="0.0"/>
  <testcase classname="ECommerce.tests.ReadUnamePwdFromExcel" name="ReadFromExcel" time="0.002"/>
  <testcase classname="ECommerce.tests.ReadUnamePwdFromExcel" name="ReadFromExcel" time="0.001"/>
  <testcase classname="ECommerce.tests.ReadUnamePwdFromExcel" name="ReadFromExcel" time="0.002"/>
  <testcase classname="ECommerce.tests.ReadUnamePwdFromExcel" name="ReadFromExcel" time="0.001"/>
  <testcase classname="ECommerce.tests.ReadUnamePwdFromExcel" name="ReadFromExcel" time="0.001"/>
  <testcase classname="ECommerce.tests.ReadUnamePwdFromExcel" name="ReadFromExcel" time="0.003"/>
  <testcase classname="ECommerce.tests.ReadUnamePwdFromExcel" name="ReadFromExcel" time="0.001"/>
  <testcase classname="ECommerce.tests.ReadUnamePwdFromExcel" name="ReadFromExcel" time="0.0"/>
  <testcase classname="ECommerce.tests.ReadUnamePwdFromExcel" name="ReadFromExcel" time="0.002"/>
  <testcase classname="ECommerce.tests.ReadUnamePwdFromExcel" name="ReadFromExcel" time="0.001"/>
  <testcase classname="ECommerce.tests.ReadUnamePwdFromExcel" name="ReadFromExcel" time="0.0"/>
  <testcase classname="ECommerce.tests.ReadUnamePwdFromExcel" name="ReadFromExcel" time="0.007"/>
  <testcase classname="ECommerce.tests.ReadUnamePwdFromExcel" name="ReadFromExcel" time="0.001"/>
  <testcase classname="ECommerce.tests.ReadUnamePwdFromExcel" name="ReadFromExcel" time="0.001"/>
  <testcase classname="ECommerce.tests.ReadUnamePwdFromExcel" name="ReadFromExcel" time="0.001"/>
  <testcase classname="ECommerce.tests.ReadUnamePwdFromExcel" name="ReadFromExcel" time="0.0"/>
  <testcase classname="ECommerce.tests.ReadUnamePwdFromExcel" name="ReadFromExcel" time="0.0"/>
  <testcase classname="ECommerce.tests.ReadUnamePwdFromExcel" name="ReadFromExcel" time="0.001"/>
  <testcase classname="ECommerce.tests.ReadUnamePwdFromExcel" name="ReadFromExcel" time="0.0"/>
  <testcase classname="ECommerce.tests.ReadUnamePwdFromExcel" name="ReadFromExcel" time="0.001"/>
  <testcase classname="ECommerce.tests.ReadUnamePwdFromExcel" name="ReadFromExcel" time="0.0"/>
  <testcase classname="ECommerce.tests.ReadUnamePwdFromExcel" name="ReadFromExcel" time="0.001"/>
  <testcase classname="ECommerce.tests.ReadUnamePwdFromExcel" name="ReadFromExcel" time="0.002"/>
  <testcase classname="ECommerce.tests.ReadUnamePwdFromExcel" name="ReadFromExcel" time="0.001"/>
  <testcase classname="ECommerce.tests.ReadUnamePwdFromExcel" name="ReadFromExcel" time="0.0"/>
  <testcase classname="ECommerce.tests.ReadUnamePwdFromExcel" name="ReadFromExcel" time="0.0"/>
  <testcase classname="ECommerce.tests.ReadUnamePwdFromExcel" name="ReadFromExcel" time="0.0"/>
  <testcase classname="ECommerce.tests.ReadUnamePwdFromExcel" name="ReadFromExcel" time="0.0"/>
  <testcase classname="ECommerce.tests.ReadUnamePwdFromExcel" name="ReadFromExcel" time="0.001"/>
  <testcase classname="ECommerce.tests.ReadUnamePwdFromExcel" name="ReadFromExcel" time="0.0"/>
  <testcase classname="ECommerce.tests.ReadUnamePwdFromExcel" name="ReadFromExcel" time="0.001"/>
  <testcase classname="ECommerce.tests.ReadUnamePwdFromExcel" name="ReadFromExcel" time="0.001"/>
  <testcase classname="ECommerce.tests.ReadUnamePwdFromExcel" name="ReadFromExcel" time="0.0"/>
  <testcase classname="ECommerce.tests.ReadUnamePwdFromExcel" name="ReadFromExcel" time="0.002"/>
  <testcase classname="ECommerce.tests.ReadUnamePwdFromExcel" name="ReadFromExcel" time="0.002"/>
  <testcase classname="ECommerce.tests.ReadUnamePwdFromExcel" name="ReadFromExcel" time="0.0"/>
  <testcase classname="ECommerce.tests.ReadUnamePwdFromExcel" name="ReadFromExcel" time="0.001"/>
  <testcase classname="ECommerce.tests.ReadUnamePwdFromExcel" name="ReadFromExcel" time="0.0"/>
  <testcase classname="ECommerce.tests.ReadUnamePwdFromExcel" name="ReadFromExcel" time="0.001"/>
  <testcase classname="ECommerce.tests.ReadUnamePwdFromExcel" name="ReadFromExcel" time="0.001"/>
  <testcase classname="ECommerce.tests.ReadUnamePwdFromExcel" name="ReadFromExcel" time="0.0"/>
  <testcase classname="ECommerce.tests.ReadUnamePwdFromExcel" name="ReadFromExcel" time="0.002"/>
  <testcase classname="ECommerce.tests.ReadUnamePwdFromExcel" name="ReadFromExcel" time="0.001"/>
  <testcase classname="ECommerce.tests.ReadUnamePwdFromExcel" name="ReadFromExcel" time="0.003"/>
  <testcase classname="ECommerce.tests.ReadUnamePwdFromExcel" name="ReadFromExcel" time="0.001"/>
  <testcase classname="ECommerce.tests.ReadUnamePwdFromExcel" name="ReadFromExcel" time="0.0"/>
  <testcase classname="ECommerce.tests.ReadUnamePwdFromExcel" name="ReadFromExcel" time="0.001"/>
  <testcase classname="ECommerce.tests.ReadUnamePwdFromExcel" name="ReadFromExcel" time="0.0"/>
  <testcase classname="ECommerce.tests.ReadUnamePwdFromExcel" name="ReadFromExcel" time="0.0"/>
  <testcase classname="ECommerce.tests.ReadUnamePwdFromExcel" name="ReadFromExcel" time="0.0"/>
  <testcase classname="ECommerce.tests.ReadUnamePwdFromExcel" name="ReadFromExcel" time="0.001"/>
  <testcase classname="ECommerce.tests.ReadUnamePwdFromExcel" name="ReadFromExcel" time="0.0"/>
  <testcase classname="ECommerce.tests.ReadUnamePwdFromExcel" name="ReadFromExcel" time="0.001"/>
  <testcase classname="ECommerce.tests.ReadUnamePwdFromExcel" name="ReadFromExcel" time="0.001"/>
  <testcase classname="ECommerce.tests.ReadUnamePwdFromExcel" name="ReadFromExcel" time="0.001"/>
  <testcase classname="ECommerce.tests.ReadUnamePwdFromExcel" name="ReadFromExcel" time="0.0"/>
  <testcase classname="ECommerce.tests.ReadUnamePwdFromExcel" name="ReadFromExcel" time="0.0"/>
  <testcase classname="ECommerce.tests.ReadUnamePwdFromExcel" name="ReadFromExcel" time="0.0"/>
  <testcase classname="ECommerce.tests.ReadUnamePwdFromExcel" name="ReadFromExcel" time="0.003"/>
  <testcase classname="ECommerce.tests.ReadUnamePwdFromExcel" name="ReadFromExcel" time="0.0"/>
  <testcase classname="ECommerce.tests.ReadUnamePwdFromExcel" name="ReadFromExcel" time="0.0"/>
  <testcase classname="ECommerce.tests.ReadUnamePwdFromExcel" name="ReadFromExcel" time="0.001"/>
  <testcase classname="ECommerce.tests.ReadUnamePwdFromExcel" name="ReadFromExcel" time="0.001"/>
  <testcase classname="ECommerce.tests.ReadUnamePwdFromExcel" name="ReadFromExcel" time="0.0"/>
  <testcase classname="ECommerce.tests.ReadUnamePwdFromExcel" name="ReadFromExcel" time="0.0"/>
  <testcase classname="ECommerce.tests.ReadUnamePwdFromExcel" name="ReadFromExcel" time="0.0"/>
  <testcase classname="ECommerce.tests.ReadUnamePwdFromExcel" name="ReadFromExcel" time="0.002"/>
  <testcase classname="ECommerce.tests.ReadUnamePwdFromExcel" name="ReadFromExcel" time="0.0"/>
  <testcase classname="ECommerce.tests.ReadUnamePwdFromExcel" name="ReadFromExcel" time="0.001"/>
  <testcase classname="ECommerce.tests.ReadUnamePwdFromExcel" name="ReadFromExcel" time="0.001"/>
  <testcase classname="ECommerce.tests.ReadUnamePwdFromExcel" name="ReadFromExcel" time="0.0"/>
  <testcase classname="ECommerce.tests.ReadUnamePwdFromExcel" name="ReadFromExcel" time="0.001"/>
  <testcase classname="ECommerce.tests.ReadUnamePwdFromExcel" name="ReadFromExcel" time="0.0"/>
  <testcase classname="ECommerce.tests.ReadUnamePwdFromExcel" name="ReadFromExcel" time="0.001"/>
  <testcase classname="ECommerce.tests.ReadUnamePwdFromExcel" name="ReadFromExcel" time="0.0"/>
  <testcase classname="ECommerce.tests.ReadUnamePwdFromExcel" name="ReadFromExcel" time="0.001"/>
  <testcase classname="ECommerce.tests.ReadUnamePwdFromExcel" name="ReadFromExcel" time="0.001"/>
  <testcase classname="ECommerce.tests.ReadUnamePwdFromExcel" name="ReadFromExcel" time="0.0"/>
  <testcase classname="ECommerce.tests.ReadUnamePwdFromExcel" name="ReadFromExcel" time="0.0"/>
  <testcase classname="ECommerce.tests.ReadUnamePwdFromExcel" name="ReadFromExcel" time="0.001"/>
  <testcase classname="ECommerce.tests.ReadUnamePwdFromExcel" name="ReadFromExcel" time="0.0"/>
  <testcase classname="ECommerce.tests.ReadUnamePwdFromExcel" name="ReadFromExcel" time="0.0"/>
  <testcase classname="ECommerce.tests.ReadUnamePwdFromExcel" name="ReadFromExcel" time="0.001"/>
  <testcase classname="ECommerce.tests.ReadUnamePwdFromExcel" name="ReadFromExcel" time="0.0"/>
  <testcase classname="ECommerce.tests.ReadUnamePwdFromExcel" name="ReadFromExcel" time="0.002"/>
  <testcase classname="ECommerce.tests.ReadUnamePwdFromExcel" name="ReadFromExcel" time="0.004"/>
  <testcase classname="ECommerce.tests.ReadUnamePwdFromExcel" name="ReadFromExcel" time="0.001"/>
  <testcase classname="ECommerce.tests.ReadUnamePwdFromExcel" name="ReadFromExcel" time="0.0"/>
  <testcase classname="ECommerce.tests.ReadUnamePwdFromExcel" name="ReadFromExcel" time="0.0"/>
  <testcase classname="ECommerce.tests.ReadUnamePwdFromExcel" name="ReadFromExcel" time="0.0"/>
  <testcase classname="ECommerce.tests.ReadUnamePwdFromExcel" name="ReadFromExcel" time="0.001"/>
  <testcase classname="ECommerce.tests.ReadUnamePwdFromExcel" name="ReadFromExcel" time="0.001"/>
  <testcase classname="ECommerce.tests.ReadUnamePwdFromExcel" name="ReadFromExcel" time="0.0"/>
  <testcase classname="ECommerce.tests.ReadUnamePwdFromExcel" name="ReadFromExcel" time="0.0"/>
  <testcase classname="ECommerce.tests.ReadUnamePwdFromExcel" name="ReadFromExcel" time="0.0"/>
  <testcase classname="ECommerce.tests.ReadUnamePwdFromExcel" name="ReadFromExcel" time="0.0"/>
  <testcase classname="ECommerce.tests.ReadUnamePwdFromExcel" name="ReadFromExcel" time="0.001"/>
  <testcase classname="ECommerce.tests.ReadUnamePwdFromExcel" name="ReadFromExcel" time="0.001"/>
  <testcase classname="ECommerce.tests.ReadUnamePwdFromExcel" name="ReadFromExcel" time="0.001"/>
  <testcase classname="ECommerce.tests.ReadUnamePwdFromExcel" name="ReadFromExcel" time="0.0"/>
  <testcase classname="ECommerce.tests.ReadUnamePwdFromExcel" name="ReadFromExcel" time="0.001"/>
  <testcase classname="ECommerce.tests.ReadUnamePwdFromExcel" name="ReadFromExcel" time="0.0"/>
  <testcase classname="ECommerce.tests.ReadUnamePwdFromExcel" name="ReadFromExcel" time="0.0"/>
  <testcase classname="ECommerce.tests.ReadUnamePwdFromExcel" name="ReadFromExcel" time="0.0"/>
  <testcase classname="ECommerce.tests.ReadUnamePwdFromExcel" name="ReadFromExcel" time="0.0"/>
  <testcase classname="ECommerce.tests.ReadUnamePwdFromExcel" name="ReadFromExcel" time="0.0"/>
  <testcase classname="ECommerce.tests.ReadUnamePwdFromExcel" name="ReadFromExcel" time="0.0"/>
  <testcase classname="ECommerce.tests.ReadUnamePwdFromExcel" name="ReadFromExcel" time="0.0"/>
  <testcase classname="ECommerce.tests.ReadUnamePwdFromExcel" name="ReadFromExcel" time="0.005"/>
  <testcase classname="ECommerce.tests.ReadUnamePwdFromExcel" name="ReadFromExcel" time="0.001"/>
  <testcase classname="ECommerce.tests.ReadUnamePwdFromExcel" name="ReadFromExcel" time="0.0"/>
  <testcase classname="ECommerce.tests.ReadUnamePwdFromExcel" name="ReadFromExcel" time="0.001"/>
  <testcase classname="ECommerce.tests.ReadUnamePwdFromExcel" name="ReadFromExcel" time="0.0"/>
  <testcase classname="ECommerce.tests.ReadUnamePwdFromExcel" name="ReadFromExcel" time="0.001"/>
  <testcase classname="ECommerce.tests.ReadUnamePwdFromExcel" name="ReadFromExcel" time="0.0"/>
  <testcase classname="ECommerce.tests.ReadUnamePwdFromExcel" name="ReadFromExcel" time="0.0"/>
  <testcase classname="ECommerce.tests.ReadUnamePwdFromExcel" name="ReadFromExcel" time="0.001"/>
  <testcase classname="ECommerce.tests.ReadUnamePwdFromExcel" name="ReadFromExcel" time="0.001"/>
  <testcase classname="ECommerce.tests.ReadUnamePwdFromExcel" name="ReadFromExcel" time="0.0"/>
  <testcase classname="ECommerce.tests.ReadUnamePwdFromExcel" name="ReadFromExcel" time="0.0"/>
  <testcase classname="ECommerce.tests.ReadUnamePwdFromExcel" name="ReadFromExcel" time="0.001"/>
  <testcase classname="ECommerce.tests.ReadUnamePwdFromExcel" name="ReadFromExcel" time="0.0"/>
  <testcase classname="ECommerce.tests.ReadUnamePwdFromExcel" name="ReadFromExcel" time="0.001"/>
  <testcase classname="ECommerce.tests.ReadUnamePwdFromExcel" name="ReadFromExcel" time="0.0"/>
  <testcase classname="ECommerce.tests.ReadUnamePwdFromExcel" name="ReadFromExcel" time="0.0"/>
  <testcase classname="ECommerce.tests.ReadUnamePwdFromExcel" name="ReadFromExcel" time="0.001"/>
  <testcase classname="ECommerce.tests.ReadUnamePwdFromExcel" name="ReadFromExcel" time="0.0"/>
  <testcase classname="ECommerce.tests.ReadUnamePwdFromExcel" name="ReadFromExcel" time="0.0"/>
  <testcase classname="ECommerce.tests.ReadUnamePwdFromExcel" name="ReadFromExcel" time="0.0"/>
  <testcase classname="ECommerce.tests.ReadUnamePwdFromExcel" name="ReadFromExcel" time="0.0"/>
  <testcase classname="ECommerce.tests.ReadUnamePwdFromExcel" name="ReadFromExcel" time="0.0"/>
  <testcase classname="ECommerce.tests.ReadUnamePwdFromExcel" name="ReadFromExcel" time="0.001"/>
  <testcase classname="ECommerce.tests.ReadUnamePwdFromExcel" name="ReadFromExcel" time="0.0"/>
  <testcase classname="ECommerce.tests.ReadUnamePwdFromExcel" name="ReadFromExcel" time="0.0"/>
  <testcase classname="ECommerce.tests.ReadUnamePwdFromExcel" name="ReadFromExcel" time="0.0"/>
  <testcase classname="ECommerce.tests.ReadUnamePwdFromExcel" name="ReadFromExcel" time="0.0"/>
  <testcase classname="ECommerce.tests.ReadUnamePwdFromExcel" name="ReadFromExcel" time="0.0"/>
  <testcase classname="ECommerce.tests.ReadUnamePwdFromExcel" name="ReadFromExcel" time="0.0"/>
  <testcase classname="ECommerce.tests.ReadUnamePwdFromExcel" name="ReadFromExcel" time="0.0"/>
  <testcase classname="ECommerce.tests.ReadUnamePwdFromExcel" name="ReadFromExcel" time="0.0"/>
  <testcase classname="ECommerce.tests.ReadUnamePwdFromExcel" name="ReadFromExcel" time="0.001"/>
  <testcase classname="ECommerce.tests.ReadUnamePwdFromExcel" name="ReadFromExcel" time="0.0"/>
  <testcase classname="ECommerce.tests.ReadUnamePwdFromExcel" name="ReadFromExcel" time="0.0"/>
  <testcase classname="ECommerce.tests.ReadUnamePwdFromExcel" name="ReadFromExcel" time="0.001"/>
  <testcase classname="ECommerce.tests.ReadUnamePwdFromExcel" name="ReadFromExcel" time="0.0"/>
  <testcase classname="ECommerce.tests.ReadUnamePwdFromExcel" name="ReadFromExcel" time="0.0"/>
  <testcase classname="ECommerce.tests.ReadUnamePwdFromExcel" name="ReadFromExcel" time="0.0"/>
  <testcase classname="ECommerce.tests.ReadUnamePwdFromExcel" name="ReadFromExcel" time="0.001"/>
  <testcase classname="ECommerce.tests.ReadUnamePwdFromExcel" name="ReadFromExcel" time="0.001"/>
  <testcase classname="ECommerce.tests.ReadUnamePwdFromExcel" name="ReadFromExcel" time="0.001"/>
  <testcase classname="ECommerce.tests.ReadUnamePwdFromExcel" name="ReadFromExcel" time="0.001"/>
  <testcase classname="ECommerce.tests.ReadUnamePwdFromExcel" name="ReadFromExcel" time="0.001"/>
  <testcase classname="ECommerce.tests.ReadUnamePwdFromExcel" name="ReadFromExcel" time="0.0"/>
  <testcase classname="ECommerce.tests.ReadUnamePwdFromExcel" name="ReadFromExcel" time="0.0"/>
  <testcase classname="ECommerce.tests.ReadUnamePwdFromExcel" name="ReadFromExcel" time="0.0"/>
  <testcase classname="ECommerce.tests.ReadUnamePwdFromExcel" name="ReadFromExcel" time="0.0"/>
  <testcase classname="ECommerce.tests.ReadUnamePwdFromExcel" name="ReadFromExcel" time="0.0"/>
  <testcase classname="ECommerce.tests.ReadUnamePwdFromExcel" name="ReadFromExcel" time="0.0"/>
  <testcase classname="ECommerce.tests.ReadUnamePwdFromExcel" name="ReadFromExcel" time="0.001"/>
  <testcase classname="ECommerce.tests.ReadUnamePwdFromExcel" name="ReadFromExcel" time="0.0"/>
  <testcase classname="ECommerce.tests.ReadUnamePwdFromExcel" name="ReadFromExcel" time="0.0"/>
  <testcase classname="ECommerce.tests.ReadUnamePwdFromExcel" name="ReadFromExcel" time="0.005"/>
  <testcase classname="ECommerce.tests.ReadUnamePwdFromExcel" name="ReadFromExcel" time="0.0"/>
  <testcase classname="ECommerce.tests.ReadUnamePwdFromExcel" name="ReadFromExcel" time="0.006"/>
  <testcase classname="ECommerce.tests.ReadUnamePwdFromExcel" name="ReadFromExcel" time="0.0"/>
  <testcase classname="ECommerce.tests.ReadUnamePwdFromExcel" name="ReadFromExcel" time="0.0"/>
  <testcase classname="ECommerce.tests.ReadUnamePwdFromExcel" name="ReadFromExcel" time="0.0"/>
  <testcase classname="ECommerce.tests.ReadUnamePwdFromExcel" name="ReadFromExcel" time="0.0"/>
  <testcase classname="ECommerce.tests.ReadUnamePwdFromExcel" name="ReadFromExcel" time="0.001"/>
  <testcase classname="ECommerce.tests.ReadUnamePwdFromExcel" name="ReadFromExcel" time="0.0"/>
  <testcase classname="ECommerce.tests.ReadUnamePwdFromExcel" name="ReadFromExcel" time="0.001"/>
  <testcase classname="ECommerce.tests.ReadUnamePwdFromExcel" name="ReadFromExcel" time="0.0"/>
  <testcase classname="ECommerce.tests.ReadUnamePwdFromExcel" name="ReadFromExcel" time="0.0"/>
  <testcase classname="ECommerce.tests.ReadUnamePwdFromExcel" name="ReadFromExcel" time="0.0"/>
  <testcase classname="ECommerce.tests.ReadUnamePwdFromExcel" name="ReadFromExcel" time="0.0"/>
  <testcase classname="ECommerce.tests.ReadUnamePwdFromExcel" name="ReadFromExcel" time="0.001"/>
  <testcase classname="ECommerce.tests.ReadUnamePwdFromExcel" name="ReadFromExcel" time="0.0"/>
  <testcase classname="ECommerce.tests.ReadUnamePwdFromExcel" name="ReadFromExcel" time="0.0"/>
  <testcase classname="ECommerce.tests.ReadUnamePwdFromExcel" name="ReadFromExcel" time="0.001"/>
  <testcase classname="ECommerce.tests.ReadUnamePwdFromExcel" name="ReadFromExcel" time="0.001"/>
  <testcase classname="ECommerce.tests.ReadUnamePwdFromExcel" name="ReadFromExcel" time="0.0"/>
  <testcase classname="ECommerce.tests.ReadUnamePwdFromExcel" name="ReadFromExcel" time="0.001"/>
  <testcase classname="ECommerce.tests.ReadUnamePwdFromExcel" name="ReadFromExcel" time="0.0"/>
  <testcase classname="ECommerce.tests.ReadUnamePwdFromExcel" name="ReadFromExcel" time="0.001"/>
  <testcase classname="ECommerce.tests.ReadUnamePwdFromExcel" name="ReadFromExcel" time="0.0"/>
  <testcase classname="ECommerce.tests.ReadUnamePwdFromExcel" name="ReadFromExcel" time="0.001"/>
  <testcase classname="ECommerce.tests.ReadUnamePwdFromExcel" name="ReadFromExcel" time="0.0"/>
  <testcase classname="ECommerce.tests.ReadUnamePwdFromExcel" name="ReadFromExcel" time="0.0"/>
  <testcase classname="ECommerce.tests.ReadUnamePwdFromExcel" name="ReadFromExcel" time="0.002"/>
  <testcase classname="ECommerce.tests.ReadUnamePwdFromExcel" name="ReadFromExcel" time="0.0"/>
  <testcase classname="ECommerce.tests.ReadUnamePwdFromExcel" name="ReadFromExcel" time="0.0"/>
  <testcase classname="ECommerce.tests.ReadUnamePwdFromExcel" name="ReadFromExcel" time="0.0"/>
  <testcase classname="ECommerce.tests.ReadUnamePwdFromExcel" name="ReadFromExcel" time="0.0"/>
  <testcase classname="ECommerce.tests.ReadUnamePwdFromExcel" name="ReadFromExcel" time="0.0"/>
  <testcase classname="ECommerce.tests.ReadUnamePwdFromExcel" name="ReadFromExcel" time="0.0"/>
  <testcase classname="ECommerce.tests.ReadUnamePwdFromExcel" name="ReadFromExcel" time="0.0"/>
  <testcase classname="ECommerce.tests.ReadUnamePwdFromExcel" name="ReadFromExcel" time="0.0"/>
  <testcase classname="ECommerce.tests.ReadUnamePwdFromExcel" name="ReadFromExcel" time="0.0"/>
  <testcase classname="ECommerce.tests.ReadUnamePwdFromExcel" name="ReadFromExcel" time="0.0"/>
  <testcase classname="ECommerce.tests.ReadUnamePwdFromExcel" name="ReadFromExcel" time="0.0"/>
  <testcase classname="ECommerce.tests.ReadUnamePwdFromExcel" name="ReadFromExcel" time="0.0"/>
  <testcase classname="ECommerce.tests.ReadUnamePwdFromExcel" name="ReadFromExcel" time="0.0"/>
  <testcase classname="ECommerce.tests.ReadUnamePwdFromExcel" name="ReadFromExcel" time="0.0"/>
  <testcase classname="ECommerce.tests.ReadUnamePwdFromExcel" name="ReadFromExcel" time="0.001"/>
  <testcase classname="ECommerce.tests.ReadUnamePwdFromExcel" name="ReadFromExcel" time="0.0"/>
  <testcase classname="ECommerce.tests.ReadUnamePwdFromExcel" name="ReadFromExcel" time="0.0"/>
  <testcase classname="ECommerce.tests.ReadUnamePwdFromExcel" name="ReadFromExcel" time="0.0"/>
  <testcase classname="ECommerce.tests.ReadUnamePwdFromExcel" name="ReadFromExcel" time="0.0"/>
  <testcase classname="ECommerce.tests.ReadUnamePwdFromExcel" name="ReadFromExcel" time="0.0"/>
  <testcase classname="ECommerce.tests.ReadUnamePwdFromExcel" name="ReadFromExcel" time="0.001"/>
  <testcase classname="ECommerce.tests.ReadUnamePwdFromExcel" name="ReadFromExcel" time="0.0"/>
  <testcase classname="ECommerce.tests.ReadUnamePwdFromExcel" name="ReadFromExcel" time="0.0"/>
  <testcase classname="ECommerce.tests.ReadUnamePwdFromExcel" name="ReadFromExcel" time="0.0"/>
  <testcase classname="ECommerce.tests.ReadUnamePwdFromExcel" name="ReadFromExcel" time="0.0"/>
  <testcase classname="ECommerce.tests.ReadUnamePwdFromExcel" name="ReadFromExcel" time="0.001"/>
  <testcase classname="ECommerce.tests.ReadUnamePwdFromExcel" name="ReadFromExcel" time="0.0"/>
  <testcase classname="ECommerce.tests.ReadUnamePwdFromExcel" name="ReadFromExcel" time="0.0"/>
  <testcase classname="ECommerce.tests.ReadUnamePwdFromExcel" name="ReadFromExcel" time="0.0"/>
  <testcase classname="ECommerce.tests.ReadUnamePwdFromExcel" name="ReadFromExcel" time="0.0"/>
  <testcase classname="ECommerce.tests.ReadUnamePwdFromExcel" name="ReadFromExcel" time="0.0"/>
  <testcase classname="ECommerce.tests.ReadUnamePwdFromExcel" name="ReadFromExcel" time="0.0"/>
  <testcase classname="ECommerce.tests.ReadUnamePwdFromExcel" name="ReadFromExcel" time="0.0"/>
  <testcase classname="ECommerce.tests.ReadUnamePwdFromExcel" name="ReadFromExcel" time="0.0"/>
  <testcase classname="ECommerce.tests.ReadUnamePwdFromExcel" name="ReadFromExcel" time="0.001"/>
  <testcase classname="ECommerce.tests.ReadUnamePwdFromExcel" name="ReadFromExcel" time="0.005"/>
  <testcase classname="ECommerce.tests.ReadUnamePwdFromExcel" name="ReadFromExcel" time="0.002"/>
  <testcase classname="ECommerce.tests.ReadUnamePwdFromExcel" name="ReadFromExcel" time="0.0"/>
  <testcase classname="ECommerce.tests.ReadUnamePwdFromExcel" name="ReadFromExcel" time="0.001"/>
  <testcase classname="ECommerce.tests.ReadUnamePwdFromExcel" name="ReadFromExcel" time="0.0"/>
  <testcase classname="ECommerce.tests.ReadUnamePwdFromExcel" name="ReadFromExcel" time="0.0"/>
  <testcase classname="ECommerce.tests.ReadUnamePwdFromExcel" name="ReadFromExcel" time="0.001"/>
  <testcase classname="ECommerce.tests.ReadUnamePwdFromExcel" name="ReadFromExcel" time="0.0"/>
  <testcase classname="ECommerce.tests.ReadUnamePwdFromExcel" name="ReadFromExcel" time="0.0"/>
  <testcase classname="ECommerce.tests.ReadUnamePwdFromExcel" name="ReadFromExcel" time="0.001"/>
  <testcase classname="ECommerce.tests.ReadUnamePwdFromExcel" name="ReadFromExcel" time="0.001"/>
  <testcase classname="ECommerce.tests.ReadUnamePwdFromExcel" name="ReadFromExcel" time="0.028"/>
  <testcase classname="ECommerce.tests.ReadUnamePwdFromExcel" name="ReadFromExcel" time="0.02"/>
  <testcase classname="ECommerce.tests.ReadUnamePwdFromExcel" name="ReadFromExcel" time="0.001"/>
  <testcase classname="ECommerce.tests.ReadUnamePwdFromExcel" name="ReadFromExcel" time="0.001"/>
  <testcase classname="ECommerce.tests.ReadUnamePwdFromExcel" name="ReadFromExcel" time="0.0"/>
  <testcase classname="ECommerce.tests.ReadUnamePwdFromExcel" name="ReadFromExcel" time="0.0"/>
  <testcase classname="ECommerce.tests.ReadUnamePwdFromExcel" name="ReadFromExcel" time="0.0"/>
  <testcase classname="ECommerce.tests.ReadUnamePwdFromExcel" name="ReadFromExcel" time="0.001"/>
  <testcase classname="ECommerce.tests.ReadUnamePwdFromExcel" name="ReadFromExcel" time="0.001"/>
  <testcase classname="ECommerce.tests.ReadUnamePwdFromExcel" name="ReadFromExcel" time="0.0"/>
  <testcase classname="ECommerce.tests.ReadUnamePwdFromExcel" name="ReadFromExcel" time="0.0"/>
  <testcase classname="ECommerce.tests.ReadUnamePwdFromExcel" name="ReadFromExcel" time="0.0"/>
  <testcase classname="ECommerce.tests.ReadUnamePwdFromExcel" name="ReadFromExcel" time="0.0"/>
  <testcase classname="ECommerce.tests.ReadUnamePwdFromExcel" name="ReadFromExcel" time="0.0"/>
  <testcase classname="ECommerce.tests.ReadUnamePwdFromExcel" name="ReadFromExcel" time="0.001"/>
  <testcase classname="ECommerce.tests.ReadUnamePwdFromExcel" name="ReadFromExcel" time="0.0"/>
  <testcase classname="ECommerce.tests.ReadUnamePwdFromExcel" name="ReadFromExcel" time="0.0"/>
  <testcase classname="ECommerce.tests.ReadUnamePwdFromExcel" name="ReadFromExcel" time="0.001"/>
  <testcase classname="ECommerce.tests.ReadUnamePwdFromExcel" name="ReadFromExcel" time="0.0"/>
  <testcase classname="ECommerce.tests.ReadUnamePwdFromExcel" name="ReadFromExcel" time="0.0"/>
  <testcase classname="ECommerce.tests.ReadUnamePwdFromExcel" name="ReadFromExcel" time="0.0"/>
  <testcase classname="ECommerce.tests.ReadUnamePwdFromExcel" name="ReadFromExcel" time="0.0"/>
  <testcase classname="ECommerce.tests.ReadUnamePwdFromExcel" name="ReadFromExcel" time="0.0"/>
  <testcase classname="ECommerce.tests.ReadUnamePwdFromExcel" name="ReadFromExcel" time="0.0"/>
  <testcase classname="ECommerce.tests.ReadUnamePwdFromExcel" name="ReadFromExcel" time="0.0"/>
  <testcase classname="ECommerce.tests.ReadUnamePwdFromExcel" name="ReadFromExcel" time="0.0"/>
  <testcase classname="ECommerce.tests.ReadUnamePwdFromExcel" name="ReadFromExcel" time="0.001"/>
  <testcase classname="ECommerce.tests.ReadUnamePwdFromExcel" name="ReadFromExcel" time="0.0"/>
  <testcase classname="ECommerce.tests.ReadUnamePwdFromExcel" name="ReadFromExcel" time="0.0"/>
  <testcase classname="ECommerce.tests.ReadUnamePwdFromExcel" name="ReadFromExcel" time="0.0"/>
  <testcase classname="ECommerce.tests.ReadUnamePwdFromExcel" name="ReadFromExcel" time="0.0"/>
  <testcase classname="ECommerce.tests.ReadUnamePwdFromExcel" name="ReadFromExcel" time="0.0"/>
  <testcase classname="ECommerce.tests.ReadUnamePwdFromExcel" name="ReadFromExcel" time="0.0"/>
  <testcase classname="ECommerce.tests.ReadUnamePwdFromExcel" name="ReadFromExcel" time="0.0"/>
  <testcase classname="ECommerce.tests.ReadUnamePwdFromExcel" name="ReadFromExcel" time="0.007"/>
  <testcase classname="ECommerce.tests.ReadUnamePwdFromExcel" name="ReadFromExcel" time="0.001"/>
  <testcase classname="ECommerce.tests.ReadUnamePwdFromExcel" name="ReadFromExcel" time="0.0"/>
  <testcase classname="ECommerce.tests.ReadUnamePwdFromExcel" name="ReadFromExcel" time="0.001"/>
  <testcase classname="ECommerce.tests.ReadUnamePwdFromExcel" name="ReadFromExcel" time="0.0"/>
  <testcase classname="ECommerce.tests.ReadUnamePwdFromExcel" name="ReadFromExcel" time="0.0"/>
  <testcase classname="ECommerce.tests.ReadUnamePwdFromExcel" name="ReadFromExcel" time="0.0"/>
  <testcase classname="ECommerce.tests.ReadUnamePwdFromExcel" name="ReadFromExcel" time="0.0"/>
  <testcase classname="ECommerce.tests.ReadUnamePwdFromExcel" name="ReadFromExcel" time="0.0"/>
  <testcase classname="ECommerce.tests.ReadUnamePwdFromExcel" name="ReadFromExcel" time="0.002"/>
  <testcase classname="ECommerce.tests.ReadUnamePwdFromExcel" name="ReadFromExcel" time="0.001"/>
  <testcase classname="ECommerce.tests.ReadUnamePwdFromExcel" name="ReadFromExcel" time="0.0"/>
  <testcase classname="ECommerce.tests.ReadUnamePwdFromExcel" name="ReadFromExcel" time="0.001"/>
  <testcase classname="ECommerce.tests.ReadUnamePwdFromExcel" name="ReadFromExcel" time="0.0"/>
  <testcase classname="ECommerce.tests.ReadUnamePwdFromExcel" name="ReadFromExcel" time="0.0"/>
  <testcase classname="ECommerce.tests.ReadUnamePwdFromExcel" name="ReadFromExcel" time="0.0"/>
  <testcase classname="ECommerce.tests.ReadUnamePwdFromExcel" name="ReadFromExcel" time="0.002"/>
  <testcase classname="ECommerce.tests.ReadUnamePwdFromExcel" name="ReadFromExcel" time="0.0"/>
  <testcase classname="ECommerce.tests.ReadUnamePwdFromExcel" name="ReadFromExcel" time="0.0"/>
  <testcase classname="ECommerce.tests.ReadUnamePwdFromExcel" name="ReadFromExcel" time="0.0"/>
  <testcase classname="ECommerce.tests.ReadUnamePwdFromExcel" name="ReadFromExcel" time="0.0"/>
  <testcase classname="ECommerce.tests.ReadUnamePwdFromExcel" name="ReadFromExcel" time="0.001"/>
  <testcase classname="ECommerce.tests.ReadUnamePwdFromExcel" name="ReadFromExcel" time="0.0"/>
  <testcase classname="ECommerce.tests.ReadUnamePwdFromExcel" name="ReadFromExcel" time="0.0"/>
  <testcase classname="ECommerce.tests.ReadUnamePwdFromExcel" name="ReadFromExcel" time="0.0"/>
  <testcase classname="ECommerce.tests.ReadUnamePwdFromExcel" name="ReadFromExcel" time="0.001"/>
  <testcase classname="ECommerce.tests.ReadUnamePwdFromExcel" name="ReadFromExcel" time="0.0"/>
  <testcase classname="ECommerce.tests.ReadUnamePwdFromExcel" name="ReadFromExcel" time="0.0"/>
  <testcase classname="ECommerce.tests.ReadUnamePwdFromExcel" name="ReadFromExcel" time="0.0"/>
  <testcase classname="ECommerce.tests.ReadUnamePwdFromExcel" name="ReadFromExcel" time="0.0"/>
  <testcase classname="ECommerce.tests.ReadUnamePwdFromExcel" name="ReadFromExcel" time="0.0"/>
  <testcase classname="ECommerce.tests.ReadUnamePwdFromExcel" name="ReadFromExcel" time="0.001"/>
  <testcase classname="ECommerce.tests.ReadUnamePwdFromExcel" name="ReadFromExcel" time="0.001"/>
  <testcase classname="ECommerce.tests.ReadUnamePwdFromExcel" name="ReadFromExcel" time="0.0"/>
  <testcase classname="ECommerce.tests.ReadUnamePwdFromExcel" name="ReadFromExcel" time="0.0"/>
  <testcase classname="ECommerce.tests.ReadUnamePwdFromExcel" name="ReadFromExcel" time="0.0"/>
  <testcase classname="ECommerce.tests.ReadUnamePwdFromExcel" name="ReadFromExcel" time="0.001"/>
  <testcase classname="ECommerce.tests.ReadUnamePwdFromExcel" name="ReadFromExcel" time="0.0"/>
  <testcase classname="ECommerce.tests.ReadUnamePwdFromExcel" name="ReadFromExcel" time="0.001"/>
  <testcase classname="ECommerce.tests.ReadUnamePwdFromExcel" name="ReadFromExcel" time="0.0"/>
  <testcase classname="ECommerce.tests.ReadUnamePwdFromExcel" name="ReadFromExcel" time="0.0"/>
  <testcase classname="ECommerce.tests.ReadUnamePwdFromExcel" name="ReadFromExcel" time="0.0"/>
  <testcase classname="ECommerce.tests.ReadUnamePwdFromExcel" name="ReadFromExcel" time="0.0"/>
  <testcase classname="ECommerce.tests.ReadUnamePwdFromExcel" name="ReadFromExcel" time="0.0"/>
  <testcase classname="ECommerce.tests.ReadUnamePwdFromExcel" name="ReadFromExcel" time="0.0"/>
  <testcase classname="ECommerce.tests.ReadUnamePwdFromExcel" name="ReadFromExcel" time="0.0"/>
  <testcase classname="ECommerce.tests.ReadUnamePwdFromExcel" name="ReadFromExcel" time="0.0"/>
  <testcase classname="ECommerce.tests.ReadUnamePwdFromExcel" name="ReadFromExcel" time="0.0"/>
  <testcase classname="ECommerce.tests.ReadUnamePwdFromExcel" name="ReadFromExcel" time="0.001"/>
  <testcase classname="ECommerce.tests.ReadUnamePwdFromExcel" name="ReadFromExcel" time="0.0"/>
  <testcase classname="ECommerce.tests.ReadUnamePwdFromExcel" name="ReadFromExcel" time="0.0"/>
  <testcase classname="ECommerce.tests.ReadUnamePwdFromExcel" name="ReadFromExcel" time="0.0"/>
  <testcase classname="ECommerce.tests.ReadUnamePwdFromExcel" name="ReadFromExcel" time="0.0"/>
  <testcase classname="ECommerce.tests.ReadUnamePwdFromExcel" name="ReadFromExcel" time="0.0"/>
  <testcase classname="ECommerce.tests.ReadUnamePwdFromExcel" name="ReadFromExcel" time="0.0"/>
  <testcase classname="ECommerce.tests.ReadUnamePwdFromExcel" name="ReadFromExcel" time="0.0"/>
  <testcase classname="ECommerce.tests.ReadUnamePwdFromExcel" name="ReadFromExcel" time="0.0"/>
  <testcase classname="ECommerce.tests.ReadUnamePwdFromExcel" name="ReadFromExcel" time="0.0"/>
  <testcase classname="ECommerce.tests.ReadUnamePwdFromExcel" name="ReadFromExcel" time="0.0"/>
  <testcase classname="ECommerce.tests.ReadUnamePwdFromExcel" name="ReadFromExcel" time="0.0"/>
  <testcase classname="ECommerce.tests.ReadUnamePwdFromExcel" name="ReadFromExcel" time="0.0"/>
  <testcase classname="ECommerce.tests.ReadUnamePwdFromExcel" name="ReadFromExcel" time="0.0"/>
  <testcase classname="ECommerce.tests.ReadUnamePwdFromExcel" name="ReadFromExcel" time="0.001"/>
  <testcase classname="ECommerce.tests.ReadUnamePwdFromExcel" name="ReadFromExcel" time="0.0"/>
  <testcase classname="ECommerce.tests.ReadUnamePwdFromExcel" name="ReadFromExcel" time="0.001"/>
  <testcase classname="ECommerce.tests.ReadUnamePwdFromExcel" name="ReadFromExcel" time="0.0"/>
  <testcase classname="ECommerce.tests.ReadUnamePwdFromExcel" name="ReadFromExcel" time="0.001"/>
  <testcase classname="ECommerce.tests.ReadUnamePwdFromExcel" name="ReadFromExcel" time="0.001"/>
  <testcase classname="ECommerce.tests.ReadUnamePwdFromExcel" name="ReadFromExcel" time="0.0"/>
  <testcase classname="ECommerce.tests.ReadUnamePwdFromExcel" name="ReadFromExcel" time="0.001"/>
  <testcase classname="ECommerce.tests.ReadUnamePwdFromExcel" name="ReadFromExcel" time="0.0"/>
  <testcase classname="ECommerce.tests.ReadUnamePwdFromExcel" name="ReadFromExcel" time="0.0"/>
  <testcase classname="ECommerce.tests.ReadUnamePwdFromExcel" name="ReadFromExcel" time="0.001"/>
  <testcase classname="ECommerce.tests.ReadUnamePwdFromExcel" name="ReadFromExcel" time="0.0"/>
  <testcase classname="ECommerce.tests.ReadUnamePwdFromExcel" name="ReadFromExcel" time="0.0"/>
  <testcase classname="ECommerce.tests.ReadUnamePwdFromExcel" name="ReadFromExcel" time="0.0"/>
  <testcase classname="ECommerce.tests.ReadUnamePwdFromExcel" name="ReadFromExcel" time="0.0"/>
  <testcase classname="ECommerce.tests.ReadUnamePwdFromExcel" name="ReadFromExcel" time="0.0"/>
  <testcase classname="ECommerce.tests.ReadUnamePwdFromExcel" name="ReadFromExcel" time="0.0"/>
  <testcase classname="ECommerce.tests.ReadUnamePwdFromExcel" name="ReadFromExcel" time="0.0"/>
  <testcase classname="ECommerce.tests.ReadUnamePwdFromExcel" name="ReadFromExcel" time="0.0"/>
  <testcase classname="ECommerce.tests.ReadUnamePwdFromExcel" name="ReadFromExcel" time="0.0"/>
  <testcase classname="ECommerce.tests.ReadUnamePwdFromExcel" name="ReadFromExcel" time="0.0"/>
  <testcase classname="ECommerce.tests.ReadUnamePwdFromExcel" name="ReadFromExcel" time="0.0"/>
  <testcase classname="ECommerce.tests.ReadUnamePwdFromExcel" name="ReadFromExcel" time="0.0"/>
  <testcase classname="ECommerce.tests.ReadUnamePwdFromExcel" name="ReadFromExcel" time="0.0"/>
  <testcase classname="ECommerce.tests.ReadUnamePwdFromExcel" name="ReadFromExcel" time="0.0"/>
  <testcase classname="ECommerce.tests.ReadUnamePwdFromExcel" name="ReadFromExcel" time="0.0"/>
  <testcase classname="ECommerce.tests.ReadUnamePwdFromExcel" name="ReadFromExcel" time="0.0"/>
  <testcase classname="ECommerce.tests.ReadUnamePwdFromExcel" name="ReadFromExcel" time="0.0"/>
  <testcase classname="ECommerce.tests.ReadUnamePwdFromExcel" name="ReadFromExcel" time="0.001"/>
  <testcase classname="ECommerce.tests.ReadUnamePwdFromExcel" name="ReadFromExcel" time="0.0"/>
  <testcase classname="ECommerce.tests.ReadUnamePwdFromExcel" name="ReadFromExcel" time="0.0"/>
  <testcase classname="ECommerce.tests.ReadUnamePwdFromExcel" name="ReadFromExcel" time="0.001"/>
  <testcase classname="ECommerce.tests.ReadUnamePwdFromExcel" name="ReadFromExcel" time="0.0"/>
  <testcase classname="ECommerce.tests.ReadUnamePwdFromExcel" name="ReadFromExcel" time="0.0"/>
  <testcase classname="ECommerce.tests.ReadUnamePwdFromExcel" name="ReadFromExcel" time="0.004"/>
  <testcase classname="ECommerce.tests.ReadUnamePwdFromExcel" name="ReadFromExcel" time="0.001"/>
  <testcase classname="ECommerce.tests.ReadUnamePwdFromExcel" name="ReadFromExcel" time="0.0"/>
  <testcase classname="ECommerce.tests.ReadUnamePwdFromExcel" name="ReadFromExcel" time="0.0"/>
  <testcase classname="ECommerce.tests.ReadUnamePwdFromExcel" name="ReadFromExcel" time="0.0"/>
  <testcase classname="ECommerce.tests.ReadUnamePwdFromExcel" name="ReadFromExcel" time="0.0"/>
  <testcase classname="ECommerce.tests.ReadUnamePwdFromExcel" name="ReadFromExcel" time="0.0"/>
  <testcase classname="ECommerce.tests.ReadUnamePwdFromExcel" name="ReadFromExcel" time="0.0"/>
  <testcase classname="ECommerce.tests.ReadUnamePwdFromExcel" name="ReadFromExcel" time="0.001"/>
  <testcase classname="ECommerce.tests.ReadUnamePwdFromExcel" name="ReadFromExcel" time="0.0"/>
  <testcase classname="ECommerce.tests.ReadUnamePwdFromExcel" name="ReadFromExcel" time="0.001"/>
  <testcase classname="ECommerce.tests.ReadUnamePwdFromExcel" name="ReadFromExcel" time="0.0"/>
  <testcase classname="ECommerce.tests.ReadUnamePwdFromExcel" name="ReadFromExcel" time="0.002"/>
  <testcase classname="ECommerce.tests.ReadUnamePwdFromExcel" name="ReadFromExcel" time="0.0"/>
  <testcase classname="ECommerce.tests.ReadUnamePwdFromExcel" name="ReadFromExcel" time="0.0"/>
  <testcase classname="ECommerce.tests.ReadUnamePwdFromExcel" name="ReadFromExcel" time="0.0"/>
  <testcase classname="ECommerce.tests.ReadUnamePwdFromExcel" name="ReadFromExcel" time="0.001"/>
  <testcase classname="ECommerce.tests.ReadUnamePwdFromExcel" name="ReadFromExcel" time="0.001"/>
  <testcase classname="ECommerce.tests.ReadUnamePwdFromExcel" name="ReadFromExcel" time="0.001"/>
  <testcase classname="ECommerce.tests.ReadUnamePwdFromExcel" name="ReadFromExcel" time="0.0"/>
  <testcase classname="ECommerce.tests.ReadUnamePwdFromExcel" name="ReadFromExcel" time="0.001"/>
  <testcase classname="ECommerce.tests.ReadUnamePwdFromExcel" name="ReadFromExcel" time="0.001"/>
  <testcase classname="ECommerce.tests.ReadUnamePwdFromExcel" name="ReadFromExcel" time="0.0"/>
  <testcase classname="ECommerce.tests.ReadUnamePwdFromExcel" name="ReadFromExcel" time="0.0"/>
  <testcase classname="ECommerce.tests.ReadUnamePwdFromExcel" name="ReadFromExcel" time="0.0"/>
  <testcase classname="ECommerce.tests.ReadUnamePwdFromExcel" name="ReadFromExcel" time="0.001"/>
  <testcase classname="ECommerce.tests.ReadUnamePwdFromExcel" name="ReadFromExcel" time="0.0"/>
  <testcase classname="ECommerce.tests.ReadUnamePwdFromExcel" name="ReadFromExcel" time="0.001"/>
  <testcase classname="ECommerce.tests.ReadUnamePwdFromExcel" name="ReadFromExcel" time="0.0"/>
  <testcase classname="ECommerce.tests.ReadUnamePwdFromExcel" name="ReadFromExcel" time="0.001"/>
  <testcase classname="ECommerce.tests.ReadUnamePwdFromExcel" name="ReadFromExcel" time="0.0"/>
  <testcase classname="ECommerce.tests.ReadUnamePwdFromExcel" name="ReadFromExcel" time="0.001"/>
  <testcase classname="ECommerce.tests.ReadUnamePwdFromExcel" name="ReadFromExcel" time="0.001"/>
  <testcase classname="ECommerce.tests.ReadUnamePwdFromExcel" name="ReadFromExcel" time="0.001"/>
  <testcase classname="ECommerce.tests.ReadUnamePwdFromExcel" name="ReadFromExcel" time="0.0"/>
  <testcase classname="ECommerce.tests.ReadUnamePwdFromExcel" name="ReadFromExcel" time="0.001"/>
  <testcase classname="ECommerce.tests.ReadUnamePwdFromExcel" name="ReadFromExcel" time="0.0"/>
  <testcase classname="ECommerce.tests.ReadUnamePwdFromExcel" name="ReadFromExcel" time="0.001"/>
  <testcase classname="ECommerce.tests.ReadUnamePwdFromExcel" name="ReadFromExcel" time="0.001"/>
  <testcase classname="ECommerce.tests.ReadUnamePwdFromExcel" name="ReadFromExcel" time="0.001"/>
  <testcase classname="ECommerce.tests.ReadUnamePwdFromExcel" name="ReadFromExcel" time="0.0"/>
  <testcase classname="ECommerce.tests.ReadUnamePwdFromExcel" name="ReadFromExcel" time="0.001"/>
  <testcase classname="ECommerce.tests.ReadUnamePwdFromExcel" name="ReadFromExcel" time="0.0"/>
  <testcase classname="ECommerce.tests.ReadUnamePwdFromExcel" name="ReadFromExcel" time="0.001"/>
  <testcase classname="ECommerce.tests.ReadUnamePwdFromExcel" name="ReadFromExcel" time="0.0"/>
  <testcase classname="ECommerce.tests.ReadUnamePwdFromExcel" name="ReadFromExcel" time="0.003"/>
  <testcase classname="ECommerce.tests.ReadUnamePwdFromExcel" name="ReadFromExcel" time="0.0"/>
  <testcase classname="ECommerce.tests.ReadUnamePwdFromExcel" name="ReadFromExcel" time="0.0"/>
  <testcase classname="ECommerce.tests.ReadUnamePwdFromExcel" name="ReadFromExcel" time="0.0"/>
  <testcase classname="ECommerce.tests.ReadUnamePwdFromExcel" name="ReadFromExcel" time="0.001"/>
  <testcase classname="ECommerce.tests.ReadUnamePwdFromExcel" name="ReadFromExcel" time="0.01"/>
  <testcase classname="ECommerce.tests.ReadUnamePwdFromExcel" name="ReadFromExcel" time="0.009"/>
  <testcase classname="ECommerce.tests.ReadUnamePwdFromExcel" name="ReadFromExcel" time="0.001"/>
  <testcase classname="ECommerce.tests.ReadUnamePwdFromExcel" name="ReadFromExcel" time="0.0"/>
  <testcase classname="ECommerce.tests.ReadUnamePwdFromExcel" name="ReadFromExcel" time="0.0"/>
  <testcase classname="ECommerce.tests.ReadUnamePwdFromExcel" name="ReadFromExcel" time="0.001"/>
  <testcase classname="ECommerce.tests.ReadUnamePwdFromExcel" name="ReadFromExcel" time="0.001"/>
  <testcase classname="ECommerce.tests.ReadUnamePwdFromExcel" name="ReadFromExcel" time="0.0"/>
  <testcase classname="ECommerce.tests.ReadUnamePwdFromExcel" name="ReadFromExcel" time="0.001"/>
  <testcase classname="ECommerce.tests.ReadUnamePwdFromExcel" name="ReadFromExcel" time="0.0"/>
  <testcase classname="ECommerce.tests.ReadUnamePwdFromExcel" name="ReadFromExcel" time="0.0"/>
  <testcase classname="ECommerce.tests.ReadUnamePwdFromExcel" name="ReadFromExcel" time="0.002"/>
  <testcase classname="ECommerce.tests.ReadUnamePwdFromExcel" name="ReadFromExcel" time="0.014"/>
  <testcase classname="ECommerce.tests.ReadUnamePwdFromExcel" name="ReadFromExcel" time="0.003"/>
  <testcase classname="ECommerce.tests.ReadUnamePwdFromExcel" name="ReadFromExcel" time="0.001"/>
  <testcase classname="ECommerce.tests.ReadUnamePwdFromExcel" name="ReadFromExcel" time="0.0"/>
  <testcase classname="ECommerce.tests.ReadUnamePwdFromExcel" name="ReadFromExcel" time="0.001"/>
  <testcase classname="ECommerce.tests.ReadUnamePwdFromExcel" name="ReadFromExcel" time="0.0"/>
  <testcase classname="ECommerce.tests.ReadUnamePwdFromExcel" name="ReadFromExcel" time="0.001"/>
  <testcase classname="ECommerce.tests.ReadUnamePwdFromExcel" name="ReadFromExcel" time="0.0"/>
  <testcase classname="ECommerce.tests.ReadUnamePwdFromExcel" name="ReadFromExcel" time="0.001"/>
  <testcase classname="ECommerce.tests.ReadUnamePwdFromExcel" name="ReadFromExcel" time="0.001"/>
  <testcase classname="ECommerce.tests.ReadUnamePwdFromExcel" name="ReadFromExcel" time="0.0"/>
  <testcase classname="ECommerce.tests.ReadUnamePwdFromExcel" name="ReadFromExcel" time="0.001"/>
  <testcase classname="ECommerce.tests.ReadUnamePwdFromExcel" name="ReadFromExcel" time="0.002"/>
  <testcase classname="ECommerce.tests.ReadUnamePwdFromExcel" name="ReadFromExcel" time="0.0"/>
  <testcase classname="ECommerce.tests.ReadUnamePwdFromExcel" name="ReadFromExcel" time="0.0"/>
  <testcase classname="ECommerce.tests.ReadUnamePwdFromExcel" name="ReadFromExcel" time="0.0"/>
  <testcase classname="ECommerce.tests.ReadUnamePwdFromExcel" name="ReadFromExcel" time="0.003"/>
  <testcase classname="ECommerce.tests.ReadUnamePwdFromExcel" name="ReadFromExcel" time="0.0"/>
  <testcase classname="ECommerce.tests.ReadUnamePwdFromExcel" name="ReadFromExcel" time="0.0"/>
  <testcase classname="ECommerce.tests.ReadUnamePwdFromExcel" name="ReadFromExcel" time="0.0"/>
  <testcase classname="ECommerce.tests.ReadUnamePwdFromExcel" name="ReadFromExcel" time="0.0"/>
  <testcase classname="ECommerce.tests.ReadUnamePwdFromExcel" name="ReadFromExcel" time="0.0"/>
  <testcase classname="ECommerce.tests.ReadUnamePwdFromExcel" name="ReadFromExcel" time="0.0"/>
  <testcase classname="ECommerce.tests.ReadUnamePwdFromExcel" name="ReadFromExcel" time="0.0"/>
  <testcase classname="ECommerce.tests.ReadUnamePwdFromExcel" name="ReadFromExcel" time="0.002"/>
  <testcase classname="ECommerce.tests.ReadUnamePwdFromExcel" name="ReadFromExcel" time="0.0"/>
  <testcase classname="ECommerce.tests.ReadUnamePwdFromExcel" name="ReadFromExcel" time="0.0"/>
  <testcase classname="ECommerce.tests.ReadUnamePwdFromExcel" name="ReadFromExcel" time="0.001"/>
  <testcase classname="ECommerce.tests.ReadUnamePwdFromExcel" name="ReadFromExcel" time="0.0"/>
  <testcase classname="ECommerce.tests.ReadUnamePwdFromExcel" name="ReadFromExcel" time="0.001"/>
  <testcase classname="ECommerce.tests.ReadUnamePwdFromExcel" name="ReadFromExcel" time="0.0"/>
  <testcase classname="ECommerce.tests.ReadUnamePwdFromExcel" name="ReadFromExcel" time="0.001"/>
  <testcase classname="ECommerce.tests.ReadUnamePwdFromExcel" name="ReadFromExcel" time="0.001"/>
  <testcase classname="ECommerce.tests.ReadUnamePwdFromExcel" name="ReadFromExcel" time="0.0"/>
  <testcase classname="ECommerce.tests.ReadUnamePwdFromExcel" name="ReadFromExcel" time="0.0"/>
  <testcase classname="ECommerce.tests.ReadUnamePwdFromExcel" name="ReadFromExcel" time="0.0"/>
  <testcase classname="ECommerce.tests.ReadUnamePwdFromExcel" name="ReadFromExcel" time="0.0"/>
  <testcase classname="ECommerce.tests.ReadUnamePwdFromExcel" name="ReadFromExcel" time="0.001"/>
  <testcase classname="ECommerce.tests.ReadUnamePwdFromExcel" name="ReadFromExcel" time="0.002"/>
  <testcase classname="ECommerce.tests.ReadUnamePwdFromExcel" name="ReadFromExcel" time="0.001"/>
  <testcase classname="ECommerce.tests.ReadUnamePwdFromExcel" name="ReadFromExcel" time="0.0"/>
  <testcase classname="ECommerce.tests.ReadUnamePwdFromExcel" name="ReadFromExcel" time="0.0"/>
  <testcase classname="ECommerce.tests.ReadUnamePwdFromExcel" name="ReadFromExcel" time="0.0"/>
  <testcase classname="ECommerce.tests.ReadUnamePwdFromExcel" name="ReadFromExcel" time="0.002"/>
  <testcase classname="ECommerce.tests.ReadUnamePwdFromExcel" name="ReadFromExcel" time="0.001"/>
  <testcase classname="ECommerce.tests.ReadUnamePwdFromExcel" name="ReadFromExcel" time="0.0"/>
  <testcase classname="ECommerce.tests.ReadUnamePwdFromExcel" name="ReadFromExcel" time="0.001"/>
  <testcase classname="ECommerce.tests.ReadUnamePwdFromExcel" name="ReadFromExcel" time="0.0"/>
  <testcase classname="ECommerce.tests.ReadUnamePwdFromExcel" name="ReadFromExcel" time="0.001"/>
  <testcase classname="ECommerce.tests.ReadUnamePwdFromExcel" name="ReadFromExcel" time="0.016"/>
  <testcase classname="ECommerce.tests.ReadUnamePwdFromExcel" name="ReadFromExcel" time="0.0"/>
  <testcase classname="ECommerce.tests.ReadUnamePwdFromExcel" name="ReadFromExcel" time="0.001"/>
  <testcase classname="ECommerce.tests.ReadUnamePwdFromExcel" name="ReadFromExcel" time="0.0"/>
  <testcase classname="ECommerce.tests.ReadUnamePwdFromExcel" name="ReadFromExcel" time="0.0"/>
  <testcase classname="ECommerce.tests.ReadUnamePwdFromExcel" name="ReadFromExcel" time="0.0"/>
  <testcase classname="ECommerce.tests.ReadUnamePwdFromExcel" name="ReadFromExcel" time="0.001"/>
  <testcase classname="ECommerce.tests.ReadUnamePwdFromExcel" name="ReadFromExcel" time="0.001"/>
  <testcase classname="ECommerce.tests.ReadUnamePwdFromExcel" name="ReadFromExcel" time="0.001"/>
  <testcase classname="ECommerce.tests.ReadUnamePwdFromExcel" name="ReadFromExcel" time="0.0"/>
  <testcase classname="ECommerce.tests.ReadUnamePwdFromExcel" name="ReadFromExcel" time="0.001"/>
  <testcase classname="ECommerce.tests.ReadUnamePwdFromExcel" name="ReadFromExcel" time="0.0"/>
  <testcase classname="ECommerce.tests.ReadUnamePwdFromExcel" name="ReadFromExcel" time="0.001"/>
  <testcase classname="ECommerce.tests.ReadUnamePwdFromExcel" name="ReadFromExcel" time="0.001"/>
  <testcase classname="ECommerce.tests.ReadUnamePwdFromExcel" name="ReadFromExcel" time="0.001"/>
  <testcase classname="ECommerce.tests.ReadUnamePwdFromExcel" name="ReadFromExcel" time="0.0"/>
  <testcase classname="ECommerce.tests.ReadUnamePwdFromExcel" name="ReadFromExcel" time="0.0"/>
  <testcase classname="ECommerce.tests.ReadUnamePwdFromExcel" name="ReadFromExcel" time="0.0"/>
  <testcase classname="ECommerce.tests.ReadUnamePwdFromExcel" name="ReadFromExcel" time="0.0"/>
  <testcase classname="ECommerce.tests.ReadUnamePwdFromExcel" name="ReadFromExcel" time="0.0"/>
  <testcase classname="ECommerce.tests.ReadUnamePwdFromExcel" name="ReadFromExcel" time="0.0"/>
  <testcase classname="ECommerce.tests.ReadUnamePwdFromExcel" name="ReadFromExcel" time="0.0"/>
  <testcase classname="ECommerce.tests.ReadUnamePwdFromExcel" name="ReadFromExcel" time="0.0"/>
  <testcase classname="ECommerce.tests.ReadUnamePwdFromExcel" name="ReadFromExcel" time="0.0"/>
  <testcase classname="ECommerce.tests.ReadUnamePwdFromExcel" name="ReadFromExcel" time="0.0"/>
  <testcase classname="ECommerce.tests.ReadUnamePwdFromExcel" name="ReadFromExcel" time="0.0"/>
  <testcase classname="ECommerce.tests.ReadUnamePwdFromExcel" name="ReadFromExcel" time="0.0"/>
  <testcase classname="ECommerce.tests.ReadUnamePwdFromExcel" name="ReadFromExcel" time="0.001"/>
  <testcase classname="ECommerce.tests.ReadUnamePwdFromExcel" name="ReadFromExcel" time="0.0"/>
  <testcase classname="ECommerce.tests.ReadUnamePwdFromExcel" name="ReadFromExcel" time="0.001"/>
  <testcase classname="ECommerce.tests.ReadUnamePwdFromExcel" name="ReadFromExcel" time="0.0"/>
  <testcase classname="ECommerce.tests.ReadUnamePwdFromExcel" name="ReadFromExcel" time="0.0"/>
  <testcase classname="ECommerce.tests.ReadUnamePwdFromExcel" name="ReadFromExcel" time="0.0"/>
  <testcase classname="ECommerce.tests.ReadUnamePwdFromExcel" name="ReadFromExcel" time="0.0"/>
  <testcase classname="ECommerce.tests.ReadUnamePwdFromExcel" name="ReadFromExcel" time="0.0"/>
  <testcase classname="ECommerce.tests.ReadUnamePwdFromExcel" name="ReadFromExcel" time="0.0"/>
  <testcase classname="ECommerce.tests.ReadUnamePwdFromExcel" name="ReadFromExcel" time="0.0"/>
  <testcase classname="ECommerce.tests.ReadUnamePwdFromExcel" name="ReadFromExcel" time="0.0"/>
  <testcase classname="ECommerce.tests.ReadUnamePwdFromExcel" name="ReadFromExcel" time="0.0"/>
  <testcase classname="ECommerce.tests.ReadUnamePwdFromExcel" name="ReadFromExcel" time="0.0"/>
  <testcase classname="ECommerce.tests.ReadUnamePwdFromExcel" name="ReadFromExcel" time="0.001"/>
  <testcase classname="ECommerce.tests.ReadUnamePwdFromExcel" name="ReadFromExcel" time="0.0"/>
  <testcase classname="ECommerce.tests.ReadUnamePwdFromExcel" name="ReadFromExcel" time="0.0"/>
  <testcase classname="ECommerce.tests.ReadUnamePwdFromExcel" name="ReadFromExcel" time="0.0"/>
  <testcase classname="ECommerce.tests.ReadUnamePwdFromExcel" name="ReadFromExcel" time="0.0"/>
  <testcase classname="ECommerce.tests.ReadUnamePwdFromExcel" name="ReadFromExcel" time="0.0"/>
  <testcase classname="ECommerce.tests.ReadUnamePwdFromExcel" name="ReadFromExcel" time="0.0"/>
  <testcase classname="ECommerce.tests.ReadUnamePwdFromExcel" name="ReadFromExcel" time="0.0"/>
  <testcase classname="ECommerce.tests.ReadUnamePwdFromExcel" name="ReadFromExcel" time="0.0"/>
  <testcase classname="ECommerce.tests.ReadUnamePwdFromExcel" name="ReadFromExcel" time="0.0"/>
  <testcase classname="ECommerce.tests.ReadUnamePwdFromExcel" name="ReadFromExcel" time="0.0"/>
  <testcase classname="ECommerce.tests.ReadUnamePwdFromExcel" name="ReadFromExcel" time="0.0"/>
  <testcase classname="ECommerce.tests.ReadUnamePwdFromExcel" name="ReadFromExcel" time="0.0"/>
  <testcase classname="ECommerce.tests.ReadUnamePwdFromExcel" name="ReadFromExcel" time="0.0"/>
  <testcase classname="ECommerce.tests.ReadUnamePwdFromExcel" name="ReadFromExcel" time="0.0"/>
  <testcase classname="ECommerce.tests.ReadUnamePwdFromExcel" name="ReadFromExcel" time="0.0"/>
  <testcase classname="ECommerce.tests.ReadUnamePwdFromExcel" name="ReadFromExcel" time="0.0"/>
  <testcase classname="ECommerce.tests.ReadUnamePwdFromExcel" name="ReadFromExcel" time="0.0"/>
  <testcase classname="ECommerce.tests.ReadUnamePwdFromExcel" name="ReadFromExcel" time="0.0"/>
  <testcase classname="ECommerce.tests.ReadUnamePwdFromExcel" name="ReadFromExcel" time="0.0"/>
  <testcase classname="ECommerce.tests.ReadUnamePwdFromExcel" name="ReadFromExcel" time="0.0"/>
  <testcase classname="ECommerce.tests.ReadUnamePwdFromExcel" name="ReadFromExcel" time="0.001"/>
  <testcase classname="ECommerce.tests.ReadUnamePwdFromExcel" name="ReadFromExcel" time="0.0"/>
  <testcase classname="ECommerce.tests.ReadUnamePwdFromExcel" name="ReadFromExcel" time="0.0"/>
  <testcase classname="ECommerce.tests.ReadUnamePwdFromExcel" name="ReadFromExcel" time="0.0"/>
  <testcase classname="ECommerce.tests.ReadUnamePwdFromExcel" name="ReadFromExcel" time="0.0"/>
  <testcase classname="ECommerce.tests.ReadUnamePwdFromExcel" name="ReadFromExcel" time="0.0"/>
  <testcase classname="ECommerce.tests.ReadUnamePwdFromExcel" name="ReadFromExcel" time="0.0"/>
  <testcase classname="ECommerce.tests.ReadUnamePwdFromExcel" name="ReadFromExcel" time="0.0"/>
  <testcase classname="ECommerce.tests.ReadUnamePwdFromExcel" name="ReadFromExcel" time="0.0"/>
  <testcase classname="ECommerce.tests.ReadUnamePwdFromExcel" name="ReadFromExcel" time="0.0"/>
  <testcase classname="ECommerce.tests.ReadUnamePwdFromExcel" name="ReadFromExcel" time="0.0"/>
  <testcase classname="ECommerce.tests.ReadUnamePwdFromExcel" name="ReadFromExcel" time="0.001"/>
  <testcase classname="ECommerce.tests.ReadUnamePwdFromExcel" name="ReadFromExcel" time="0.0"/>
  <testcase classname="ECommerce.tests.ReadUnamePwdFromExcel" name="ReadFromExcel" time="0.0"/>
  <testcase classname="ECommerce.tests.ReadUnamePwdFromExcel" name="ReadFromExcel" time="0.0"/>
  <testcase classname="ECommerce.tests.ReadUnamePwdFromExcel" name="ReadFromExcel" time="0.0"/>
  <testcase classname="ECommerce.tests.ReadUnamePwdFromExcel" name="ReadFromExcel" time="0.001"/>
  <testcase classname="ECommerce.tests.ReadUnamePwdFromExcel" name="ReadFromExcel" time="0.002"/>
  <testcase classname="ECommerce.tests.ReadUnamePwdFromExcel" name="ReadFromExcel" time="0.001"/>
  <testcase classname="ECommerce.tests.ReadUnamePwdFromExcel" name="ReadFromExcel" time="0.002"/>
  <testcase classname="ECommerce.tests.ReadUnamePwdFromExcel" name="ReadFromExcel" time="0.0"/>
  <testcase classname="ECommerce.tests.ReadUnamePwdFromExcel" name="ReadFromExcel" time="0.001"/>
  <testcase classname="ECommerce.tests.ReadUnamePwdFromExcel" name="ReadFromExcel" time="0.0"/>
  <testcase classname="ECommerce.tests.ReadUnamePwdFromExcel" name="ReadFromExcel" time="0.0"/>
  <testcase classname="ECommerce.tests.ReadUnamePwdFromExcel" name="ReadFromExcel" time="0.0"/>
  <testcase classname="ECommerce.tests.ReadUnamePwdFromExcel" name="ReadFromExcel" time="0.0"/>
  <testcase classname="ECommerce.tests.ReadUnamePwdFromExcel" name="ReadFromExcel" time="0.0"/>
  <testcase classname="ECommerce.tests.ReadUnamePwdFromExcel" name="ReadFromExcel" time="0.001"/>
  <testcase classname="ECommerce.tests.ReadUnamePwdFromExcel" name="ReadFromExcel" time="0.0"/>
  <testcase classname="ECommerce.tests.ReadUnamePwdFromExcel" name="ReadFromExcel" time="0.0"/>
  <testcase classname="ECommerce.tests.ReadUnamePwdFromExcel" name="ReadFromExcel" time="0.0"/>
  <testcase classname="ECommerce.tests.ReadUnamePwdFromExcel" name="ReadFromExcel" time="0.0"/>
  <testcase classname="ECommerce.tests.ReadUnamePwdFromExcel" name="ReadFromExcel" time="0.0"/>
  <testcase classname="ECommerce.tests.ReadUnamePwdFromExcel" name="ReadFromExcel" time="0.0"/>
  <testcase classname="ECommerce.tests.ReadUnamePwdFromExcel" name="ReadFromExcel" time="0.0"/>
  <testcase classname="ECommerce.tests.ReadUnamePwdFromExcel" name="ReadFromExcel" time="0.0"/>
  <testcase classname="ECommerce.tests.ReadUnamePwdFromExcel" name="ReadFromExcel" time="0.0"/>
  <testcase classname="ECommerce.tests.ReadUnamePwdFromExcel" name="ReadFromExcel" time="0.001"/>
  <testcase classname="ECommerce.tests.ReadUnamePwdFromExcel" name="ReadFromExcel" time="0.0"/>
  <testcase classname="ECommerce.tests.ReadUnamePwdFromExcel" name="ReadFromExcel" time="0.0"/>
  <testcase classname="ECommerce.tests.ReadUnamePwdFromExcel" name="ReadFromExcel" time="0.0"/>
  <testcase classname="ECommerce.tests.ReadUnamePwdFromExcel" name="ReadFromExcel" time="0.002"/>
  <testcase classname="ECommerce.tests.ReadUnamePwdFromExcel" name="ReadFromExcel" time="0.0"/>
  <testcase classname="ECommerce.tests.ReadUnamePwdFromExcel" name="ReadFromExcel" time="0.0"/>
  <testcase classname="ECommerce.tests.ReadUnamePwdFromExcel" name="ReadFromExcel" time="0.0"/>
  <testcase classname="ECommerce.tests.ReadUnamePwdFromExcel" name="ReadFromExcel" time="0.0"/>
  <testcase classname="ECommerce.tests.ReadUnamePwdFromExcel" name="ReadFromExcel" time="0.0"/>
  <testcase classname="ECommerce.tests.ReadUnamePwdFromExcel" name="ReadFromExcel" time="0.0"/>
  <testcase classname="ECommerce.tests.ReadUnamePwdFromExcel" name="ReadFromExcel" time="0.0"/>
  <testcase classname="ECommerce.tests.ReadUnamePwdFromExcel" name="ReadFromExcel" time="0.0"/>
  <testcase classname="ECommerce.tests.ReadUnamePwdFromExcel" name="ReadFromExcel" time="0.0"/>
  <testcase classname="ECommerce.tests.ReadUnamePwdFromExcel" name="ReadFromExcel" time="0.0"/>
  <testcase classname="ECommerce.tests.ReadUnamePwdFromExcel" name="ReadFromExcel" time="0.0"/>
  <testcase classname="ECommerce.tests.ReadUnamePwdFromExcel" name="ReadFromExcel" time="0.001"/>
  <testcase classname="ECommerce.tests.ReadUnamePwdFromExcel" name="ReadFromExcel" time="0.0"/>
  <testcase classname="ECommerce.tests.ReadUnamePwdFromExcel" name="ReadFromExcel" time="0.0"/>
  <testcase classname="ECommerce.tests.ReadUnamePwdFromExcel" name="ReadFromExcel" time="0.0"/>
  <testcase classname="ECommerce.tests.ReadUnamePwdFromExcel" name="ReadFromExcel" time="0.0"/>
  <testcase classname="ECommerce.tests.ReadUnamePwdFromExcel" name="ReadFromExcel" time="0.001"/>
  <testcase classname="ECommerce.tests.ReadUnamePwdFromExcel" name="ReadFromExcel" time="0.0"/>
  <testcase classname="ECommerce.tests.ReadUnamePwdFromExcel" name="ReadFromExcel" time="0.0"/>
  <testcase classname="ECommerce.tests.ReadUnamePwdFromExcel" name="ReadFromExcel" time="0.001"/>
  <testcase classname="ECommerce.tests.ReadUnamePwdFromExcel" name="ReadFromExcel" time="0.0"/>
  <testcase classname="ECommerce.tests.ReadUnamePwdFromExcel" name="ReadFromExcel" time="0.0"/>
  <testcase classname="ECommerce.tests.ReadUnamePwdFromExcel" name="ReadFromExcel" time="0.001"/>
  <testcase classname="ECommerce.tests.ReadUnamePwdFromExcel" name="ReadFromExcel" time="0.0"/>
  <testcase classname="ECommerce.tests.ReadUnamePwdFromExcel" name="ReadFromExcel" time="0.0"/>
  <testcase classname="ECommerce.tests.ReadUnamePwdFromExcel" name="ReadFromExcel" time="0.0"/>
  <testcase classname="ECommerce.tests.ReadUnamePwdFromExcel" name="ReadFromExcel" time="0.0"/>
  <testcase classname="ECommerce.tests.ReadUnamePwdFromExcel" name="ReadFromExcel" time="0.0"/>
  <testcase classname="ECommerce.tests.ReadUnamePwdFromExcel" name="ReadFromExcel" time="0.0"/>
  <testcase classname="ECommerce.tests.ReadUnamePwdFromExcel" name="ReadFromExcel" time="0.0"/>
  <testcase classname="ECommerce.tests.ReadUnamePwdFromExcel" name="ReadFromExcel" time="0.0"/>
  <testcase classname="ECommerce.tests.ReadUnamePwdFromExcel" name="ReadFromExcel" time="0.0"/>
  <testcase classname="ECommerce.tests.ReadUnamePwdFromExcel" name="ReadFromExcel" time="0.0"/>
  <testcase classname="ECommerce.tests.ReadUnamePwdFromExcel" name="ReadFromExcel" time="0.001"/>
  <testcase classname="ECommerce.tests.ReadUnamePwdFromExcel" name="ReadFromExcel" time="0.0"/>
  <testcase classname="ECommerce.tests.ReadUnamePwdFromExcel" name="ReadFromExcel" time="0.0"/>
  <testcase classname="ECommerce.tests.ReadUnamePwdFromExcel" name="ReadFromExcel" time="0.0"/>
  <testcase classname="ECommerce.tests.ReadUnamePwdFromExcel" name="ReadFromExcel" time="0.0"/>
  <testcase classname="ECommerce.tests.ReadUnamePwdFromExcel" name="ReadFromExcel" time="0.0"/>
  <testcase classname="ECommerce.tests.ReadUnamePwdFromExcel" name="ReadFromExcel" time="0.0"/>
  <testcase classname="ECommerce.tests.ReadUnamePwdFromExcel" name="ReadFromExcel" time="0.0"/>
  <testcase classname="ECommerce.tests.ReadUnamePwdFromExcel" name="ReadFromExcel" time="0.001"/>
  <testcase classname="ECommerce.tests.ReadUnamePwdFromExcel" name="ReadFromExcel" time="0.0"/>
  <testcase classname="ECommerce.tests.ReadUnamePwdFromExcel" name="ReadFromExcel" time="0.0"/>
  <testcase classname="ECommerce.tests.ReadUnamePwdFromExcel" name="ReadFromExcel" time="0.0"/>
  <testcase classname="ECommerce.tests.ReadUnamePwdFromExcel" name="ReadFromExcel" time="0.0"/>
  <testcase classname="ECommerce.tests.ReadUnamePwdFromExcel" name="ReadFromExcel" time="0.0"/>
  <testcase classname="ECommerce.tests.ReadUnamePwdFromExcel" name="ReadFromExcel" time="0.0"/>
  <testcase classname="ECommerce.tests.ReadUnamePwdFromExcel" name="ReadFromExcel" time="0.0"/>
  <testcase classname="ECommerce.tests.ReadUnamePwdFromExcel" name="ReadFromExcel" time="0.0"/>
  <testcase classname="ECommerce.tests.ReadUnamePwdFromExcel" name="ReadFromExcel" time="0.001"/>
  <testcase classname="ECommerce.tests.ReadUnamePwdFromExcel" name="ReadFromExcel" time="0.0"/>
  <testcase classname="ECommerce.tests.ReadUnamePwdFromExcel" name="ReadFromExcel" time="0.0"/>
  <testcase classname="ECommerce.tests.ReadUnamePwdFromExcel" name="ReadFromExcel" time="0.001"/>
  <testcase classname="ECommerce.tests.ReadUnamePwdFromExcel" name="ReadFromExcel" time="0.001"/>
  <testcase classname="ECommerce.tests.ReadUnamePwdFromExcel" name="ReadFromExcel" time="0.0"/>
  <testcase classname="ECommerce.tests.ReadUnamePwdFromExcel" name="ReadFromExcel" time="0.0"/>
  <testcase classname="ECommerce.tests.ReadUnamePwdFromExcel" name="ReadFromExcel" time="0.0"/>
  <testcase classname="ECommerce.tests.ReadUnamePwdFromExcel" name="ReadFromExcel" time="0.0"/>
  <testcase classname="ECommerce.tests.ReadUnamePwdFromExcel" name="ReadFromExcel" time="0.001"/>
  <testcase classname="ECommerce.tests.ReadUnamePwdFromExcel" name="ReadFromExcel" time="0.003"/>
  <testcase classname="ECommerce.tests.ReadUnamePwdFromExcel" name="ReadFromExcel" time="0.0"/>
  <testcase classname="ECommerce.tests.ReadUnamePwdFromExcel" name="ReadFromExcel" time="0.0"/>
  <testcase classname="ECommerce.tests.ReadUnamePwdFromExcel" name="ReadFromExcel" time="0.0"/>
  <testcase classname="ECommerce.tests.ReadUnamePwdFromExcel" name="ReadFromExcel" time="0.0"/>
  <testcase classname="ECommerce.tests.ReadUnamePwdFromExcel" name="ReadFromExcel" time="0.0"/>
  <testcase classname="ECommerce.tests.ReadUnamePwdFromExcel" name="ReadFromExcel" time="0.0"/>
  <testcase classname="ECommerce.tests.ReadUnamePwdFromExcel" name="ReadFromExcel" time="0.001"/>
  <testcase classname="ECommerce.tests.ReadUnamePwdFromExcel" name="ReadFromExcel" time="0.0"/>
  <testcase classname="ECommerce.tests.ReadUnamePwdFromExcel" name="ReadFromExcel" time="0.0"/>
  <testcase classname="ECommerce.tests.ReadUnamePwdFromExcel" name="ReadFromExcel" time="0.0"/>
  <testcase classname="ECommerce.tests.ReadUnamePwdFromExcel" name="ReadFromExcel" time="0.0"/>
  <testcase classname="ECommerce.tests.ReadUnamePwdFromExcel" name="ReadFromExcel" time="0.0"/>
  <testcase classname="ECommerce.tests.ReadUnamePwdFromExcel" name="ReadFromExcel" time="0.0"/>
  <testcase classname="ECommerce.tests.ReadUnamePwdFromExcel" name="ReadFromExcel" time="0.0"/>
  <testcase classname="ECommerce.tests.ReadUnamePwdFromExcel" name="ReadFromExcel" time="0.0"/>
  <testcase classname="ECommerce.tests.ReadUnamePwdFromExcel" name="ReadFromExcel" time="0.0"/>
  <testcase classname="ECommerce.tests.ReadUnamePwdFromExcel" name="ReadFromExcel" time="0.0"/>
  <testcase classname="ECommerce.tests.ReadUnamePwdFromExcel" name="ReadFromExcel" time="0.0"/>
  <testcase classname="ECommerce.tests.ReadUnamePwdFromExcel" name="ReadFromExcel" time="0.0"/>
  <testcase classname="ECommerce.tests.ReadUnamePwdFromExcel" name="ReadFromExcel" time="0.0"/>
  <testcase classname="ECommerce.tests.ReadUnamePwdFromExcel" name="ReadFromExcel" time="0.0"/>
  <testcase classname="ECommerce.tests.ReadUnamePwdFromExcel" name="ReadFromExcel" time="0.0"/>
  <testcase classname="ECommerce.tests.ReadUnamePwdFromExcel" name="ReadFromExcel" time="0.0"/>
  <testcase classname="ECommerce.tests.ReadUnamePwdFromExcel" name="ReadFromExcel" time="0.0"/>
  <testcase classname="ECommerce.tests.ReadUnamePwdFromExcel" name="ReadFromExcel" time="0.0"/>
  <testcase classname="ECommerce.tests.ReadUnamePwdFromExcel" name="ReadFromExcel" time="0.0"/>
  <testcase classname="ECommerce.tests.ReadUnamePwdFromExcel" name="ReadFromExcel" time="0.0"/>
  <testcase classname="ECommerce.tests.ReadUnamePwdFromExcel" name="ReadFromExcel" time="0.0"/>
  <testcase classname="ECommerce.tests.ReadUnamePwdFromExcel" name="ReadFromExcel" time="0.0"/>
  <testcase classname="ECommerce.tests.ReadUnamePwdFromExcel" name="ReadFromExcel" time="0.0"/>
  <testcase classname="ECommerce.tests.ReadUnamePwdFromExcel" name="ReadFromExcel" time="0.001"/>
  <testcase classname="ECommerce.tests.ReadUnamePwdFromExcel" name="ReadFromExcel" time="0.0"/>
  <testcase classname="ECommerce.tests.ReadUnamePwdFromExcel" name="ReadFromExcel" time="0.0"/>
  <testcase classname="ECommerce.tests.ReadUnamePwdFromExcel" name="ReadFromExcel" time="0.0"/>
  <testcase classname="ECommerce.tests.ReadUnamePwdFromExcel" name="ReadFromExcel" time="0.0"/>
  <testcase classname="ECommerce.tests.ReadUnamePwdFromExcel" name="ReadFromExcel" time="0.0"/>
  <testcase classname="ECommerce.tests.ReadUnamePwdFromExcel" name="ReadFromExcel" time="0.0"/>
  <testcase classname="ECommerce.tests.ReadUnamePwdFromExcel" name="ReadFromExcel" time="0.0"/>
  <testcase classname="ECommerce.tests.ReadUnamePwdFromExcel" name="ReadFromExcel" time="0.0"/>
  <testcase classname="ECommerce.tests.ReadUnamePwdFromExcel" name="ReadFromExcel" time="0.002"/>
  <testcase classname="ECommerce.tests.ReadUnamePwdFromExcel" name="ReadFromExcel" time="0.0"/>
  <testcase classname="ECommerce.tests.ReadUnamePwdFromExcel" name="ReadFromExcel" time="0.0"/>
  <testcase classname="ECommerce.tests.ReadUnamePwdFromExcel" name="ReadFromExcel" time="0.0"/>
  <testcase classname="ECommerce.tests.ReadUnamePwdFromExcel" name="ReadFromExcel" time="0.001"/>
  <testcase classname="ECommerce.tests.ReadUnamePwdFromExcel" name="ReadFromExcel" time="0.0"/>
  <testcase classname="ECommerce.tests.ReadUnamePwdFromExcel" name="ReadFromExcel" time="0.0"/>
  <testcase classname="ECommerce.tests.ReadUnamePwdFromExcel" name="ReadFromExcel" time="0.0"/>
  <testcase classname="ECommerce.tests.ReadUnamePwdFromExcel" name="ReadFromExcel" time="0.0"/>
  <testcase classname="ECommerce.tests.ReadUnamePwdFromExcel" name="ReadFromExcel" time="0.0"/>
  <testcase classname="ECommerce.tests.ReadUnamePwdFromExcel" name="ReadFromExcel" time="0.0"/>
  <testcase classname="ECommerce.tests.ReadUnamePwdFromExcel" name="ReadFromExcel" time="0.0"/>
  <testcase classname="ECommerce.tests.ReadUnamePwdFromExcel" name="ReadFromExcel" time="0.0"/>
  <testcase classname="ECommerce.tests.ReadUnamePwdFromExcel" name="ReadFromExcel" time="0.0"/>
  <testcase classname="ECommerce.tests.ReadUnamePwdFromExcel" name="ReadFromExcel" time="0.0"/>
  <testcase classname="ECommerce.tests.ReadUnamePwdFromExcel" name="ReadFromExcel" time="0.0"/>
  <testcase classname="ECommerce.tests.ReadUnamePwdFromExcel" name="ReadFromExcel" time="0.0"/>
  <testcase classname="ECommerce.tests.ReadUnamePwdFromExcel" name="ReadFromExcel" time="0.0"/>
  <testcase classname="ECommerce.tests.ReadUnamePwdFromExcel" name="ReadFromExcel" time="0.001"/>
  <testcase classname="ECommerce.tests.ReadUnamePwdFromExcel" name="ReadFromExcel" time="0.0"/>
  <testcase classname="ECommerce.tests.ReadUnamePwdFromExcel" name="ReadFromExcel" time="0.0"/>
  <testcase classname="ECommerce.tests.ReadUnamePwdFromExcel" name="ReadFromExcel" time="0.0"/>
  <testcase classname="ECommerce.tests.ReadUnamePwdFromExcel" name="ReadFromExcel" time="0.0"/>
  <testcase classname="ECommerce.tests.ReadUnamePwdFromExcel" name="ReadFromExcel" time="0.001"/>
  <testcase classname="ECommerce.tests.ReadUnamePwdFromExcel" name="ReadFromExcel" time="0.0"/>
  <testcase classname="ECommerce.tests.ReadUnamePwdFromExcel" name="ReadFromExcel" time="0.0"/>
  <testcase classname="ECommerce.tests.ReadUnamePwdFromExcel" name="ReadFromExcel" time="0.0"/>
  <testcase classname="ECommerce.tests.ReadUnamePwdFromExcel" name="ReadFromExcel" time="0.0"/>
  <testcase classname="ECommerce.tests.ReadUnamePwdFromExcel" name="ReadFromExcel" time="0.0"/>
  <testcase classname="ECommerce.tests.ReadUnamePwdFromExcel" name="ReadFromExcel" time="0.0"/>
  <testcase classname="ECommerce.tests.ReadUnamePwdFromExcel" name="ReadFromExcel" time="0.002"/>
  <testcase classname="ECommerce.tests.ReadUnamePwdFromExcel" name="ReadFromExcel" time="0.0"/>
  <testcase classname="ECommerce.tests.ReadUnamePwdFromExcel" name="ReadFromExcel" time="0.0"/>
  <testcase classname="ECommerce.tests.ReadUnamePwdFromExcel" name="ReadFromExcel" time="0.0"/>
  <testcase classname="ECommerce.tests.ReadUnamePwdFromExcel" name="ReadFromExcel" time="0.001"/>
  <testcase classname="ECommerce.tests.ReadUnamePwdFromExcel" name="ReadFromExcel" time="0.0"/>
  <testcase classname="ECommerce.tests.ReadUnamePwdFromExcel" name="ReadFromExcel" time="0.0"/>
  <testcase classname="ECommerce.tests.ReadUnamePwdFromExcel" name="ReadFromExcel" time="0.0"/>
  <testcase classname="ECommerce.tests.ReadUnamePwdFromExcel" name="ReadFromExcel" time="0.001"/>
  <testcase classname="ECommerce.tests.ReadUnamePwdFromExcel" name="ReadFromExcel" time="0.0"/>
  <testcase classname="ECommerce.tests.ReadUnamePwdFromExcel" name="ReadFromExcel" time="0.0"/>
  <testcase classname="ECommerce.tests.ReadUnamePwdFromExcel" name="ReadFromExcel" time="0.0"/>
  <testcase classname="ECommerce.tests.ReadUnamePwdFromExcel" name="ReadFromExcel" time="0.0"/>
  <testcase classname="ECommerce.tests.ReadUnamePwdFromExcel" name="ReadFromExcel" time="0.001"/>
  <testcase classname="ECommerce.tests.ReadUnamePwdFromExcel" name="ReadFromExcel" time="0.0"/>
  <testcase classname="ECommerce.tests.ReadUnamePwdFromExcel" name="ReadFromExcel" time="0.0"/>
  <testcase classname="ECommerce.tests.ReadUnamePwdFromExcel" name="ReadFromExcel" time="0.0"/>
  <testcase classname="ECommerce.tests.ReadUnamePwdFromExcel" name="ReadFromExcel" time="0.0"/>
  <testcase classname="ECommerce.tests.ReadUnamePwdFromExcel" name="ReadFromExcel" time="0.0"/>
  <testcase classname="ECommerce.tests.ReadUnamePwdFromExcel" name="ReadFromExcel" time="0.0"/>
  <testcase classname="ECommerce.tests.ReadUnamePwdFromExcel" name="ReadFromExcel" time="0.0"/>
  <testcase classname="ECommerce.tests.ReadUnamePwdFromExcel" name="ReadFromExcel" time="0.0"/>
  <testcase classname="ECommerce.tests.ReadUnamePwdFromExcel" name="ReadFromExcel" time="0.001"/>
  <testcase classname="ECommerce.tests.ReadUnamePwdFromExcel" name="ReadFromExcel" time="0.0"/>
  <testcase classname="ECommerce.tests.ReadUnamePwdFromExcel" name="ReadFromExcel" time="0.0"/>
  <testcase classname="ECommerce.tests.ReadUnamePwdFromExcel" name="ReadFromExcel" time="0.0"/>
  <testcase classname="ECommerce.tests.ReadUnamePwdFromExcel" name="ReadFromExcel" time="0.001"/>
  <testcase classname="ECommerce.tests.ReadUnamePwdFromExcel" name="ReadFromExcel" time="0.0"/>
  <testcase classname="ECommerce.tests.ReadUnamePwdFromExcel" name="ReadFromExcel" time="0.0"/>
  <testcase classname="ECommerce.tests.ReadUnamePwdFromExcel" name="ReadFromExcel" time="0.0"/>
  <testcase classname="ECommerce.tests.ReadUnamePwdFromExcel" name="ReadFromExcel" time="0.001"/>
  <testcase classname="ECommerce.tests.ReadUnamePwdFromExcel" name="ReadFromExcel" time="0.0"/>
  <testcase classname="ECommerce.tests.ReadUnamePwdFromExcel" name="ReadFromExcel" time="0.0"/>
  <testcase classname="ECommerce.tests.ReadUnamePwdFromExcel" name="ReadFromExcel" time="0.0"/>
  <testcase classname="ECommerce.tests.ReadUnamePwdFromExcel" name="ReadFromExcel" time="0.0"/>
  <testcase classname="ECommerce.tests.ReadUnamePwdFromExcel" name="ReadFromExcel" time="0.001"/>
  <testcase classname="ECommerce.tests.ReadUnamePwdFromExcel" name="ReadFromExcel" time="0.0"/>
  <testcase classname="ECommerce.tests.ReadUnamePwdFromExcel" name="ReadFromExcel" time="0.0"/>
  <testcase classname="ECommerce.tests.ReadUnamePwdFromExcel" name="ReadFromExcel" time="0.0"/>
  <testcase classname="ECommerce.tests.ReadUnamePwdFromExcel" name="ReadFromExcel" time="0.0"/>
  <testcase classname="ECommerce.tests.ReadUnamePwdFromExcel" name="ReadFromExcel" time="0.0"/>
  <testcase classname="ECommerce.tests.ReadUnamePwdFromExcel" name="ReadFromExcel" time="0.001"/>
  <testcase classname="ECommerce.tests.ReadUnamePwdFromExcel" name="ReadFromExcel" time="0.0"/>
  <testcase classname="ECommerce.tests.ReadUnamePwdFromExcel" name="ReadFromExcel" time="0.0"/>
  <testcase classname="ECommerce.tests.ReadUnamePwdFromExcel" name="ReadFromExcel" time="0.002"/>
  <testcase classname="ECommerce.tests.ReadUnamePwdFromExcel" name="ReadFromExcel" time="0.0"/>
  <testcase classname="ECommerce.tests.ReadUnamePwdFromExcel" name="ReadFromExcel" time="0.0"/>
  <testcase classname="ECommerce.tests.ReadUnamePwdFromExcel" name="ReadFromExcel" time="0.0"/>
  <testcase classname="ECommerce.tests.ReadUnamePwdFromExcel" name="ReadFromExcel" time="0.0"/>
  <testcase classname="ECommerce.tests.ReadUnamePwdFromExcel" name="ReadFromExcel" time="0.0"/>
  <testcase classname="ECommerce.tests.ReadUnamePwdFromExcel" name="ReadFromExcel" time="0.0"/>
  <testcase classname="ECommerce.tests.ReadUnamePwdFromExcel" name="ReadFromExcel" time="0.0"/>
  <testcase classname="ECommerce.tests.ReadUnamePwdFromExcel" name="ReadFromExcel" time="0.0"/>
  <testcase classname="ECommerce.tests.ReadUnamePwdFromExcel" name="ReadFromExcel" time="0.001"/>
  <testcase classname="ECommerce.tests.ReadUnamePwdFromExcel" name="ReadFromExcel" time="0.0"/>
  <testcase classname="ECommerce.tests.ReadUnamePwdFromExcel" name="ReadFromExcel" time="0.0"/>
  <testcase classname="ECommerce.tests.ReadUnamePwdFromExcel" name="ReadFromExcel" time="0.0"/>
  <testcase classname="ECommerce.tests.ReadUnamePwdFromExcel" name="ReadFromExcel" time="0.0"/>
  <testcase classname="ECommerce.tests.ReadUnamePwdFromExcel" name="ReadFromExcel" time="0.0"/>
  <testcase classname="ECommerce.tests.ReadUnamePwdFromExcel" name="ReadFromExcel" time="0.0"/>
  <testcase classname="ECommerce.tests.ReadUnamePwdFromExcel" name="ReadFromExcel" time="0.001"/>
  <testcase classname="ECommerce.tests.ReadUnamePwdFromExcel" name="ReadFromExcel" time="0.0"/>
  <testcase classname="ECommerce.tests.ReadUnamePwdFromExcel" name="ReadFromExcel" time="0.001"/>
  <testcase classname="ECommerce.tests.ReadUnamePwdFromExcel" name="ReadFromExcel" time="0.0"/>
  <testcase classname="ECommerce.tests.ReadUnamePwdFromExcel" name="ReadFromExcel" time="0.0"/>
  <testcase classname="ECommerce.tests.ReadUnamePwdFromExcel" name="ReadFromExcel" time="0.0"/>
  <testcase classname="ECommerce.tests.ReadUnamePwdFromExcel" name="ReadFromExcel" time="0.0"/>
  <testcase classname="ECommerce.tests.ReadUnamePwdFromExcel" name="ReadFromExcel" time="0.0"/>
  <testcase classname="ECommerce.tests.ReadUnamePwdFromExcel" name="ReadFromExcel" time="0.002"/>
  <testcase classname="ECommerce.tests.ReadUnamePwdFromExcel" name="ReadFromExcel" time="0.0"/>
  <testcase classname="ECommerce.tests.ReadUnamePwdFromExcel" name="ReadFromExcel" time="0.0"/>
  <testcase classname="ECommerce.tests.ReadUnamePwdFromExcel" name="ReadFromExcel" time="0.0"/>
  <testcase classname="ECommerce.tests.ReadUnamePwdFromExcel" name="ReadFromExcel" time="0.001"/>
  <testcase classname="ECommerce.tests.ReadUnamePwdFromExcel" name="ReadFromExcel" time="0.0"/>
  <testcase classname="ECommerce.tests.ReadUnamePwdFromExcel" name="ReadFromExcel" time="0.0"/>
  <testcase classname="ECommerce.tests.ReadUnamePwdFromExcel" name="ReadFromExcel" time="0.0"/>
  <testcase classname="ECommerce.tests.ReadUnamePwdFromExcel" name="ReadFromExcel" time="0.0"/>
  <testcase classname="ECommerce.tests.ReadUnamePwdFromExcel" name="ReadFromExcel" time="0.001"/>
  <testcase classname="ECommerce.tests.ReadUnamePwdFromExcel" name="ReadFromExcel" time="0.0"/>
  <testcase classname="ECommerce.tests.ReadUnamePwdFromExcel" name="ReadFromExcel" time="0.0"/>
  <testcase classname="ECommerce.tests.ReadUnamePwdFromExcel" name="ReadFromExcel" time="0.0"/>
  <testcase classname="ECommerce.tests.ReadUnamePwdFromExcel" name="ReadFromExcel" time="0.001"/>
  <testcase classname="ECommerce.tests.ReadUnamePwdFromExcel" name="ReadFromExcel" time="0.0"/>
  <testcase classname="ECommerce.tests.ReadUnamePwdFromExcel" name="ReadFromExcel" time="0.0"/>
  <testcase classname="ECommerce.tests.ReadUnamePwdFromExcel" name="ReadFromExcel" time="0.0"/>
  <testcase classname="ECommerce.tests.ReadUnamePwdFromExcel" name="ReadFromExcel" time="0.0"/>
  <testcase classname="ECommerce.tests.ReadUnamePwdFromExcel" name="ReadFromExcel" time="0.0"/>
  <testcase classname="ECommerce.tests.ReadUnamePwdFromExcel" name="ReadFromExcel" time="0.001"/>
  <testcase classname="ECommerce.tests.ReadUnamePwdFromExcel" name="ReadFromExcel" time="0.0"/>
  <testcase classname="ECommerce.tests.ReadUnamePwdFromExcel" name="ReadFromExcel" time="0.0"/>
  <testcase classname="ECommerce.tests.ReadUnamePwdFromExcel" name="ReadFromExcel" time="0.001"/>
  <testcase classname="ECommerce.tests.ReadUnamePwdFromExcel" name="ReadFromExcel" time="0.0"/>
  <testcase classname="ECommerce.tests.ReadUnamePwdFromExcel" name="ReadFromExcel" time="0.0"/>
  <testcase classname="ECommerce.tests.ReadUnamePwdFromExcel" name="ReadFromExcel" time="0.0"/>
  <testcase classname="ECommerce.tests.ReadUnamePwdFromExcel" name="ReadFromExcel" time="0.0"/>
  <testcase classname="ECommerce.tests.ReadUnamePwdFromExcel" name="ReadFromExcel" time="0.0"/>
  <testcase classname="ECommerce.tests.ReadUnamePwdFromExcel" name="ReadFromExcel" time="0.0"/>
  <testcase classname="ECommerce.tests.ReadUnamePwdFromExcel" name="ReadFromExcel" time="0.0"/>
  <testcase classname="ECommerce.tests.ReadUnamePwdFromExcel" name="ReadFromExcel" time="0.0"/>
  <testcase classname="ECommerce.tests.ReadUnamePwdFromExcel" name="ReadFromExcel" time="0.0"/>
  <testcase classname="ECommerce.tests.ReadUnamePwdFromExcel" name="ReadFromExcel" time="0.0"/>
  <testcase classname="ECommerce.tests.ReadUnamePwdFromExcel" name="ReadFromExcel" time="0.0"/>
  <testcase classname="ECommerce.tests.ReadUnamePwdFromExcel" name="ReadFromExcel" time="0.0"/>
  <testcase classname="ECommerce.tests.ReadUnamePwdFromExcel" name="ReadFromExcel" time="0.0"/>
  <testcase classname="ECommerce.tests.ReadUnamePwdFromExcel" name="ReadFromExcel" time="0.003"/>
  <testcase classname="ECommerce.tests.ReadUnamePwdFromExcel" name="ReadFromExcel" time="0.0"/>
  <testcase classname="ECommerce.tests.ReadUnamePwdFromExcel" name="ReadFromExcel" time="0.0"/>
  <testcase classname="ECommerce.tests.ReadUnamePwdFromExcel" name="ReadFromExcel" time="0.0"/>
  <testcase classname="ECommerce.tests.ReadUnamePwdFromExcel" name="ReadFromExcel" time="0.0"/>
  <testcase classname="ECommerce.tests.ReadUnamePwdFromExcel" name="ReadFromExcel" time="0.0"/>
  <testcase classname="ECommerce.tests.ReadUnamePwdFromExcel" name="ReadFromExcel" time="0.0"/>
  <testcase classname="ECommerce.tests.ReadUnamePwdFromExcel" name="ReadFromExcel" time="0.001"/>
  <testcase classname="ECommerce.tests.ReadUnamePwdFromExcel" name="ReadFromExcel" time="0.0"/>
  <testcase classname="ECommerce.tests.ReadUnamePwdFromExcel" name="ReadFromExcel" time="0.0"/>
  <testcase classname="ECommerce.tests.ReadUnamePwdFromExcel" name="ReadFromExcel" time="0.0"/>
  <testcase classname="ECommerce.tests.ReadUnamePwdFromExcel" name="ReadFromExcel" time="0.0"/>
  <testcase classname="ECommerce.tests.ReadUnamePwdFromExcel" name="ReadFromExcel" time="0.0"/>
  <testcase classname="ECommerce.tests.ReadUnamePwdFromExcel" name="ReadFromExcel" time="0.0"/>
  <testcase classname="ECommerce.tests.ReadUnamePwdFromExcel" name="ReadFromExcel" time="0.0"/>
  <testcase classname="ECommerce.tests.ReadUnamePwdFromExcel" name="ReadFromExcel" time="0.0"/>
  <testcase classname="ECommerce.tests.ReadUnamePwdFromExcel" name="ReadFromExcel" time="0.0"/>
  <testcase classname="ECommerce.tests.ReadUnamePwdFromExcel" name="ReadFromExcel" time="0.001"/>
  <testcase classname="ECommerce.tests.ReadUnamePwdFromExcel" name="ReadFromExcel" time="0.0"/>
  <testcase classname="ECommerce.tests.ReadUnamePwdFromExcel" name="ReadFromExcel" time="0.0"/>
  <testcase classname="ECommerce.tests.ReadUnamePwdFromExcel" name="ReadFromExcel" time="0.0"/>
  <testcase classname="ECommerce.tests.ReadUnamePwdFromExcel" name="ReadFromExcel" time="0.0"/>
  <testcase classname="ECommerce.tests.ReadUnamePwdFromExcel" name="ReadFromExcel" time="0.001"/>
  <testcase classname="ECommerce.tests.ReadUnamePwdFromExcel" name="ReadFromExcel" time="0.0"/>
  <testcase classname="ECommerce.tests.ReadUnamePwdFromExcel" name="ReadFromExcel" time="0.001"/>
  <testcase classname="ECommerce.tests.ReadUnamePwdFromExcel" name="ReadFromExcel" time="0.0"/>
  <testcase classname="ECommerce.tests.ReadUnamePwdFromExcel" name="ReadFromExcel" time="0.0"/>
  <testcase classname="ECommerce.tests.ReadUnamePwdFromExcel" name="ReadFromExcel" time="0.0"/>
  <testcase classname="ECommerce.tests.ReadUnamePwdFromExcel" name="ReadFromExcel" time="0.0"/>
  <testcase classname="ECommerce.tests.ReadUnamePwdFromExcel" name="ReadFromExcel" time="0.0"/>
  <testcase classname="ECommerce.tests.ReadUnamePwdFromExcel" name="ReadFromExcel" time="0.001"/>
  <testcase classname="ECommerce.tests.ReadUnamePwdFromExcel" name="ReadFromExcel" time="0.0"/>
  <testcase classname="ECommerce.tests.ReadUnamePwdFromExcel" name="ReadFromExcel" time="0.0"/>
  <testcase classname="ECommerce.tests.ReadUnamePwdFromExcel" name="ReadFromExcel" time="0.0"/>
  <testcase classname="ECommerce.tests.ReadUnamePwdFromExcel" name="ReadFromExcel" time="0.0"/>
  <testcase classname="ECommerce.tests.ReadUnamePwdFromExcel" name="ReadFromExcel" time="0.0"/>
  <testcase classname="ECommerce.tests.ReadUnamePwdFromExcel" name="ReadFromExcel" time="0.0"/>
  <testcase classname="ECommerce.tests.ReadUnamePwdFromExcel" name="ReadFromExcel" time="0.001"/>
  <testcase classname="ECommerce.tests.ReadUnamePwdFromExcel" name="ReadFromExcel" time="0.0"/>
  <testcase classname="ECommerce.tests.ReadUnamePwdFromExcel" name="ReadFromExcel" time="0.0"/>
  <testcase classname="ECommerce.tests.ReadUnamePwdFromExcel" name="ReadFromExcel" time="0.018"/>
  <testcase classname="ECommerce.tests.ReadUnamePwdFromExcel" name="ReadFromExcel" time="0.001"/>
  <testcase classname="ECommerce.tests.ReadUnamePwdFromExcel" name="ReadFromExcel" time="0.0"/>
  <testcase classname="ECommerce.tests.ReadUnamePwdFromExcel" name="ReadFromExcel" time="0.0"/>
  <testcase classname="ECommerce.tests.ReadUnamePwdFromExcel" name="ReadFromExcel" time="0.0"/>
  <testcase classname="ECommerce.tests.ReadUnamePwdFromExcel" name="ReadFromExcel" time="0.001"/>
  <testcase classname="ECommerce.tests.ReadUnamePwdFromExcel" name="ReadFromExcel" time="0.0"/>
  <testcase classname="ECommerce.tests.ReadUnamePwdFromExcel" name="ReadFromExcel" time="0.0"/>
  <testcase classname="ECommerce.tests.ReadUnamePwdFromExcel" name="ReadFromExcel" time="0.0"/>
  <testcase classname="ECommerce.tests.ReadUnamePwdFromExcel" name="ReadFromExcel" time="0.0"/>
  <testcase classname="ECommerce.tests.ReadUnamePwdFromExcel" name="ReadFromExcel" time="0.0"/>
  <testcase classname="ECommerce.tests.ReadUnamePwdFromExcel" name="ReadFromExcel" time="0.0"/>
  <testcase classname="ECommerce.tests.ReadUnamePwdFromExcel" name="ReadFromExcel" time="0.001"/>
  <testcase classname="ECommerce.tests.ReadUnamePwdFromExcel" name="ReadFromExcel" time="0.0"/>
  <testcase classname="ECommerce.tests.ReadUnamePwdFromExcel" name="ReadFromExcel" time="0.0"/>
  <testcase classname="ECommerce.tests.ReadUnamePwdFromExcel" name="ReadFromExcel" time="0.0"/>
  <testcase classname="ECommerce.tests.ReadUnamePwdFromExcel" name="ReadFromExcel" time="0.001"/>
  <testcase classname="ECommerce.tests.ReadUnamePwdFromExcel" name="ReadFromExcel" time="0.0"/>
  <testcase classname="ECommerce.tests.ReadUnamePwdFromExcel" name="ReadFromExcel" time="0.0"/>
  <testcase classname="ECommerce.tests.ReadUnamePwdFromExcel" name="ReadFromExcel" time="0.0"/>
  <testcase classname="ECommerce.tests.ReadUnamePwdFromExcel" name="ReadFromExcel" time="0.001"/>
  <testcase classname="ECommerce.tests.ReadUnamePwdFromExcel" name="ReadFromExcel" time="0.0"/>
  <testcase classname="ECommerce.tests.ReadUnamePwdFromExcel" name="ReadFromExcel" time="0.0"/>
  <testcase classname="ECommerce.tests.ReadUnamePwdFromExcel" name="ReadFromExcel" time="0.0"/>
  <testcase classname="ECommerce.tests.ReadUnamePwdFromExcel" name="ReadFromExcel" time="0.0"/>
  <testcase classname="ECommerce.tests.ReadUnamePwdFromExcel" name="ReadFromExcel" time="0.0"/>
  <testcase classname="ECommerce.tests.ReadUnamePwdFromExcel" name="ReadFromExcel" time="0.0"/>
  <testcase classname="ECommerce.tests.ReadUnamePwdFromExcel" name="ReadFromExcel" time="0.0"/>
  <testcase classname="ECommerce.tests.ReadUnamePwdFromExcel" name="ReadFromExcel" time="0.0"/>
  <testcase classname="ECommerce.tests.ReadUnamePwdFromExcel" name="ReadFromExcel" time="0.0"/>
  <testcase classname="ECommerce.tests.ReadUnamePwdFromExcel" name="ReadFromExcel" time="0.0"/>
  <testcase classname="ECommerce.tests.ReadUnamePwdFromExcel" name="ReadFromExcel" time="0.0"/>
  <testcase classname="ECommerce.tests.ReadUnamePwdFromExcel" name="ReadFromExcel" time="0.0"/>
  <testcase classname="ECommerce.tests.ReadUnamePwdFromExcel" name="ReadFromExcel" time="0.0"/>
  <testcase classname="ECommerce.tests.ReadUnamePwdFromExcel" name="ReadFromExcel" time="0.0"/>
  <testcase classname="ECommerce.tests.ReadUnamePwdFromExcel" name="ReadFromExcel" time="0.0"/>
  <testcase classname="ECommerce.tests.ReadUnamePwdFromExcel" name="ReadFromExcel" time="0.0"/>
  <testcase classname="ECommerce.tests.ReadUnamePwdFromExcel" name="ReadFromExcel" time="0.0"/>
  <testcase classname="ECommerce.tests.ReadUnamePwdFromExcel" name="ReadFromExcel" time="0.0"/>
  <testcase classname="ECommerce.tests.ReadUnamePwdFromExcel" name="ReadFromExcel" time="0.0"/>
  <testcase classname="ECommerce.tests.ReadUnamePwdFromExcel" name="ReadFromExcel" time="0.0"/>
  <testcase classname="ECommerce.tests.ReadUnamePwdFromExcel" name="ReadFromExcel" time="0.002"/>
  <testcase classname="ECommerce.tests.ReadUnamePwdFromExcel" name="ReadFromExcel" time="0.0"/>
  <testcase classname="ECommerce.tests.ReadUnamePwdFromExcel" name="ReadFromExcel" time="0.0"/>
  <testcase classname="ECommerce.tests.ReadUnamePwdFromExcel" name="ReadFromExcel" time="0.0"/>
  <testcase classname="ECommerce.tests.ReadUnamePwdFromExcel" name="ReadFromExcel" time="0.0"/>
  <testcase classname="ECommerce.tests.ReadUnamePwdFromExcel" name="ReadFromExcel" time="0.0"/>
  <testcase classname="ECommerce.tests.ReadUnamePwdFromExcel" name="ReadFromExcel" time="0.0"/>
  <testcase classname="ECommerce.tests.ReadUnamePwdFromExcel" name="ReadFromExcel" time="0.0"/>
  <testcase classname="ECommerce.tests.ReadUnamePwdFromExcel" name="ReadFromExcel" time="0.0"/>
  <testcase classname="ECommerce.tests.ReadUnamePwdFromExcel" name="ReadFromExcel" time="0.001"/>
  <testcase classname="ECommerce.tests.ReadUnamePwdFromExcel" name="ReadFromExcel" time="0.0"/>
  <testcase classname="ECommerce.tests.ReadUnamePwdFromExcel" name="ReadFromExcel" time="0.0"/>
  <testcase classname="ECommerce.tests.ReadUnamePwdFromExcel" name="ReadFromExcel" time="0.001"/>
  <testcase classname="ECommerce.tests.ReadUnamePwdFromExcel" name="ReadFromExcel" time="0.0"/>
  <testcase classname="ECommerce.tests.ReadUnamePwdFromExcel" name="ReadFromExcel" time="0.001"/>
  <testcase classname="ECommerce.tests.ReadUnamePwdFromExcel" name="ReadFromExcel" time="0.0"/>
  <testcase classname="ECommerce.tests.ReadUnamePwdFromExcel" name="ReadFromExcel" time="0.0"/>
  <testcase classname="ECommerce.tests.ReadUnamePwdFromExcel" name="ReadFromExcel" time="0.0"/>
  <testcase classname="ECommerce.tests.ReadUnamePwdFromExcel" name="ReadFromExcel" time="0.001"/>
  <testcase classname="ECommerce.tests.ReadUnamePwdFromExcel" name="ReadFromExcel" time="0.0"/>
  <testcase classname="ECommerce.tests.ReadUnamePwdFromExcel" name="ReadFromExcel" time="0.001"/>
  <testcase classname="ECommerce.tests.ReadUnamePwdFromExcel" name="ReadFromExcel" time="0.001"/>
  <testcase classname="ECommerce.tests.ReadUnamePwdFromExcel" name="ReadFromExcel" time="0.001"/>
</testsuite> <!-- Default test -->
